{"meta": {"format": 3, "version": "7.10.6", "timestamp": "2025-09-04T23:42:27.709657", "branch_coverage": false, "show_contexts": false}, "files": {"src\\__init__.py": {"executed_lines": [], "summary": {"covered_lines": 0, "num_statements": 3, "percent_covered": 0.0, "percent_covered_display": "0.00", "missing_lines": 3, "excluded_lines": 0}, "missing_lines": [6, 7, 8], "excluded_lines": [], "functions": {"": {"executed_lines": [], "summary": {"covered_lines": 0, "num_statements": 3, "percent_covered": 0.0, "percent_covered_display": "0.00", "missing_lines": 3, "excluded_lines": 0}, "missing_lines": [6, 7, 8], "excluded_lines": []}}, "classes": {"": {"executed_lines": [], "summary": {"covered_lines": 0, "num_statements": 3, "percent_covered": 0.0, "percent_covered_display": "0.00", "missing_lines": 3, "excluded_lines": 0}, "missing_lines": [6, 7, 8], "excluded_lines": []}}}, "src\\automation\\__init__.py": {"executed_lines": [], "summary": {"covered_lines": 0, "num_statements": 3, "percent_covered": 0.0, "percent_covered_display": "0.00", "missing_lines": 3, "excluded_lines": 0}, "missing_lines": [6, 7, 8], "excluded_lines": [], "functions": {"": {"executed_lines": [], "summary": {"covered_lines": 0, "num_statements": 3, "percent_covered": 0.0, "percent_covered_display": "0.00", "missing_lines": 3, "excluded_lines": 0}, "missing_lines": [6, 7, 8], "excluded_lines": []}}, "classes": {"": {"executed_lines": [], "summary": {"covered_lines": 0, "num_statements": 3, "percent_covered": 0.0, "percent_covered_display": "0.00", "missing_lines": 3, "excluded_lines": 0}, "missing_lines": [6, 7, 8], "excluded_lines": []}}}, "src\\automation\\automation_controller.py": {"executed_lines": [], "summary": {"covered_lines": 0, "num_statements": 312, "percent_covered": 0.0, "percent_covered_display": "0.00", "missing_lines": 312, "excluded_lines": 0}, "missing_lines": [6, 7, 8, 9, 10, 11, 13, 15, 17, 19, 20, 21, 22, 25, 26, 29, 30, 31, 32, 33, 36, 37, 40, 41, 42, 43, 44, 45, 48, 51, 64, 65, 66, 69, 70, 73, 76, 81, 82, 83, 84, 85, 88, 91, 99, 100, 103, 104, 106, 108, 118, 119, 120, 123, 124, 125, 128, 129, 130, 131, 134, 135, 136, 137, 138, 140, 141, 144, 145, 148, 149, 152, 153, 155, 156, 158, 164, 165, 166, 169, 172, 173, 176, 177, 179, 180, 183, 187, 188, 190, 196, 197, 198, 200, 201, 203, 204, 208, 209, 211, 217, 218, 219, 221, 222, 224, 225, 229, 230, 232, 234, 235, 236, 238, 239, 241, 242, 243, 246, 247, 248, 250, 251, 254, 255, 256, 257, 259, 260, 263, 264, 265, 266, 269, 272, 274, 275, 276, 277, 280, 281, 284, 293, 294, 297, 303, 305, 314, 316, 318, 319, 320, 323, 324, 325, 326, 327, 328, 329, 330, 331, 332, 333, 334, 335, 336, 337, 338, 339, 340, 341, 342, 344, 345, 347, 348, 349, 350, 356, 358, 360, 362, 364, 365, 367, 368, 369, 370, 372, 373, 375, 377, 378, 381, 382, 383, 384, 386, 387, 388, 390, 393, 395, 396, 397, 399, 400, 401, 403, 404, 405, 407, 409, 410, 411, 413, 415, 417, 418, 419, 421, 422, 423, 425, 426, 427, 429, 431, 432, 433, 435, 437, 438, 439, 440, 442, 443, 444, 446, 448, 449, 450, 451, 453, 454, 455, 457, 459, 462, 463, 464, 465, 466, 468, 469, 471, 473, 474, 475, 477, 478, 479, 481, 485, 486, 488, 490, 491, 492, 494, 495, 496, 498, 500, 501, 502, 503, 504, 506, 507, 508, 510, 511, 512, 514, 516, 517, 519, 520, 521, 523, 524, 525, 527, 529, 531, 533, 534, 536, 538, 540, 546, 547, 549, 555, 557, 563, 565, 571, 583, 589, 607], "excluded_lines": [], "functions": {"AutomationController.__init__": {"executed_lines": [], "summary": {"covered_lines": 0, "num_statements": 19, "percent_covered": 0.0, "percent_covered_display": "0.00", "missing_lines": 19, "excluded_lines": 0}, "missing_lines": [64, 65, 66, 69, 70, 73, 76, 81, 82, 83, 84, 85, 88, 91, 99, 100, 103, 104, 106], "excluded_lines": []}, "AutomationController.start_task": {"executed_lines": [], "summary": {"covered_lines": 0, "num_statements": 25, "percent_covered": 0.0, "percent_covered_display": "0.00", "missing_lines": 25, "excluded_lines": 0}, "missing_lines": [118, 119, 120, 123, 124, 125, 128, 129, 130, 131, 134, 135, 136, 137, 138, 140, 141, 144, 145, 148, 149, 152, 153, 155, 156], "excluded_lines": []}, "AutomationController.stop_task": {"executed_lines": [], "summary": {"covered_lines": 0, "num_statements": 13, "percent_covered": 0.0, "percent_covered_display": "0.00", "missing_lines": 13, "excluded_lines": 0}, "missing_lines": [164, 165, 166, 169, 172, 173, 176, 177, 179, 180, 183, 187, 188], "excluded_lines": []}, "AutomationController.pause_task": {"executed_lines": [], "summary": {"covered_lines": 0, "num_statements": 9, "percent_covered": 0.0, "percent_covered_display": "0.00", "missing_lines": 9, "excluded_lines": 0}, "missing_lines": [196, 197, 198, 200, 201, 203, 204, 208, 209], "excluded_lines": []}, "AutomationController.resume_task": {"executed_lines": [], "summary": {"covered_lines": 0, "num_statements": 9, "percent_covered": 0.0, "percent_covered_display": "0.00", "missing_lines": 9, "excluded_lines": 0}, "missing_lines": [217, 218, 219, 221, 222, 224, 225, 229, 230], "excluded_lines": []}, "AutomationController._execute_task": {"executed_lines": [], "summary": {"covered_lines": 0, "num_statements": 36, "percent_covered": 0.0, "percent_covered_display": "0.00", "missing_lines": 36, "excluded_lines": 0}, "missing_lines": [234, 235, 236, 238, 239, 241, 242, 243, 246, 247, 248, 250, 251, 254, 255, 256, 257, 259, 260, 263, 264, 265, 266, 269, 272, 274, 275, 276, 277, 280, 281, 284, 293, 294, 297, 303], "excluded_lines": []}, "AutomationController._execute_action": {"executed_lines": [], "summary": {"covered_lines": 0, "num_statements": 32, "percent_covered": 0.0, "percent_covered_display": "0.00", "missing_lines": 32, "excluded_lines": 0}, "missing_lines": [314, 316, 318, 319, 320, 323, 324, 325, 326, 327, 328, 329, 330, 331, 332, 333, 334, 335, 336, 337, 338, 339, 340, 341, 342, 344, 345, 347, 348, 349, 350, 356], "excluded_lines": []}, "AutomationController._execute_click": {"executed_lines": [], "summary": {"covered_lines": 0, "num_statements": 20, "percent_covered": 0.0, "percent_covered_display": "0.00", "missing_lines": 20, "excluded_lines": 0}, "missing_lines": [360, 362, 364, 365, 367, 368, 369, 370, 372, 373, 375, 377, 378, 381, 382, 383, 384, 386, 387, 388], "excluded_lines": []}, "AutomationController._execute_double_click": {"executed_lines": [], "summary": {"covered_lines": 0, "num_statements": 14, "percent_covered": 0.0, "percent_covered_display": "0.00", "missing_lines": 14, "excluded_lines": 0}, "missing_lines": [393, 395, 396, 397, 399, 400, 401, 403, 404, 405, 407, 409, 410, 411], "excluded_lines": []}, "AutomationController._execute_right_click": {"executed_lines": [], "summary": {"covered_lines": 0, "num_statements": 14, "percent_covered": 0.0, "percent_covered_display": "0.00", "missing_lines": 14, "excluded_lines": 0}, "missing_lines": [415, 417, 418, 419, 421, 422, 423, 425, 426, 427, 429, 431, 432, 433], "excluded_lines": []}, "AutomationController._execute_key_press": {"executed_lines": [], "summary": {"covered_lines": 0, "num_statements": 7, "percent_covered": 0.0, "percent_covered_display": "0.00", "missing_lines": 7, "excluded_lines": 0}, "missing_lines": [437, 438, 439, 440, 442, 443, 444], "excluded_lines": []}, "AutomationController._execute_key_combination": {"executed_lines": [], "summary": {"covered_lines": 0, "num_statements": 7, "percent_covered": 0.0, "percent_covered_display": "0.00", "missing_lines": 7, "excluded_lines": 0}, "missing_lines": [448, 449, 450, 451, 453, 454, 455], "excluded_lines": []}, "AutomationController._execute_wait": {"executed_lines": [], "summary": {"covered_lines": 0, "num_statements": 8, "percent_covered": 0.0, "percent_covered_display": "0.00", "missing_lines": 8, "excluded_lines": 0}, "missing_lines": [459, 462, 463, 464, 465, 466, 468, 469], "excluded_lines": []}, "AutomationController._execute_wait_for_template": {"executed_lines": [], "summary": {"covered_lines": 0, "num_statements": 9, "percent_covered": 0.0, "percent_covered_display": "0.00", "missing_lines": 9, "excluded_lines": 0}, "missing_lines": [473, 474, 475, 477, 478, 479, 481, 485, 486], "excluded_lines": []}, "AutomationController._execute_scroll": {"executed_lines": [], "summary": {"covered_lines": 0, "num_statements": 6, "percent_covered": 0.0, "percent_covered_display": "0.00", "missing_lines": 6, "excluded_lines": 0}, "missing_lines": [490, 491, 492, 494, 495, 496], "excluded_lines": []}, "AutomationController._execute_drag": {"executed_lines": [], "summary": {"covered_lines": 0, "num_statements": 11, "percent_covered": 0.0, "percent_covered_display": "0.00", "missing_lines": 11, "excluded_lines": 0}, "missing_lines": [500, 501, 502, 503, 504, 506, 507, 508, 510, 511, 512], "excluded_lines": []}, "AutomationController._execute_type_text": {"executed_lines": [], "summary": {"covered_lines": 0, "num_statements": 8, "percent_covered": 0.0, "percent_covered_display": "0.00", "missing_lines": 8, "excluded_lines": 0}, "missing_lines": [516, 517, 519, 520, 521, 523, 524, 525], "excluded_lines": []}, "AutomationController._wait_with_random_delay": {"executed_lines": [], "summary": {"covered_lines": 0, "num_statements": 6, "percent_covered": 0.0, "percent_covered_display": "0.00", "missing_lines": 6, "excluded_lines": 0}, "missing_lines": [529, 531, 533, 534, 536, 538], "excluded_lines": []}, "AutomationController.add_action": {"executed_lines": [], "summary": {"covered_lines": 0, "num_statements": 2, "percent_covered": 0.0, "percent_covered_display": "0.00", "missing_lines": 2, "excluded_lines": 0}, "missing_lines": [546, 547], "excluded_lines": []}, "AutomationController.get_task_status": {"executed_lines": [], "summary": {"covered_lines": 0, "num_statements": 1, "percent_covered": 0.0, "percent_covered_display": "0.00", "missing_lines": 1, "excluded_lines": 0}, "missing_lines": [555], "excluded_lines": []}, "AutomationController.get_last_run_time": {"executed_lines": [], "summary": {"covered_lines": 0, "num_statements": 1, "percent_covered": 0.0, "percent_covered_display": "0.00", "missing_lines": 1, "excluded_lines": 0}, "missing_lines": [563], "excluded_lines": []}, "AutomationController.get_stats": {"executed_lines": [], "summary": {"covered_lines": 0, "num_statements": 1, "percent_covered": 0.0, "percent_covered_display": "0.00", "missing_lines": 1, "excluded_lines": 0}, "missing_lines": [571], "excluded_lines": []}, "AutomationController.create_simple_actions": {"executed_lines": [], "summary": {"covered_lines": 0, "num_statements": 2, "percent_covered": 0.0, "percent_covered_display": "0.00", "missing_lines": 2, "excluded_lines": 0}, "missing_lines": [589, 607], "excluded_lines": []}, "": {"executed_lines": [], "summary": {"covered_lines": 0, "num_statements": 52, "percent_covered": 0.0, "percent_covered_display": "0.00", "missing_lines": 52, "excluded_lines": 0}, "missing_lines": [6, 7, 8, 9, 10, 11, 13, 15, 17, 19, 20, 21, 22, 25, 26, 29, 30, 31, 32, 33, 36, 37, 40, 41, 42, 43, 44, 45, 48, 51, 108, 158, 190, 211, 232, 305, 358, 390, 413, 435, 446, 457, 471, 488, 498, 514, 527, 540, 549, 557, 565, 583], "excluded_lines": []}}, "classes": {"AutomationAction": {"executed_lines": [], "summary": {"covered_lines": 0, "num_statements": 0, "percent_covered": 100.0, "percent_covered_display": "100.00", "missing_lines": 0, "excluded_lines": 0}, "missing_lines": [], "excluded_lines": []}, "TaskResult": {"executed_lines": [], "summary": {"covered_lines": 0, "num_statements": 0, "percent_covered": 100.0, "percent_covered_display": "100.00", "missing_lines": 0, "excluded_lines": 0}, "missing_lines": [], "excluded_lines": []}, "AutomationController": {"executed_lines": [], "summary": {"covered_lines": 0, "num_statements": 260, "percent_covered": 0.0, "percent_covered_display": "0.00", "missing_lines": 260, "excluded_lines": 0}, "missing_lines": [64, 65, 66, 69, 70, 73, 76, 81, 82, 83, 84, 85, 88, 91, 99, 100, 103, 104, 106, 118, 119, 120, 123, 124, 125, 128, 129, 130, 131, 134, 135, 136, 137, 138, 140, 141, 144, 145, 148, 149, 152, 153, 155, 156, 164, 165, 166, 169, 172, 173, 176, 177, 179, 180, 183, 187, 188, 196, 197, 198, 200, 201, 203, 204, 208, 209, 217, 218, 219, 221, 222, 224, 225, 229, 230, 234, 235, 236, 238, 239, 241, 242, 243, 246, 247, 248, 250, 251, 254, 255, 256, 257, 259, 260, 263, 264, 265, 266, 269, 272, 274, 275, 276, 277, 280, 281, 284, 293, 294, 297, 303, 314, 316, 318, 319, 320, 323, 324, 325, 326, 327, 328, 329, 330, 331, 332, 333, 334, 335, 336, 337, 338, 339, 340, 341, 342, 344, 345, 347, 348, 349, 350, 356, 360, 362, 364, 365, 367, 368, 369, 370, 372, 373, 375, 377, 378, 381, 382, 383, 384, 386, 387, 388, 393, 395, 396, 397, 399, 400, 401, 403, 404, 405, 407, 409, 410, 411, 415, 417, 418, 419, 421, 422, 423, 425, 426, 427, 429, 431, 432, 433, 437, 438, 439, 440, 442, 443, 444, 448, 449, 450, 451, 453, 454, 455, 459, 462, 463, 464, 465, 466, 468, 469, 473, 474, 475, 477, 478, 479, 481, 485, 486, 490, 491, 492, 494, 495, 496, 500, 501, 502, 503, 504, 506, 507, 508, 510, 511, 512, 516, 517, 519, 520, 521, 523, 524, 525, 529, 531, 533, 534, 536, 538, 546, 547, 555, 563, 571, 589, 607], "excluded_lines": []}, "": {"executed_lines": [], "summary": {"covered_lines": 0, "num_statements": 52, "percent_covered": 0.0, "percent_covered_display": "0.00", "missing_lines": 52, "excluded_lines": 0}, "missing_lines": [6, 7, 8, 9, 10, 11, 13, 15, 17, 19, 20, 21, 22, 25, 26, 29, 30, 31, 32, 33, 36, 37, 40, 41, 42, 43, 44, 45, 48, 51, 108, 158, 190, 211, 232, 305, 358, 390, 413, 435, 446, 457, 471, 488, 498, 514, 527, 540, 549, 557, 565, 583], "excluded_lines": []}}}, "src\\config\\__init__.py": {"executed_lines": [], "summary": {"covered_lines": 0, "num_statements": 2, "percent_covered": 0.0, "percent_covered_display": "0.00", "missing_lines": 2, "excluded_lines": 0}, "missing_lines": [6, 8], "excluded_lines": [], "functions": {"": {"executed_lines": [], "summary": {"covered_lines": 0, "num_statements": 2, "percent_covered": 0.0, "percent_covered_display": "0.00", "missing_lines": 2, "excluded_lines": 0}, "missing_lines": [6, 8], "excluded_lines": []}}, "classes": {"": {"executed_lines": [], "summary": {"covered_lines": 0, "num_statements": 2, "percent_covered": 0.0, "percent_covered_display": "0.00", "missing_lines": 2, "excluded_lines": 0}, "missing_lines": [6, 8], "excluded_lines": []}}}, "src\\config\\database_config.py": {"executed_lines": [], "summary": {"covered_lines": 0, "num_statements": 65, "percent_covered": 0.0, "percent_covered_display": "0.00", "missing_lines": 65, "excluded_lines": 0}, "missing_lines": [6, 7, 8, 11, 12, 15, 18, 19, 21, 27, 28, 31, 34, 43, 44, 47, 48, 49, 52, 53, 56, 58, 61, 70, 71, 73, 76, 85, 86, 88, 91, 94, 95, 96, 97, 99, 100, 102, 107, 108, 110, 114, 116, 117, 119, 121, 123, 132, 133, 135, 137, 138, 139, 143, 146, 149, 150, 151, 154, 157, 161, 170, 171, 172, 173], "excluded_lines": [], "functions": {"get_project_root": {"executed_lines": [], "summary": {"covered_lines": 0, "num_statements": 6, "percent_covered": 0.0, "percent_covered_display": "0.00", "missing_lines": 6, "excluded_lines": 0}, "missing_lines": [18, 19, 21, 27, 28, 31], "excluded_lines": []}, "get_database_path": {"executed_lines": [], "summary": {"covered_lines": 0, "num_statements": 9, "percent_covered": 0.0, "percent_covered_display": "0.00", "missing_lines": 9, "excluded_lines": 0}, "missing_lines": [43, 44, 47, 48, 49, 52, 53, 56, 58], "excluded_lines": []}, "get_database_url": {"executed_lines": [], "summary": {"covered_lines": 0, "num_statements": 3, "percent_covered": 0.0, "percent_covered_display": "0.00", "missing_lines": 3, "excluded_lines": 0}, "missing_lines": [70, 71, 73], "excluded_lines": []}, "get_async_database_url": {"executed_lines": [], "summary": {"covered_lines": 0, "num_statements": 3, "percent_covered": 0.0, "percent_covered_display": "0.00", "missing_lines": 3, "excluded_lines": 0}, "missing_lines": [85, 86, 88], "excluded_lines": []}, "DatabaseConfig.__init__": {"executed_lines": [], "summary": {"covered_lines": 0, "num_statements": 3, "percent_covered": 0.0, "percent_covered_display": "0.00", "missing_lines": 3, "excluded_lines": 0}, "missing_lines": [95, 96, 97], "excluded_lines": []}, "DatabaseConfig.connection_params": {"executed_lines": [], "summary": {"covered_lines": 0, "num_statements": 1, "percent_covered": 0.0, "percent_covered_display": "0.00", "missing_lines": 1, "excluded_lines": 0}, "missing_lines": [102], "excluded_lines": []}, "DatabaseConfig.async_connection_params": {"executed_lines": [], "summary": {"covered_lines": 0, "num_statements": 1, "percent_covered": 0.0, "percent_covered_display": "0.00", "missing_lines": 1, "excluded_lines": 0}, "missing_lines": [110], "excluded_lines": []}, "DatabaseConfig.ensure_database_directory": {"executed_lines": [], "summary": {"covered_lines": 0, "num_statements": 2, "percent_covered": 0.0, "percent_covered_display": "0.00", "missing_lines": 2, "excluded_lines": 0}, "missing_lines": [116, 117], "excluded_lines": []}, "DatabaseConfig.database_exists": {"executed_lines": [], "summary": {"covered_lines": 0, "num_statements": 1, "percent_covered": 0.0, "percent_covered_display": "0.00", "missing_lines": 1, "excluded_lines": 0}, "missing_lines": [121], "excluded_lines": []}, "DatabaseConfig.get_backup_path": {"executed_lines": [], "summary": {"covered_lines": 0, "num_statements": 6, "percent_covered": 0.0, "percent_covered_display": "0.00", "missing_lines": 6, "excluded_lines": 0}, "missing_lines": [132, 133, 135, 137, 138, 139], "excluded_lines": []}, "get_database_config": {"executed_lines": [], "summary": {"covered_lines": 0, "num_statements": 3, "percent_covered": 0.0, "percent_covered_display": "0.00", "missing_lines": 3, "excluded_lines": 0}, "missing_lines": [149, 150, 151], "excluded_lines": []}, "set_database_config": {"executed_lines": [], "summary": {"covered_lines": 0, "num_statements": 1, "percent_covered": 0.0, "percent_covered_display": "0.00", "missing_lines": 1, "excluded_lines": 0}, "missing_lines": [157], "excluded_lines": []}, "init_database_config": {"executed_lines": [], "summary": {"covered_lines": 0, "num_statements": 4, "percent_covered": 0.0, "percent_covered_display": "0.00", "missing_lines": 4, "excluded_lines": 0}, "missing_lines": [170, 171, 172, 173], "excluded_lines": []}, "": {"executed_lines": [], "summary": {"covered_lines": 0, "num_statements": 22, "percent_covered": 0.0, "percent_covered_display": "0.00", "missing_lines": 22, "excluded_lines": 0}, "missing_lines": [6, 7, 8, 11, 12, 15, 34, 61, 76, 91, 94, 99, 100, 107, 108, 114, 119, 123, 143, 146, 154, 161], "excluded_lines": []}}, "classes": {"DatabaseConfig": {"executed_lines": [], "summary": {"covered_lines": 0, "num_statements": 14, "percent_covered": 0.0, "percent_covered_display": "0.00", "missing_lines": 14, "excluded_lines": 0}, "missing_lines": [95, 96, 97, 102, 110, 116, 117, 121, 132, 133, 135, 137, 138, 139], "excluded_lines": []}, "": {"executed_lines": [], "summary": {"covered_lines": 0, "num_statements": 51, "percent_covered": 0.0, "percent_covered_display": "0.00", "missing_lines": 51, "excluded_lines": 0}, "missing_lines": [6, 7, 8, 11, 12, 15, 18, 19, 21, 27, 28, 31, 34, 43, 44, 47, 48, 49, 52, 53, 56, 58, 61, 70, 71, 73, 76, 85, 86, 88, 91, 94, 99, 100, 107, 108, 114, 119, 123, 143, 146, 149, 150, 151, 154, 157, 161, 170, 171, 172, 173], "excluded_lines": []}}}, "src\\config\\error_recovery_strategies.py": {"executed_lines": [], "summary": {"covered_lines": 0, "num_statements": 82, "percent_covered": 0.0, "percent_covered_display": "0.00", "missing_lines": 82, "excluded_lines": 0}, "missing_lines": [6, 7, 8, 10, 11, 12, 15, 18, 19, 20, 21, 22, 23, 24, 27, 28, 31, 32, 33, 36, 37, 38, 39, 40, 41, 44, 47, 50, 53, 56, 57, 60, 61, 62, 63, 66, 67, 68, 71, 74, 75, 76, 78, 82, 130, 187, 247, 309, 360, 407, 443, 445, 447, 449, 451, 453, 454, 455, 456, 457, 459, 463, 469, 473, 479, 483, 493, 495, 526, 528, 530, 531, 532, 534, 536, 537, 540, 541, 544, 545, 547, 561], "excluded_lines": [], "functions": {"ErrorRecoveryConfig.__init__": {"executed_lines": [], "summary": {"covered_lines": 0, "num_statements": 2, "percent_covered": 0.0, "percent_covered_display": "0.00", "missing_lines": 2, "excluded_lines": 0}, "missing_lines": [75, 76], "excluded_lines": []}, "ErrorRecoveryConfig._init_default_strategies": {"executed_lines": [], "summary": {"covered_lines": 0, "num_statements": 7, "percent_covered": 0.0, "percent_covered_display": "0.00", "missing_lines": 7, "excluded_lines": 0}, "missing_lines": [82, 130, 187, 247, 309, 360, 407], "excluded_lines": []}, "ErrorRecoveryConfig.get_strategy": {"executed_lines": [], "summary": {"covered_lines": 0, "num_statements": 1, "percent_covered": 0.0, "percent_covered_display": "0.00", "missing_lines": 1, "excluded_lines": 0}, "missing_lines": [445], "excluded_lines": []}, "ErrorRecoveryConfig.add_strategy": {"executed_lines": [], "summary": {"covered_lines": 0, "num_statements": 1, "percent_covered": 0.0, "percent_covered_display": "0.00", "missing_lines": 1, "excluded_lines": 0}, "missing_lines": [449], "excluded_lines": []}, "ErrorRecoveryConfig.update_strategy": {"executed_lines": [], "summary": {"covered_lines": 0, "num_statements": 5, "percent_covered": 0.0, "percent_covered_display": "0.00", "missing_lines": 5, "excluded_lines": 0}, "missing_lines": [453, 454, 455, 456, 457], "excluded_lines": []}, "ErrorRecoveryConfig.get_strategies_by_category": {"executed_lines": [], "summary": {"covered_lines": 0, "num_statements": 1, "percent_covered": 0.0, "percent_covered_display": "0.00", "missing_lines": 1, "excluded_lines": 0}, "missing_lines": [463], "excluded_lines": []}, "ErrorRecoveryConfig.get_strategies_by_severity": {"executed_lines": [], "summary": {"covered_lines": 0, "num_statements": 1, "percent_covered": 0.0, "percent_covered_display": "0.00", "missing_lines": 1, "excluded_lines": 0}, "missing_lines": [473], "excluded_lines": []}, "ErrorRecoveryConfig.get_strategies_by_priority": {"executed_lines": [], "summary": {"covered_lines": 0, "num_statements": 1, "percent_covered": 0.0, "percent_covered_display": "0.00", "missing_lines": 1, "excluded_lines": 0}, "missing_lines": [483], "excluded_lines": []}, "ErrorRecoveryConfig.export_config": {"executed_lines": [], "summary": {"covered_lines": 0, "num_statements": 1, "percent_covered": 0.0, "percent_covered_display": "0.00", "missing_lines": 1, "excluded_lines": 0}, "missing_lines": [495], "excluded_lines": []}, "ErrorRecoveryConfig.get_summary": {"executed_lines": [], "summary": {"covered_lines": 0, "num_statements": 12, "percent_covered": 0.0, "percent_covered_display": "0.00", "missing_lines": 12, "excluded_lines": 0}, "missing_lines": [528, 530, 531, 532, 534, 536, 537, 540, 541, 544, 545, 547], "excluded_lines": []}, "": {"executed_lines": [], "summary": {"covered_lines": 0, "num_statements": 50, "percent_covered": 0.0, "percent_covered_display": "0.00", "missing_lines": 50, "excluded_lines": 0}, "missing_lines": [6, 7, 8, 10, 11, 12, 15, 18, 19, 20, 21, 22, 23, 24, 27, 28, 31, 32, 33, 36, 37, 38, 39, 40, 41, 44, 47, 50, 53, 56, 57, 60, 61, 62, 63, 66, 67, 68, 71, 74, 78, 443, 447, 451, 459, 469, 479, 493, 526, 561], "excluded_lines": []}}, "classes": {"ErrorCategory": {"executed_lines": [], "summary": {"covered_lines": 0, "num_statements": 0, "percent_covered": 100.0, "percent_covered_display": "100.00", "missing_lines": 0, "excluded_lines": 0}, "missing_lines": [], "excluded_lines": []}, "ErrorRecoveryStrategy": {"executed_lines": [], "summary": {"covered_lines": 0, "num_statements": 0, "percent_covered": 100.0, "percent_covered_display": "100.00", "missing_lines": 0, "excluded_lines": 0}, "missing_lines": [], "excluded_lines": []}, "ErrorRecoveryConfig": {"executed_lines": [], "summary": {"covered_lines": 0, "num_statements": 32, "percent_covered": 0.0, "percent_covered_display": "0.00", "missing_lines": 32, "excluded_lines": 0}, "missing_lines": [75, 76, 82, 130, 187, 247, 309, 360, 407, 445, 449, 453, 454, 455, 456, 457, 463, 473, 483, 495, 528, 530, 531, 532, 534, 536, 537, 540, 541, 544, 545, 547], "excluded_lines": []}, "": {"executed_lines": [], "summary": {"covered_lines": 0, "num_statements": 50, "percent_covered": 0.0, "percent_covered_display": "0.00", "missing_lines": 50, "excluded_lines": 0}, "missing_lines": [6, 7, 8, 10, 11, 12, 15, 18, 19, 20, 21, 22, 23, 24, 27, 28, 31, 32, 33, 36, 37, 38, 39, 40, 41, 44, 47, 50, 53, 56, 57, 60, 61, 62, 63, 66, 67, 68, 71, 74, 78, 443, 447, 451, 459, 469, 479, 493, 526, 561], "excluded_lines": []}}}, "src\\core\\__init__.py": {"executed_lines": [], "summary": {"covered_lines": 0, "num_statements": 5, "percent_covered": 0.0, "percent_covered_display": "0.00", "missing_lines": 5, "excluded_lines": 0}, "missing_lines": [6, 21, 37, 50, 57], "excluded_lines": [], "functions": {"": {"executed_lines": [], "summary": {"covered_lines": 0, "num_statements": 5, "percent_covered": 0.0, "percent_covered_display": "0.00", "missing_lines": 5, "excluded_lines": 0}, "missing_lines": [6, 21, 37, 50, 57], "excluded_lines": []}}, "classes": {"": {"executed_lines": [], "summary": {"covered_lines": 0, "num_statements": 5, "percent_covered": 0.0, "percent_covered_display": "0.00", "missing_lines": 5, "excluded_lines": 0}, "missing_lines": [6, 21, 37, 50, 57], "excluded_lines": []}}}, "src\\core\\action_executor.py": {"executed_lines": [], "summary": {"covered_lines": 0, "num_statements": 366, "percent_covered": 0.0, "percent_covered_display": "0.00", "missing_lines": 366, "excluded_lines": 0}, "missing_lines": [8, 9, 10, 11, 13, 14, 15, 16, 17, 18, 20, 23, 24, 27, 28, 29, 30, 31, 34, 35, 38, 39, 40, 41, 42, 43, 44, 45, 46, 47, 49, 50, 51, 54, 55, 58, 59, 60, 61, 62, 63, 66, 67, 70, 71, 72, 73, 74, 75, 76, 78, 79, 80, 83, 84, 87, 88, 89, 90, 91, 92, 93, 95, 96, 97, 98, 99, 102, 112, 118, 119, 120, 121, 129, 130, 132, 134, 143, 144, 145, 146, 147, 149, 159, 160, 161, 162, 164, 173, 175, 177, 178, 179, 182, 183, 184, 185, 186, 188, 193, 194, 196, 197, 199, 200, 202, 204, 205, 206, 207, 208, 209, 210, 212, 214, 215, 216, 217, 218, 220, 222, 224, 225, 226, 229, 230, 231, 233, 235, 242, 243, 244, 246, 253, 262, 264, 266, 267, 268, 270, 274, 275, 276, 278, 279, 280, 281, 283, 284, 285, 287, 289, 290, 291, 293, 294, 295, 296, 298, 299, 300, 302, 303, 304, 305, 307, 308, 309, 310, 311, 313, 314, 315, 316, 317, 320, 321, 322, 324, 326, 333, 334, 335, 337, 344, 356, 358, 359, 362, 364, 366, 373, 374, 375, 377, 384, 393, 395, 396, 398, 399, 401, 402, 403, 405, 406, 407, 411, 412, 413, 414, 416, 417, 419, 420, 424, 426, 436, 437, 438, 440, 447, 456, 458, 459, 461, 462, 463, 465, 467, 468, 469, 470, 471, 472, 475, 476, 477, 479, 482, 483, 486, 488, 489, 491, 493, 494, 495, 496, 497, 498, 500, 501, 503, 504, 505, 507, 508, 509, 511, 512, 514, 517, 518, 519, 521, 523, 535, 536, 537, 539, 546, 560, 562, 563, 567, 569, 571, 578, 579, 580, 582, 589, 611, 613, 614, 618, 626, 628, 639, 640, 641, 643, 650, 659, 660, 661, 664, 666, 667, 668, 670, 671, 672, 674, 675, 676, 680, 681, 682, 684, 685, 686, 688, 689, 690, 697, 698, 699, 709, 714, 715, 717, 719, 721, 723, 724, 725, 727, 731, 733, 745, 747, 749, 750, 752, 753, 755, 756, 757, 759, 760, 764, 766, 772, 774, 775, 776, 780, 781, 783, 785, 787, 793, 795, 797, 798, 800, 810, 812, 813, 814, 817, 818, 819, 821], "excluded_lines": [], "functions": {"ClickAction.__post_init__": {"executed_lines": [], "summary": {"covered_lines": 0, "num_statements": 2, "percent_covered": 0.0, "percent_covered_display": "0.00", "missing_lines": 2, "excluded_lines": 0}, "missing_lines": [50, 51], "excluded_lines": []}, "WaitAction.__post_init__": {"executed_lines": [], "summary": {"covered_lines": 0, "num_statements": 2, "percent_covered": 0.0, "percent_covered_display": "0.00", "missing_lines": 2, "excluded_lines": 0}, "missing_lines": [79, 80], "excluded_lines": []}, "LoopAction.__post_init__": {"executed_lines": [], "summary": {"covered_lines": 0, "num_statements": 4, "percent_covered": 0.0, "percent_covered_display": "0.00", "missing_lines": 4, "excluded_lines": 0}, "missing_lines": [96, 97, 98, 99], "excluded_lines": []}, "ActionExecutor.__init__": {"executed_lines": [], "summary": {"covered_lines": 0, "num_statements": 7, "percent_covered": 0.0, "percent_covered_display": "0.00", "missing_lines": 7, "excluded_lines": 0}, "missing_lines": [118, 119, 120, 121, 129, 130, 132], "excluded_lines": []}, "ActionExecutor.get_random_offset": {"executed_lines": [], "summary": {"covered_lines": 0, "num_statements": 5, "percent_covered": 0.0, "percent_covered_display": "0.00", "missing_lines": 5, "excluded_lines": 0}, "missing_lines": [143, 144, 145, 146, 147], "excluded_lines": []}, "ActionExecutor.add_random_delay": {"executed_lines": [], "summary": {"covered_lines": 0, "num_statements": 4, "percent_covered": 0.0, "percent_covered_display": "0.00", "missing_lines": 4, "excluded_lines": 0}, "missing_lines": [159, 160, 161, 162], "excluded_lines": []}, "ActionExecutor.execute_click": {"executed_lines": [], "summary": {"covered_lines": 0, "num_statements": 45, "percent_covered": 0.0, "percent_covered_display": "0.00", "missing_lines": 45, "excluded_lines": 0}, "missing_lines": [173, 175, 177, 178, 179, 182, 183, 184, 185, 186, 188, 193, 194, 196, 197, 199, 200, 202, 204, 205, 206, 207, 208, 209, 210, 212, 214, 215, 216, 217, 218, 220, 222, 224, 225, 226, 229, 230, 231, 233, 235, 242, 243, 244, 246], "excluded_lines": []}, "ActionExecutor.execute_key_action": {"executed_lines": [], "summary": {"covered_lines": 0, "num_statements": 50, "percent_covered": 0.0, "percent_covered_display": "0.00", "missing_lines": 50, "excluded_lines": 0}, "missing_lines": [262, 264, 266, 267, 268, 270, 274, 275, 276, 278, 279, 280, 281, 283, 284, 285, 287, 289, 290, 291, 293, 294, 295, 296, 298, 299, 300, 302, 303, 304, 305, 307, 308, 309, 310, 311, 313, 314, 315, 316, 317, 320, 321, 322, 324, 326, 333, 334, 335, 337], "excluded_lines": []}, "ActionExecutor.execute_text_input": {"executed_lines": [], "summary": {"covered_lines": 0, "num_statements": 10, "percent_covered": 0.0, "percent_covered_display": "0.00", "missing_lines": 10, "excluded_lines": 0}, "missing_lines": [356, 358, 359, 362, 364, 366, 373, 374, 375, 377], "excluded_lines": []}, "ActionExecutor.execute_wait": {"executed_lines": [], "summary": {"covered_lines": 0, "num_statements": 25, "percent_covered": 0.0, "percent_covered_display": "0.00", "missing_lines": 25, "excluded_lines": 0}, "missing_lines": [393, 395, 396, 398, 399, 401, 402, 403, 405, 406, 407, 411, 412, 413, 414, 416, 417, 419, 420, 424, 426, 436, 437, 438, 440], "excluded_lines": []}, "ActionExecutor.execute_loop": {"executed_lines": [], "summary": {"covered_lines": 0, "num_statements": 49, "percent_covered": 0.0, "percent_covered_display": "0.00", "missing_lines": 49, "excluded_lines": 0}, "missing_lines": [456, 458, 459, 461, 462, 463, 465, 467, 468, 469, 470, 471, 472, 475, 476, 477, 479, 482, 483, 486, 488, 489, 491, 493, 494, 495, 496, 497, 498, 500, 501, 503, 504, 505, 507, 508, 509, 511, 512, 514, 517, 518, 519, 521, 523, 535, 536, 537, 539], "excluded_lines": []}, "ActionExecutor.execute_scroll": {"executed_lines": [], "summary": {"covered_lines": 0, "num_statements": 10, "percent_covered": 0.0, "percent_covered_display": "0.00", "missing_lines": 10, "excluded_lines": 0}, "missing_lines": [560, 562, 563, 567, 569, 571, 578, 579, 580, 582], "excluded_lines": []}, "ActionExecutor.execute_drag": {"executed_lines": [], "summary": {"covered_lines": 0, "num_statements": 10, "percent_covered": 0.0, "percent_covered_display": "0.00", "missing_lines": 10, "excluded_lines": 0}, "missing_lines": [611, 613, 614, 618, 626, 628, 639, 640, 641, 643], "excluded_lines": []}, "ActionExecutor.execute_action": {"executed_lines": [], "summary": {"covered_lines": 0, "num_statements": 36, "percent_covered": 0.0, "percent_covered_display": "0.00", "missing_lines": 36, "excluded_lines": 0}, "missing_lines": [659, 660, 661, 664, 666, 667, 668, 670, 671, 672, 674, 675, 676, 680, 681, 682, 684, 685, 686, 688, 689, 690, 697, 698, 699, 709, 714, 715, 717, 719, 721, 723, 724, 725, 727, 731], "excluded_lines": []}, "ActionExecutor.execute_action_sequence": {"executed_lines": [], "summary": {"covered_lines": 0, "num_statements": 12, "percent_covered": 0.0, "percent_covered_display": "0.00", "missing_lines": 12, "excluded_lines": 0}, "missing_lines": [745, 747, 749, 750, 752, 753, 755, 756, 757, 759, 760, 764], "excluded_lines": []}, "ActionExecutor.get_execution_stats": {"executed_lines": [], "summary": {"covered_lines": 0, "num_statements": 7, "percent_covered": 0.0, "percent_covered_display": "0.00", "missing_lines": 7, "excluded_lines": 0}, "missing_lines": [772, 774, 775, 776, 780, 781, 783], "excluded_lines": []}, "ActionExecutor.reset_stats": {"executed_lines": [], "summary": {"covered_lines": 0, "num_statements": 2, "percent_covered": 0.0, "percent_covered_display": "0.00", "missing_lines": 2, "excluded_lines": 0}, "missing_lines": [787, 793], "excluded_lines": []}, "ActionExecutor.stop_execution": {"executed_lines": [], "summary": {"covered_lines": 0, "num_statements": 2, "percent_covered": 0.0, "percent_covered_display": "0.00", "missing_lines": 2, "excluded_lines": 0}, "missing_lines": [797, 798], "excluded_lines": []}, "ActionExecutor.is_action_safe": {"executed_lines": [], "summary": {"covered_lines": 0, "num_statements": 8, "percent_covered": 0.0, "percent_covered_display": "0.00", "missing_lines": 8, "excluded_lines": 0}, "missing_lines": [810, 812, 813, 814, 817, 818, 819, 821], "excluded_lines": []}, "": {"executed_lines": [], "summary": {"covered_lines": 0, "num_statements": 76, "percent_covered": 0.0, "percent_covered_display": "0.00", "missing_lines": 76, "excluded_lines": 0}, "missing_lines": [8, 9, 10, 11, 13, 14, 15, 16, 17, 18, 20, 23, 24, 27, 28, 29, 30, 31, 34, 35, 38, 39, 40, 41, 42, 43, 44, 45, 46, 47, 49, 54, 55, 58, 59, 60, 61, 62, 63, 66, 67, 70, 71, 72, 73, 74, 75, 76, 78, 83, 84, 87, 88, 89, 90, 91, 92, 93, 95, 102, 112, 134, 149, 164, 253, 344, 384, 447, 546, 589, 650, 733, 766, 785, 795, 800], "excluded_lines": []}}, "classes": {"ActionResult": {"executed_lines": [], "summary": {"covered_lines": 0, "num_statements": 0, "percent_covered": 100.0, "percent_covered_display": "100.00", "missing_lines": 0, "excluded_lines": 0}, "missing_lines": [], "excluded_lines": []}, "ClickAction": {"executed_lines": [], "summary": {"covered_lines": 0, "num_statements": 2, "percent_covered": 0.0, "percent_covered_display": "0.00", "missing_lines": 2, "excluded_lines": 0}, "missing_lines": [50, 51], "excluded_lines": []}, "KeyAction": {"executed_lines": [], "summary": {"covered_lines": 0, "num_statements": 0, "percent_covered": 100.0, "percent_covered_display": "100.00", "missing_lines": 0, "excluded_lines": 0}, "missing_lines": [], "excluded_lines": []}, "WaitAction": {"executed_lines": [], "summary": {"covered_lines": 0, "num_statements": 2, "percent_covered": 0.0, "percent_covered_display": "0.00", "missing_lines": 2, "excluded_lines": 0}, "missing_lines": [79, 80], "excluded_lines": []}, "LoopAction": {"executed_lines": [], "summary": {"covered_lines": 0, "num_statements": 4, "percent_covered": 0.0, "percent_covered_display": "0.00", "missing_lines": 4, "excluded_lines": 0}, "missing_lines": [96, 97, 98, 99], "excluded_lines": []}, "ActionExecutor": {"executed_lines": [], "summary": {"covered_lines": 0, "num_statements": 282, "percent_covered": 0.0, "percent_covered_display": "0.00", "missing_lines": 282, "excluded_lines": 0}, "missing_lines": [118, 119, 120, 121, 129, 130, 132, 143, 144, 145, 146, 147, 159, 160, 161, 162, 173, 175, 177, 178, 179, 182, 183, 184, 185, 186, 188, 193, 194, 196, 197, 199, 200, 202, 204, 205, 206, 207, 208, 209, 210, 212, 214, 215, 216, 217, 218, 220, 222, 224, 225, 226, 229, 230, 231, 233, 235, 242, 243, 244, 246, 262, 264, 266, 267, 268, 270, 274, 275, 276, 278, 279, 280, 281, 283, 284, 285, 287, 289, 290, 291, 293, 294, 295, 296, 298, 299, 300, 302, 303, 304, 305, 307, 308, 309, 310, 311, 313, 314, 315, 316, 317, 320, 321, 322, 324, 326, 333, 334, 335, 337, 356, 358, 359, 362, 364, 366, 373, 374, 375, 377, 393, 395, 396, 398, 399, 401, 402, 403, 405, 406, 407, 411, 412, 413, 414, 416, 417, 419, 420, 424, 426, 436, 437, 438, 440, 456, 458, 459, 461, 462, 463, 465, 467, 468, 469, 470, 471, 472, 475, 476, 477, 479, 482, 483, 486, 488, 489, 491, 493, 494, 495, 496, 497, 498, 500, 501, 503, 504, 505, 507, 508, 509, 511, 512, 514, 517, 518, 519, 521, 523, 535, 536, 537, 539, 560, 562, 563, 567, 569, 571, 578, 579, 580, 582, 611, 613, 614, 618, 626, 628, 639, 640, 641, 643, 659, 660, 661, 664, 666, 667, 668, 670, 671, 672, 674, 675, 676, 680, 681, 682, 684, 685, 686, 688, 689, 690, 697, 698, 699, 709, 714, 715, 717, 719, 721, 723, 724, 725, 727, 731, 745, 747, 749, 750, 752, 753, 755, 756, 757, 759, 760, 764, 772, 774, 775, 776, 780, 781, 783, 787, 793, 797, 798, 810, 812, 813, 814, 817, 818, 819, 821], "excluded_lines": []}, "": {"executed_lines": [], "summary": {"covered_lines": 0, "num_statements": 76, "percent_covered": 0.0, "percent_covered_display": "0.00", "missing_lines": 76, "excluded_lines": 0}, "missing_lines": [8, 9, 10, 11, 13, 14, 15, 16, 17, 18, 20, 23, 24, 27, 28, 29, 30, 31, 34, 35, 38, 39, 40, 41, 42, 43, 44, 45, 46, 47, 49, 54, 55, 58, 59, 60, 61, 62, 63, 66, 67, 70, 71, 72, 73, 74, 75, 76, 78, 83, 84, 87, 88, 89, 90, 91, 92, 93, 95, 102, 112, 134, 149, 164, 253, 344, 384, 447, 546, 589, 650, 733, 766, 785, 795, 800], "excluded_lines": []}}}, "src\\core\\config_manager.py": {"executed_lines": [], "summary": {"covered_lines": 0, "num_statements": 619, "percent_covered": 0.0, "percent_covered_display": "0.00", "missing_lines": 619, "excluded_lines": 0}, "missing_lines": [6, 7, 8, 9, 10, 11, 12, 13, 14, 15, 17, 18, 19, 22, 23, 26, 27, 30, 31, 32, 33, 34, 35, 36, 37, 40, 41, 44, 45, 46, 47, 48, 49, 50, 51, 52, 53, 56, 57, 60, 61, 62, 63, 64, 65, 66, 67, 68, 69, 70, 73, 74, 77, 78, 79, 80, 81, 82, 83, 84, 87, 88, 91, 92, 93, 94, 95, 96, 97, 98, 101, 102, 105, 106, 107, 108, 109, 110, 111, 116, 117, 120, 121, 122, 123, 124, 125, 126, 127, 128, 131, 132, 135, 136, 137, 138, 139, 140, 141, 142, 145, 146, 149, 150, 151, 152, 153, 154, 155, 156, 159, 162, 163, 164, 165, 166, 167, 168, 169, 170, 171, 172, 173, 176, 179, 180, 181, 184, 185, 188, 189, 190, 191, 192, 193, 196, 197, 200, 201, 202, 203, 204, 205, 208, 212, 236, 258, 281, 294, 308, 309, 311, 318, 321, 324, 325, 326, 329, 330, 333, 336, 337, 340, 341, 342, 343, 345, 346, 347, 349, 351, 359, 361, 362, 363, 366, 367, 368, 370, 373, 376, 377, 389, 390, 392, 393, 395, 396, 397, 399, 406, 407, 408, 409, 412, 413, 416, 417, 419, 420, 423, 424, 425, 426, 429, 433, 437, 440, 441, 442, 443, 446, 449, 450, 454, 456, 457, 459, 466, 467, 468, 470, 477, 478, 479, 480, 481, 483, 485, 486, 487, 488, 498, 499, 500, 501, 502, 504, 507, 508, 509, 510, 511, 512, 515, 525, 526, 528, 530, 539, 550, 552, 553, 554, 555, 556, 558, 559, 561, 563, 564, 565, 566, 567, 569, 571, 572, 574, 575, 576, 578, 579, 580, 582, 589, 590, 591, 592, 595, 604, 605, 608, 617, 618, 620, 621, 623, 624, 625, 627, 629, 631, 632, 633, 634, 635, 637, 638, 641, 642, 643, 645, 646, 648, 649, 652, 653, 654, 659, 662, 663, 665, 666, 668, 669, 670, 672, 676, 678, 679, 681, 693, 695, 697, 698, 699, 700, 701, 702, 704, 705, 706, 709, 710, 711, 713, 715, 716, 718, 719, 720, 722, 725, 726, 729, 730, 731, 732, 733, 735, 736, 737, 739, 740, 742, 744, 751, 753, 754, 755, 758, 759, 760, 761, 764, 767, 768, 770, 771, 773, 774, 775, 777, 779, 780, 781, 782, 783, 785, 786, 794, 796, 797, 799, 801, 802, 803, 815, 816, 818, 819, 821, 825, 826, 829, 830, 831, 832, 833, 834, 836, 838, 840, 843, 844, 845, 846, 849, 850, 851, 852, 853, 855, 857, 858, 860, 864, 865, 866, 867, 870, 871, 873, 874, 875, 877, 879, 880, 881, 882, 884, 890, 891, 893, 902, 904, 910, 911, 912, 914, 922, 933, 934, 935, 944, 948, 949, 952, 953, 956, 957, 958, 959, 962, 965, 966, 968, 969, 971, 972, 973, 975, 977, 985, 986, 987, 991, 1001, 1004, 1005, 1006, 1008, 1010, 1012, 1025, 1027, 1043, 1045, 1081, 1083, 1084, 1085, 1086, 1087, 1088, 1090, 1092, 1093, 1094, 1095, 1096, 1097, 1098, 1100, 1102, 1103, 1104, 1105, 1106, 1107, 1108, 1109, 1111, 1113, 1114, 1115, 1116, 1117, 1118, 1119, 1120, 1122, 1124, 1126, 1128, 1129, 1130, 1131, 1132, 1133, 1134, 1135, 1137, 1139, 1141, 1143, 1144, 1145, 1146, 1147, 1148, 1151, 1153, 1154, 1155, 1156, 1157, 1158, 1159, 1160, 1162, 1164, 1165, 1166, 1167, 1168, 1169, 1171, 1173, 1174, 1175, 1176, 1177, 1178, 1180, 1182, 1183, 1184, 1185, 1186, 1187, 1189, 1193, 1194, 1196, 1197, 1198, 1199, 1200, 1201, 1202, 1203, 1204, 1205, 1206, 1207, 1208, 1209, 1210, 1211, 1213, 1214, 1216, 1217, 1218, 1219, 1221, 1223, 1224, 1225, 1226, 1227, 1228, 1230, 1232, 1234, 1236, 1243, 1245, 1246, 1249, 1250, 1252, 1253, 1255, 1256, 1259, 1260, 1262, 1263, 1266, 1267, 1269, 1270, 1273, 1274, 1276, 1277, 1279], "excluded_lines": [], "functions": {"ConfigSchema.get_schema": {"executed_lines": [], "summary": {"covered_lines": 0, "num_statements": 2, "percent_covered": 0.0, "percent_covered_display": "0.00", "missing_lines": 2, "excluded_lines": 0}, "missing_lines": [311, 318], "excluded_lines": []}, "ConfigManager.__init__": {"executed_lines": [], "summary": {"covered_lines": 0, "num_statements": 15, "percent_covered": 0.0, "percent_covered_display": "0.00", "missing_lines": 15, "excluded_lines": 0}, "missing_lines": [325, 326, 329, 330, 333, 336, 337, 340, 341, 342, 343, 345, 346, 347, 349], "excluded_lines": []}, "ConfigManager.export_config": {"executed_lines": [], "summary": {"covered_lines": 0, "num_statements": 18, "percent_covered": 0.0, "percent_covered_display": "0.00", "missing_lines": 18, "excluded_lines": 0}, "missing_lines": [359, 361, 362, 363, 366, 367, 368, 370, 373, 376, 377, 389, 390, 392, 393, 395, 396, 397], "excluded_lines": []}, "ConfigManager.import_config": {"executed_lines": [], "summary": {"covered_lines": 0, "num_statements": 31, "percent_covered": 0.0, "percent_covered_display": "0.00", "missing_lines": 31, "excluded_lines": 0}, "missing_lines": [406, 407, 408, 409, 412, 413, 416, 417, 419, 420, 423, 424, 425, 426, 429, 433, 437, 440, 441, 442, 443, 446, 449, 450, 454, 456, 457, 459, 466, 467, 468], "excluded_lines": []}, "ConfigManager.validate_config": {"executed_lines": [], "summary": {"covered_lines": 0, "num_statements": 27, "percent_covered": 0.0, "percent_covered_display": "0.00", "missing_lines": 27, "excluded_lines": 0}, "missing_lines": [477, 478, 479, 480, 481, 483, 485, 486, 487, 488, 498, 499, 500, 501, 502, 504, 507, 508, 509, 510, 511, 512, 515, 525, 526, 528, 530], "excluded_lines": []}, "ConfigManager._validate_specific_config": {"executed_lines": [], "summary": {"covered_lines": 0, "num_statements": 23, "percent_covered": 0.0, "percent_covered_display": "0.00", "missing_lines": 23, "excluded_lines": 0}, "missing_lines": [550, 552, 553, 554, 555, 556, 558, 559, 561, 563, 564, 565, 566, 567, 569, 571, 572, 574, 575, 576, 578, 579, 580], "excluded_lines": []}, "ConfigManager.create_backup": {"executed_lines": [], "summary": {"covered_lines": 0, "num_statements": 15, "percent_covered": 0.0, "percent_covered_display": "0.00", "missing_lines": 15, "excluded_lines": 0}, "missing_lines": [589, 590, 591, 592, 595, 604, 605, 608, 617, 618, 620, 621, 623, 624, 625], "excluded_lines": []}, "ConfigManager.restore_backup": {"executed_lines": [], "summary": {"covered_lines": 0, "num_statements": 26, "percent_covered": 0.0, "percent_covered_display": "0.00", "missing_lines": 26, "excluded_lines": 0}, "missing_lines": [629, 631, 632, 633, 634, 635, 637, 638, 641, 642, 643, 645, 646, 648, 649, 652, 653, 654, 659, 662, 663, 665, 666, 668, 669, 670], "excluded_lines": []}, "ConfigManager.list_backups": {"executed_lines": [], "summary": {"covered_lines": 0, "num_statements": 4, "percent_covered": 0.0, "percent_covered_display": "0.00", "missing_lines": 4, "excluded_lines": 0}, "missing_lines": [676, 678, 679, 681], "excluded_lines": []}, "ConfigManager.delete_backup": {"executed_lines": [], "summary": {"covered_lines": 0, "num_statements": 19, "percent_covered": 0.0, "percent_covered_display": "0.00", "missing_lines": 19, "excluded_lines": 0}, "missing_lines": [695, 697, 698, 699, 700, 701, 702, 704, 705, 706, 709, 710, 711, 713, 715, 716, 718, 719, 720], "excluded_lines": []}, "ConfigManager.get_config": {"executed_lines": [], "summary": {"covered_lines": 0, "num_statements": 13, "percent_covered": 0.0, "percent_covered_display": "0.00", "missing_lines": 13, "excluded_lines": 0}, "missing_lines": [725, 726, 729, 730, 731, 732, 733, 735, 736, 737, 739, 740, 742], "excluded_lines": []}, "ConfigManager.save_config": {"executed_lines": [], "summary": {"covered_lines": 0, "num_statements": 16, "percent_covered": 0.0, "percent_covered_display": "0.00", "missing_lines": 16, "excluded_lines": 0}, "missing_lines": [751, 753, 754, 755, 758, 759, 760, 761, 764, 767, 768, 770, 771, 773, 774, 775], "excluded_lines": []}, "ConfigManager._load_backup_records": {"executed_lines": [], "summary": {"covered_lines": 0, "num_statements": 10, "percent_covered": 0.0, "percent_covered_display": "0.00", "missing_lines": 10, "excluded_lines": 0}, "missing_lines": [779, 780, 781, 782, 783, 785, 786, 794, 796, 797], "excluded_lines": []}, "ConfigManager._save_backup_records": {"executed_lines": [], "summary": {"covered_lines": 0, "num_statements": 7, "percent_covered": 0.0, "percent_covered_display": "0.00", "missing_lines": 7, "excluded_lines": 0}, "missing_lines": [801, 802, 803, 815, 816, 818, 819], "excluded_lines": []}, "ConfigManager.cleanup_old_backups": {"executed_lines": [], "summary": {"covered_lines": 0, "num_statements": 23, "percent_covered": 0.0, "percent_covered_display": "0.00", "missing_lines": 23, "excluded_lines": 0}, "missing_lines": [825, 826, 829, 830, 831, 832, 833, 834, 836, 838, 840, 843, 844, 845, 846, 849, 850, 851, 852, 853, 855, 857, 858], "excluded_lines": []}, "ConfigManager.get_setting": {"executed_lines": [], "summary": {"covered_lines": 0, "num_statements": 14, "percent_covered": 0.0, "percent_covered_display": "0.00", "missing_lines": 14, "excluded_lines": 0}, "missing_lines": [864, 865, 866, 867, 870, 871, 873, 874, 875, 877, 879, 880, 881, 882], "excluded_lines": []}, "ConfigManager.get_ui_config": {"executed_lines": [], "summary": {"covered_lines": 0, "num_statements": 4, "percent_covered": 0.0, "percent_covered_display": "0.00", "missing_lines": 4, "excluded_lines": 0}, "missing_lines": [890, 891, 893, 902], "excluded_lines": []}, "ConfigManager.get_log_config": {"executed_lines": [], "summary": {"covered_lines": 0, "num_statements": 8, "percent_covered": 0.0, "percent_covered_display": "0.00", "missing_lines": 8, "excluded_lines": 0}, "missing_lines": [910, 911, 912, 914, 922, 933, 934, 935], "excluded_lines": []}, "ConfigManager.set_setting": {"executed_lines": [], "summary": {"covered_lines": 0, "num_statements": 16, "percent_covered": 0.0, "percent_covered_display": "0.00", "missing_lines": 16, "excluded_lines": 0}, "missing_lines": [948, 949, 952, 953, 956, 957, 958, 959, 962, 965, 966, 968, 969, 971, 972, 973], "excluded_lines": []}, "ConfigManager.get_config_summary": {"executed_lines": [], "summary": {"covered_lines": 0, "num_statements": 10, "percent_covered": 0.0, "percent_covered_display": "0.00", "missing_lines": 10, "excluded_lines": 0}, "missing_lines": [977, 985, 986, 987, 991, 1001, 1004, 1005, 1006, 1008], "excluded_lines": []}, "ConfigManager.get_game_config": {"executed_lines": [], "summary": {"covered_lines": 0, "num_statements": 1, "percent_covered": 0.0, "percent_covered_display": "0.00", "missing_lines": 1, "excluded_lines": 0}, "missing_lines": [1012], "excluded_lines": []}, "ConfigManager.get_automation_config": {"executed_lines": [], "summary": {"covered_lines": 0, "num_statements": 1, "percent_covered": 0.0, "percent_covered_display": "0.00", "missing_lines": 1, "excluded_lines": 0}, "missing_lines": [1027], "excluded_lines": []}, "ConfigManager._load_default_config": {"executed_lines": [], "summary": {"covered_lines": 0, "num_statements": 1, "percent_covered": 0.0, "percent_covered_display": "0.00", "missing_lines": 1, "excluded_lines": 0}, "missing_lines": [1045], "excluded_lines": []}, "ConfigManager._load_ini_config": {"executed_lines": [], "summary": {"covered_lines": 0, "num_statements": 6, "percent_covered": 0.0, "percent_covered_display": "0.00", "missing_lines": 6, "excluded_lines": 0}, "missing_lines": [1083, 1084, 1085, 1086, 1087, 1088], "excluded_lines": []}, "ConfigManager._load_user_config": {"executed_lines": [], "summary": {"covered_lines": 0, "num_statements": 7, "percent_covered": 0.0, "percent_covered_display": "0.00", "missing_lines": 7, "excluded_lines": 0}, "missing_lines": [1092, 1093, 1094, 1095, 1096, 1097, 1098], "excluded_lines": []}, "ConfigManager.save_ini_config": {"executed_lines": [], "summary": {"covered_lines": 0, "num_statements": 8, "percent_covered": 0.0, "percent_covered_display": "0.00", "missing_lines": 8, "excluded_lines": 0}, "missing_lines": [1102, 1103, 1104, 1105, 1106, 1107, 1108, 1109], "excluded_lines": []}, "ConfigManager.save_user_config": {"executed_lines": [], "summary": {"covered_lines": 0, "num_statements": 8, "percent_covered": 0.0, "percent_covered_display": "0.00", "missing_lines": 8, "excluded_lines": 0}, "missing_lines": [1113, 1114, 1115, 1116, 1117, 1118, 1119, 1120], "excluded_lines": []}, "ConfigManager.get_ini_value": {"executed_lines": [], "summary": {"covered_lines": 0, "num_statements": 1, "percent_covered": 0.0, "percent_covered_display": "0.00", "missing_lines": 1, "excluded_lines": 0}, "missing_lines": [1124], "excluded_lines": []}, "ConfigManager.set_ini_value": {"executed_lines": [], "summary": {"covered_lines": 0, "num_statements": 8, "percent_covered": 0.0, "percent_covered_display": "0.00", "missing_lines": 8, "excluded_lines": 0}, "missing_lines": [1128, 1129, 1130, 1131, 1132, 1133, 1134, 1135], "excluded_lines": []}, "ConfigManager.get_user_setting": {"executed_lines": [], "summary": {"covered_lines": 0, "num_statements": 1, "percent_covered": 0.0, "percent_covered_display": "0.00", "missing_lines": 1, "excluded_lines": 0}, "missing_lines": [1139], "excluded_lines": []}, "ConfigManager.set_user_setting": {"executed_lines": [], "summary": {"covered_lines": 0, "num_statements": 6, "percent_covered": 0.0, "percent_covered_display": "0.00", "missing_lines": 6, "excluded_lines": 0}, "missing_lines": [1143, 1144, 1145, 1146, 1147, 1148], "excluded_lines": []}, "ConfigManager.get_monitoring_config": {"executed_lines": [], "summary": {"covered_lines": 0, "num_statements": 8, "percent_covered": 0.0, "percent_covered_display": "0.00", "missing_lines": 8, "excluded_lines": 0}, "missing_lines": [1153, 1154, 1155, 1156, 1157, 1158, 1159, 1160], "excluded_lines": []}, "ConfigManager.save_monitoring_config": {"executed_lines": [], "summary": {"covered_lines": 0, "num_statements": 6, "percent_covered": 0.0, "percent_covered_display": "0.00", "missing_lines": 6, "excluded_lines": 0}, "missing_lines": [1164, 1165, 1166, 1167, 1168, 1169], "excluded_lines": []}, "ConfigManager.get_logging_config_detailed": {"executed_lines": [], "summary": {"covered_lines": 0, "num_statements": 6, "percent_covered": 0.0, "percent_covered_display": "0.00", "missing_lines": 6, "excluded_lines": 0}, "missing_lines": [1173, 1174, 1175, 1176, 1177, 1178], "excluded_lines": []}, "ConfigManager.get_performance_config_detailed": {"executed_lines": [], "summary": {"covered_lines": 0, "num_statements": 6, "percent_covered": 0.0, "percent_covered_display": "0.00", "missing_lines": 6, "excluded_lines": 0}, "missing_lines": [1182, 1183, 1184, 1185, 1186, 1187], "excluded_lines": []}, "ConfigManager.update_monitoring_section": {"executed_lines": [], "summary": {"covered_lines": 0, "num_statements": 24, "percent_covered": 0.0, "percent_covered_display": "0.00", "missing_lines": 24, "excluded_lines": 0}, "missing_lines": [1193, 1194, 1196, 1197, 1198, 1199, 1200, 1201, 1202, 1203, 1204, 1205, 1206, 1207, 1208, 1209, 1210, 1211, 1213, 1214, 1216, 1217, 1218, 1219], "excluded_lines": []}, "ConfigManager.reset_monitoring_config": {"executed_lines": [], "summary": {"covered_lines": 0, "num_statements": 6, "percent_covered": 0.0, "percent_covered_display": "0.00", "missing_lines": 6, "excluded_lines": 0}, "missing_lines": [1223, 1224, 1225, 1226, 1227, 1228], "excluded_lines": []}, "ConfigManager.validate_monitoring_config": {"executed_lines": [], "summary": {"covered_lines": 0, "num_statements": 25, "percent_covered": 0.0, "percent_covered_display": "0.00", "missing_lines": 25, "excluded_lines": 0}, "missing_lines": [1232, 1234, 1236, 1243, 1245, 1246, 1249, 1250, 1252, 1253, 1255, 1256, 1259, 1260, 1262, 1263, 1266, 1267, 1269, 1270, 1273, 1274, 1276, 1277, 1279], "excluded_lines": []}, "": {"executed_lines": [], "summary": {"covered_lines": 0, "num_statements": 189, "percent_covered": 0.0, "percent_covered_display": "0.00", "missing_lines": 189, "excluded_lines": 0}, "missing_lines": [6, 7, 8, 9, 10, 11, 12, 13, 14, 15, 17, 18, 19, 22, 23, 26, 27, 30, 31, 32, 33, 34, 35, 36, 37, 40, 41, 44, 45, 46, 47, 48, 49, 50, 51, 52, 53, 56, 57, 60, 61, 62, 63, 64, 65, 66, 67, 68, 69, 70, 73, 74, 77, 78, 79, 80, 81, 82, 83, 84, 87, 88, 91, 92, 93, 94, 95, 96, 97, 98, 101, 102, 105, 106, 107, 108, 109, 110, 111, 116, 117, 120, 121, 122, 123, 124, 125, 126, 127, 128, 131, 132, 135, 136, 137, 138, 139, 140, 141, 142, 145, 146, 149, 150, 151, 152, 153, 154, 155, 156, 159, 162, 163, 164, 165, 166, 167, 168, 169, 170, 171, 172, 173, 176, 179, 180, 181, 184, 185, 188, 189, 190, 191, 192, 193, 196, 197, 200, 201, 202, 203, 204, 205, 208, 212, 236, 258, 281, 294, 308, 309, 321, 324, 351, 399, 470, 539, 582, 627, 672, 693, 722, 744, 777, 799, 821, 860, 884, 904, 944, 975, 1010, 1025, 1043, 1081, 1090, 1100, 1111, 1122, 1126, 1137, 1141, 1151, 1162, 1171, 1180, 1189, 1221, 1230], "excluded_lines": []}}, "classes": {"LoggingConfig": {"executed_lines": [], "summary": {"covered_lines": 0, "num_statements": 0, "percent_covered": 100.0, "percent_covered_display": "100.00", "missing_lines": 0, "excluded_lines": 0}, "missing_lines": [], "excluded_lines": []}, "MonitoringConfig": {"executed_lines": [], "summary": {"covered_lines": 0, "num_statements": 0, "percent_covered": 100.0, "percent_covered_display": "100.00", "missing_lines": 0, "excluded_lines": 0}, "missing_lines": [], "excluded_lines": []}, "AlertingConfig": {"executed_lines": [], "summary": {"covered_lines": 0, "num_statements": 0, "percent_covered": 100.0, "percent_covered_display": "100.00", "missing_lines": 0, "excluded_lines": 0}, "missing_lines": [], "excluded_lines": []}, "PerformanceConfig": {"executed_lines": [], "summary": {"covered_lines": 0, "num_statements": 0, "percent_covered": 100.0, "percent_covered_display": "100.00", "missing_lines": 0, "excluded_lines": 0}, "missing_lines": [], "excluded_lines": []}, "HealthCheckConfig": {"executed_lines": [], "summary": {"covered_lines": 0, "num_statements": 0, "percent_covered": 100.0, "percent_covered_display": "100.00", "missing_lines": 0, "excluded_lines": 0}, "missing_lines": [], "excluded_lines": []}, "NotificationConfig": {"executed_lines": [], "summary": {"covered_lines": 0, "num_statements": 0, "percent_covered": 100.0, "percent_covered_display": "100.00", "missing_lines": 0, "excluded_lines": 0}, "missing_lines": [], "excluded_lines": []}, "DashboardConfig": {"executed_lines": [], "summary": {"covered_lines": 0, "num_statements": 0, "percent_covered": 100.0, "percent_covered_display": "100.00", "missing_lines": 0, "excluded_lines": 0}, "missing_lines": [], "excluded_lines": []}, "SystemConfig": {"executed_lines": [], "summary": {"covered_lines": 0, "num_statements": 0, "percent_covered": 100.0, "percent_covered_display": "100.00", "missing_lines": 0, "excluded_lines": 0}, "missing_lines": [], "excluded_lines": []}, "MonitoringSystemConfig": {"executed_lines": [], "summary": {"covered_lines": 0, "num_statements": 0, "percent_covered": 100.0, "percent_covered_display": "100.00", "missing_lines": 0, "excluded_lines": 0}, "missing_lines": [], "excluded_lines": []}, "ConfigType": {"executed_lines": [], "summary": {"covered_lines": 0, "num_statements": 0, "percent_covered": 100.0, "percent_covered_display": "100.00", "missing_lines": 0, "excluded_lines": 0}, "missing_lines": [], "excluded_lines": []}, "ValidationLevel": {"executed_lines": [], "summary": {"covered_lines": 0, "num_statements": 0, "percent_covered": 100.0, "percent_covered_display": "100.00", "missing_lines": 0, "excluded_lines": 0}, "missing_lines": [], "excluded_lines": []}, "ConfigValidationResult": {"executed_lines": [], "summary": {"covered_lines": 0, "num_statements": 0, "percent_covered": 100.0, "percent_covered_display": "100.00", "missing_lines": 0, "excluded_lines": 0}, "missing_lines": [], "excluded_lines": []}, "ConfigBackup": {"executed_lines": [], "summary": {"covered_lines": 0, "num_statements": 0, "percent_covered": 100.0, "percent_covered_display": "100.00", "missing_lines": 0, "excluded_lines": 0}, "missing_lines": [], "excluded_lines": []}, "ConfigSchema": {"executed_lines": [], "summary": {"covered_lines": 0, "num_statements": 2, "percent_covered": 0.0, "percent_covered_display": "0.00", "missing_lines": 2, "excluded_lines": 0}, "missing_lines": [311, 318], "excluded_lines": []}, "ConfigManager": {"executed_lines": [], "summary": {"covered_lines": 0, "num_statements": 428, "percent_covered": 0.0, "percent_covered_display": "0.00", "missing_lines": 428, "excluded_lines": 0}, "missing_lines": [325, 326, 329, 330, 333, 336, 337, 340, 341, 342, 343, 345, 346, 347, 349, 359, 361, 362, 363, 366, 367, 368, 370, 373, 376, 377, 389, 390, 392, 393, 395, 396, 397, 406, 407, 408, 409, 412, 413, 416, 417, 419, 420, 423, 424, 425, 426, 429, 433, 437, 440, 441, 442, 443, 446, 449, 450, 454, 456, 457, 459, 466, 467, 468, 477, 478, 479, 480, 481, 483, 485, 486, 487, 488, 498, 499, 500, 501, 502, 504, 507, 508, 509, 510, 511, 512, 515, 525, 526, 528, 530, 550, 552, 553, 554, 555, 556, 558, 559, 561, 563, 564, 565, 566, 567, 569, 571, 572, 574, 575, 576, 578, 579, 580, 589, 590, 591, 592, 595, 604, 605, 608, 617, 618, 620, 621, 623, 624, 625, 629, 631, 632, 633, 634, 635, 637, 638, 641, 642, 643, 645, 646, 648, 649, 652, 653, 654, 659, 662, 663, 665, 666, 668, 669, 670, 676, 678, 679, 681, 695, 697, 698, 699, 700, 701, 702, 704, 705, 706, 709, 710, 711, 713, 715, 716, 718, 719, 720, 725, 726, 729, 730, 731, 732, 733, 735, 736, 737, 739, 740, 742, 751, 753, 754, 755, 758, 759, 760, 761, 764, 767, 768, 770, 771, 773, 774, 775, 779, 780, 781, 782, 783, 785, 786, 794, 796, 797, 801, 802, 803, 815, 816, 818, 819, 825, 826, 829, 830, 831, 832, 833, 834, 836, 838, 840, 843, 844, 845, 846, 849, 850, 851, 852, 853, 855, 857, 858, 864, 865, 866, 867, 870, 871, 873, 874, 875, 877, 879, 880, 881, 882, 890, 891, 893, 902, 910, 911, 912, 914, 922, 933, 934, 935, 948, 949, 952, 953, 956, 957, 958, 959, 962, 965, 966, 968, 969, 971, 972, 973, 977, 985, 986, 987, 991, 1001, 1004, 1005, 1006, 1008, 1012, 1027, 1045, 1083, 1084, 1085, 1086, 1087, 1088, 1092, 1093, 1094, 1095, 1096, 1097, 1098, 1102, 1103, 1104, 1105, 1106, 1107, 1108, 1109, 1113, 1114, 1115, 1116, 1117, 1118, 1119, 1120, 1124, 1128, 1129, 1130, 1131, 1132, 1133, 1134, 1135, 1139, 1143, 1144, 1145, 1146, 1147, 1148, 1153, 1154, 1155, 1156, 1157, 1158, 1159, 1160, 1164, 1165, 1166, 1167, 1168, 1169, 1173, 1174, 1175, 1176, 1177, 1178, 1182, 1183, 1184, 1185, 1186, 1187, 1193, 1194, 1196, 1197, 1198, 1199, 1200, 1201, 1202, 1203, 1204, 1205, 1206, 1207, 1208, 1209, 1210, 1211, 1213, 1214, 1216, 1217, 1218, 1219, 1223, 1224, 1225, 1226, 1227, 1228, 1232, 1234, 1236, 1243, 1245, 1246, 1249, 1250, 1252, 1253, 1255, 1256, 1259, 1260, 1262, 1263, 1266, 1267, 1269, 1270, 1273, 1274, 1276, 1277, 1279], "excluded_lines": []}, "": {"executed_lines": [], "summary": {"covered_lines": 0, "num_statements": 189, "percent_covered": 0.0, "percent_covered_display": "0.00", "missing_lines": 189, "excluded_lines": 0}, "missing_lines": [6, 7, 8, 9, 10, 11, 12, 13, 14, 15, 17, 18, 19, 22, 23, 26, 27, 30, 31, 32, 33, 34, 35, 36, 37, 40, 41, 44, 45, 46, 47, 48, 49, 50, 51, 52, 53, 56, 57, 60, 61, 62, 63, 64, 65, 66, 67, 68, 69, 70, 73, 74, 77, 78, 79, 80, 81, 82, 83, 84, 87, 88, 91, 92, 93, 94, 95, 96, 97, 98, 101, 102, 105, 106, 107, 108, 109, 110, 111, 116, 117, 120, 121, 122, 123, 124, 125, 126, 127, 128, 131, 132, 135, 136, 137, 138, 139, 140, 141, 142, 145, 146, 149, 150, 151, 152, 153, 154, 155, 156, 159, 162, 163, 164, 165, 166, 167, 168, 169, 170, 171, 172, 173, 176, 179, 180, 181, 184, 185, 188, 189, 190, 191, 192, 193, 196, 197, 200, 201, 202, 203, 204, 205, 208, 212, 236, 258, 281, 294, 308, 309, 321, 324, 351, 399, 470, 539, 582, 627, 672, 693, 722, 744, 777, 799, 821, 860, 884, 904, 944, 975, 1010, 1025, 1043, 1081, 1090, 1100, 1111, 1122, 1126, 1137, 1141, 1151, 1162, 1171, 1180, 1189, 1221, 1230], "excluded_lines": []}}}, "src\\core\\enums.py": {"executed_lines": [], "summary": {"covered_lines": 0, "num_statements": 62, "percent_covered": 0.0, "percent_covered_display": "0.00", "missing_lines": 62, "excluded_lines": 0}, "missing_lines": [7, 10, 17, 18, 19, 20, 21, 22, 23, 26, 27, 28, 29, 32, 33, 36, 39, 42, 43, 44, 45, 46, 49, 52, 53, 54, 55, 56, 59, 62, 63, 64, 67, 70, 71, 72, 75, 78, 79, 80, 81, 82, 83, 84, 85, 88, 91, 92, 93, 94, 95, 96, 97, 98, 99, 100, 101, 104, 107, 108, 109, 110], "excluded_lines": [], "functions": {"": {"executed_lines": [], "summary": {"covered_lines": 0, "num_statements": 62, "percent_covered": 0.0, "percent_covered_display": "0.00", "missing_lines": 62, "excluded_lines": 0}, "missing_lines": [7, 10, 17, 18, 19, 20, 21, 22, 23, 26, 27, 28, 29, 32, 33, 36, 39, 42, 43, 44, 45, 46, 49, 52, 53, 54, 55, 56, 59, 62, 63, 64, 67, 70, 71, 72, 75, 78, 79, 80, 81, 82, 83, 84, 85, 88, 91, 92, 93, 94, 95, 96, 97, 98, 99, 100, 101, 104, 107, 108, 109, 110], "excluded_lines": []}}, "classes": {"ActionType": {"executed_lines": [], "summary": {"covered_lines": 0, "num_statements": 0, "percent_covered": 100.0, "percent_covered_display": "100.00", "missing_lines": 0, "excluded_lines": 0}, "missing_lines": [], "excluded_lines": []}, "ActionStatus": {"executed_lines": [], "summary": {"covered_lines": 0, "num_statements": 0, "percent_covered": 100.0, "percent_covered_display": "100.00", "missing_lines": 0, "excluded_lines": 0}, "missing_lines": [], "excluded_lines": []}, "ClickType": {"executed_lines": [], "summary": {"covered_lines": 0, "num_statements": 0, "percent_covered": 100.0, "percent_covered_display": "100.00", "missing_lines": 0, "excluded_lines": 0}, "missing_lines": [], "excluded_lines": []}, "WaitType": {"executed_lines": [], "summary": {"covered_lines": 0, "num_statements": 0, "percent_covered": 100.0, "percent_covered_display": "100.00", "missing_lines": 0, "excluded_lines": 0}, "missing_lines": [], "excluded_lines": []}, "LoopType": {"executed_lines": [], "summary": {"covered_lines": 0, "num_statements": 0, "percent_covered": 100.0, "percent_covered_display": "100.00", "missing_lines": 0, "excluded_lines": 0}, "missing_lines": [], "excluded_lines": []}, "TaskStatus": {"executed_lines": [], "summary": {"covered_lines": 0, "num_statements": 0, "percent_covered": 100.0, "percent_covered_display": "100.00", "missing_lines": 0, "excluded_lines": 0}, "missing_lines": [], "excluded_lines": []}, "TaskType": {"executed_lines": [], "summary": {"covered_lines": 0, "num_statements": 0, "percent_covered": 100.0, "percent_covered_display": "100.00", "missing_lines": 0, "excluded_lines": 0}, "missing_lines": [], "excluded_lines": []}, "TaskPriority": {"executed_lines": [], "summary": {"covered_lines": 0, "num_statements": 0, "percent_covered": 100.0, "percent_covered_display": "100.00", "missing_lines": 0, "excluded_lines": 0}, "missing_lines": [], "excluded_lines": []}, "": {"executed_lines": [], "summary": {"covered_lines": 0, "num_statements": 62, "percent_covered": 0.0, "percent_covered_display": "0.00", "missing_lines": 62, "excluded_lines": 0}, "missing_lines": [7, 10, 17, 18, 19, 20, 21, 22, 23, 26, 27, 28, 29, 32, 33, 36, 39, 42, 43, 44, 45, 46, 49, 52, 53, 54, 55, 56, 59, 62, 63, 64, 67, 70, 71, 72, 75, 78, 79, 80, 81, 82, 83, 84, 85, 88, 91, 92, 93, 94, 95, 96, 97, 98, 99, 100, 101, 104, 107, 108, 109, 110], "excluded_lines": []}}}, "src\\core\\error_handling.py": {"executed_lines": [], "summary": {"covered_lines": 0, "num_statements": 211, "percent_covered": 0.0, "percent_covered_display": "0.00", "missing_lines": 211, "excluded_lines": 24}, "missing_lines": [6, 7, 8, 9, 10, 11, 12, 13, 14, 16, 18, 21, 24, 25, 26, 27, 30, 33, 34, 35, 36, 37, 38, 39, 40, 41, 42, 43, 46, 47, 50, 51, 52, 53, 54, 55, 56, 57, 59, 60, 61, 63, 64, 66, 71, 72, 74, 76, 77, 79, 81, 83, 100, 106, 108, 131, 155, 168, 169, 170, 173, 174, 175, 178, 179, 181, 182, 183, 186, 188, 196, 198, 209, 228, 231, 239, 240, 241, 242, 243, 245, 247, 249, 252, 253, 256, 257, 258, 260, 262, 264, 270, 273, 280, 281, 282, 283, 285, 287, 289, 291, 292, 294, 295, 297, 299, 301, 306, 309, 310, 311, 313, 315, 317, 319, 321, 322, 324, 326, 328, 331, 349, 352, 354, 356, 358, 360, 365, 367, 368, 370, 371, 372, 375, 378, 380, 382, 384, 385, 390, 392, 393, 395, 396, 397, 400, 406, 411, 412, 415, 432, 437, 439, 441, 443, 445, 470, 472, 473, 475, 476, 478, 481, 482, 484, 486, 488, 489, 493, 494, 497, 500, 501, 504, 507, 510, 511, 512, 515, 518, 521, 522, 523, 526, 528, 530, 531, 532, 533, 534, 535, 536, 537, 538, 540, 542, 544, 551, 558, 559, 563, 566, 577, 578, 579, 583, 584, 590, 591, 593, 595], "excluded_lines": [212, 213, 214, 215, 217, 218, 219, 220, 222, 223, 224, 225, 334, 335, 336, 337, 339, 340, 341, 342, 343, 344, 345, 346], "functions": {"ErrorContext.__post_init__": {"executed_lines": [], "summary": {"covered_lines": 0, "num_statements": 2, "percent_covered": 0.0, "percent_covered_display": "0.00", "missing_lines": 2, "excluded_lines": 0}, "missing_lines": [60, 61], "excluded_lines": []}, "ErrorContext.can_retry": {"executed_lines": [], "summary": {"covered_lines": 0, "num_statements": 1, "percent_covered": 0.0, "percent_covered_display": "0.00", "missing_lines": 1, "excluded_lines": 0}, "missing_lines": [66], "excluded_lines": []}, "ErrorContext.error_message": {"executed_lines": [], "summary": {"covered_lines": 0, "num_statements": 1, "percent_covered": 0.0, "percent_covered_display": "0.00", "missing_lines": 1, "excluded_lines": 0}, "missing_lines": [74], "excluded_lines": []}, "ErrorContext.error_type": {"executed_lines": [], "summary": {"covered_lines": 0, "num_statements": 1, "percent_covered": 0.0, "percent_covered_display": "0.00", "missing_lines": 1, "excluded_lines": 0}, "missing_lines": [79], "excluded_lines": []}, "ErrorContext.to_dict": {"executed_lines": [], "summary": {"covered_lines": 0, "num_statements": 1, "percent_covered": 0.0, "percent_covered_display": "0.00", "missing_lines": 1, "excluded_lines": 0}, "missing_lines": [83], "excluded_lines": []}, "ErrorClassifier.__init__": {"executed_lines": [], "summary": {"covered_lines": 0, "num_statements": 2, "percent_covered": 0.0, "percent_covered_display": "0.00", "missing_lines": 2, "excluded_lines": 0}, "missing_lines": [108, 131], "excluded_lines": []}, "ErrorClassifier.classify": {"executed_lines": [], "summary": {"covered_lines": 0, "num_statements": 12, "percent_covered": 0.0, "percent_covered_display": "0.00", "missing_lines": 12, "excluded_lines": 0}, "missing_lines": [168, 169, 170, 173, 174, 175, 178, 179, 181, 182, 183, 186], "excluded_lines": []}, "ErrorClassifier.create_context": {"executed_lines": [], "summary": {"covered_lines": 0, "num_statements": 2, "percent_covered": 0.0, "percent_covered_display": "0.00", "missing_lines": 2, "excluded_lines": 0}, "missing_lines": [196, 198], "excluded_lines": []}, "RetryStrategy.should_retry": {"executed_lines": [], "summary": {"covered_lines": 0, "num_statements": 0, "percent_covered": 100.0, "percent_covered_display": "100.00", "missing_lines": 0, "excluded_lines": 2}, "missing_lines": [], "excluded_lines": [214, 215]}, "RetryStrategy.get_delay": {"executed_lines": [], "summary": {"covered_lines": 0, "num_statements": 0, "percent_covered": 100.0, "percent_covered_display": "100.00", "missing_lines": 0, "excluded_lines": 2}, "missing_lines": [], "excluded_lines": [219, 220]}, "RetryStrategy.on_retry": {"executed_lines": [], "summary": {"covered_lines": 0, "num_statements": 0, "percent_covered": 100.0, "percent_covered_display": "100.00", "missing_lines": 0, "excluded_lines": 2}, "missing_lines": [], "excluded_lines": [224, 225]}, "ExponentialBackoffStrategy.__init__": {"executed_lines": [], "summary": {"covered_lines": 0, "num_statements": 5, "percent_covered": 0.0, "percent_covered_display": "0.00", "missing_lines": 5, "excluded_lines": 0}, "missing_lines": [239, 240, 241, 242, 243], "excluded_lines": []}, "ExponentialBackoffStrategy.should_retry": {"executed_lines": [], "summary": {"covered_lines": 0, "num_statements": 1, "percent_covered": 0.0, "percent_covered_display": "0.00", "missing_lines": 1, "excluded_lines": 0}, "missing_lines": [247], "excluded_lines": []}, "ExponentialBackoffStrategy.get_delay": {"executed_lines": [], "summary": {"covered_lines": 0, "num_statements": 6, "percent_covered": 0.0, "percent_covered_display": "0.00", "missing_lines": 6, "excluded_lines": 0}, "missing_lines": [252, 253, 256, 257, 258, 260], "excluded_lines": []}, "ExponentialBackoffStrategy.on_retry": {"executed_lines": [], "summary": {"covered_lines": 0, "num_statements": 1, "percent_covered": 0.0, "percent_covered_display": "0.00", "missing_lines": 1, "excluded_lines": 0}, "missing_lines": [264], "excluded_lines": []}, "LinearBackoffStrategy.__init__": {"executed_lines": [], "summary": {"covered_lines": 0, "num_statements": 4, "percent_covered": 0.0, "percent_covered_display": "0.00", "missing_lines": 4, "excluded_lines": 0}, "missing_lines": [280, 281, 282, 283], "excluded_lines": []}, "LinearBackoffStrategy.should_retry": {"executed_lines": [], "summary": {"covered_lines": 0, "num_statements": 1, "percent_covered": 0.0, "percent_covered_display": "0.00", "missing_lines": 1, "excluded_lines": 0}, "missing_lines": [287], "excluded_lines": []}, "LinearBackoffStrategy.get_delay": {"executed_lines": [], "summary": {"covered_lines": 0, "num_statements": 5, "percent_covered": 0.0, "percent_covered_display": "0.00", "missing_lines": 5, "excluded_lines": 0}, "missing_lines": [291, 292, 294, 295, 297], "excluded_lines": []}, "LinearBackoffStrategy.on_retry": {"executed_lines": [], "summary": {"covered_lines": 0, "num_statements": 1, "percent_covered": 0.0, "percent_covered_display": "0.00", "missing_lines": 1, "excluded_lines": 0}, "missing_lines": [301], "excluded_lines": []}, "FixedDelayStrategy.__init__": {"executed_lines": [], "summary": {"covered_lines": 0, "num_statements": 2, "percent_covered": 0.0, "percent_covered_display": "0.00", "missing_lines": 2, "excluded_lines": 0}, "missing_lines": [310, 311], "excluded_lines": []}, "FixedDelayStrategy.should_retry": {"executed_lines": [], "summary": {"covered_lines": 0, "num_statements": 1, "percent_covered": 0.0, "percent_covered_display": "0.00", "missing_lines": 1, "excluded_lines": 0}, "missing_lines": [315], "excluded_lines": []}, "FixedDelayStrategy.get_delay": {"executed_lines": [], "summary": {"covered_lines": 0, "num_statements": 4, "percent_covered": 0.0, "percent_covered_display": "0.00", "missing_lines": 4, "excluded_lines": 0}, "missing_lines": [319, 321, 322, 324], "excluded_lines": []}, "FixedDelayStrategy.on_retry": {"executed_lines": [], "summary": {"covered_lines": 0, "num_statements": 1, "percent_covered": 0.0, "percent_covered_display": "0.00", "missing_lines": 1, "excluded_lines": 0}, "missing_lines": [328], "excluded_lines": []}, "ErrorRecoveryHandler.can_handle": {"executed_lines": [], "summary": {"covered_lines": 0, "num_statements": 0, "percent_covered": 100.0, "percent_covered_display": "100.00", "missing_lines": 0, "excluded_lines": 2}, "missing_lines": [], "excluded_lines": [336, 337]}, "ErrorRecoveryHandler.handle": {"executed_lines": [], "summary": {"covered_lines": 0, "num_statements": 0, "percent_covered": 100.0, "percent_covered_display": "100.00", "missing_lines": 0, "excluded_lines": 6}, "missing_lines": [], "excluded_lines": [341, 342, 343, 344, 345, 346]}, "DatabaseRecoveryHandler.can_handle": {"executed_lines": [], "summary": {"covered_lines": 0, "num_statements": 1, "percent_covered": 0.0, "percent_covered_display": "0.00", "missing_lines": 1, "excluded_lines": 0}, "missing_lines": [354], "excluded_lines": []}, "DatabaseRecoveryHandler.handle": {"executed_lines": [], "summary": {"covered_lines": 0, "num_statements": 8, "percent_covered": 0.0, "percent_covered_display": "0.00", "missing_lines": 8, "excluded_lines": 0}, "missing_lines": [358, 360, 365, 367, 368, 370, 371, 372], "excluded_lines": []}, "NetworkRecoveryHandler.can_handle": {"executed_lines": [], "summary": {"covered_lines": 0, "num_statements": 1, "percent_covered": 0.0, "percent_covered_display": "0.00", "missing_lines": 1, "excluded_lines": 0}, "missing_lines": [380], "excluded_lines": []}, "NetworkRecoveryHandler.handle": {"executed_lines": [], "summary": {"covered_lines": 0, "num_statements": 8, "percent_covered": 0.0, "percent_covered_display": "0.00", "missing_lines": 8, "excluded_lines": 0}, "missing_lines": [384, 385, 390, 392, 393, 395, 396, 397], "excluded_lines": []}, "ErrorHandler.__init__": {"executed_lines": [], "summary": {"covered_lines": 0, "num_statements": 4, "percent_covered": 0.0, "percent_covered_display": "0.00", "missing_lines": 4, "excluded_lines": 0}, "missing_lines": [411, 412, 415, 432], "excluded_lines": []}, "ErrorHandler.add_strategy": {"executed_lines": [], "summary": {"covered_lines": 0, "num_statements": 1, "percent_covered": 0.0, "percent_covered_display": "0.00", "missing_lines": 1, "excluded_lines": 0}, "missing_lines": [439], "excluded_lines": []}, "ErrorHandler.add_recovery_handler": {"executed_lines": [], "summary": {"covered_lines": 0, "num_statements": 1, "percent_covered": 0.0, "percent_covered_display": "0.00", "missing_lines": 1, "excluded_lines": 0}, "missing_lines": [443], "excluded_lines": []}, "ErrorHandler.handle_with_retry": {"executed_lines": [], "summary": {"covered_lines": 0, "num_statements": 28, "percent_covered": 0.0, "percent_covered_display": "0.00", "missing_lines": 28, "excluded_lines": 0}, "missing_lines": [470, 472, 473, 475, 476, 478, 481, 482, 484, 486, 488, 489, 493, 494, 497, 500, 501, 504, 507, 510, 511, 512, 515, 518, 521, 522, 523, 526], "excluded_lines": []}, "ErrorHandler._attempt_recovery": {"executed_lines": [], "summary": {"covered_lines": 0, "num_statements": 10, "percent_covered": 0.0, "percent_covered_display": "0.00", "missing_lines": 10, "excluded_lines": 0}, "missing_lines": [530, 531, 532, 533, 534, 535, 536, 537, 538, 540], "excluded_lines": []}, "ErrorHandler._log_error": {"executed_lines": [], "summary": {"covered_lines": 0, "num_statements": 4, "percent_covered": 0.0, "percent_covered_display": "0.00", "missing_lines": 4, "excluded_lines": 0}, "missing_lines": [544, 551, 558, 559], "excluded_lines": []}, "with_error_handling": {"executed_lines": [], "summary": {"covered_lines": 0, "num_statements": 2, "percent_covered": 0.0, "percent_covered_display": "0.00", "missing_lines": 2, "excluded_lines": 0}, "missing_lines": [577, 595], "excluded_lines": []}, "with_error_handling.decorator": {"executed_lines": [], "summary": {"covered_lines": 0, "num_statements": 5, "percent_covered": 0.0, "percent_covered_display": "0.00", "missing_lines": 5, "excluded_lines": 0}, "missing_lines": [578, 583, 590, 591, 593], "excluded_lines": []}, "with_error_handling.decorator.async_wrapper": {"executed_lines": [], "summary": {"covered_lines": 0, "num_statements": 1, "percent_covered": 0.0, "percent_covered_display": "0.00", "missing_lines": 1, "excluded_lines": 0}, "missing_lines": [579], "excluded_lines": []}, "with_error_handling.decorator.sync_wrapper": {"executed_lines": [], "summary": {"covered_lines": 0, "num_statements": 1, "percent_covered": 0.0, "percent_covered_display": "0.00", "missing_lines": 1, "excluded_lines": 0}, "missing_lines": [584], "excluded_lines": []}, "": {"executed_lines": [], "summary": {"covered_lines": 0, "num_statements": 82, "percent_covered": 0.0, "percent_covered_display": "0.00", "missing_lines": 82, "excluded_lines": 10}, "missing_lines": [6, 7, 8, 9, 10, 11, 12, 13, 14, 16, 18, 21, 24, 25, 26, 27, 30, 33, 34, 35, 36, 37, 38, 39, 40, 41, 42, 43, 46, 47, 50, 51, 52, 53, 54, 55, 56, 57, 59, 63, 64, 71, 72, 76, 77, 81, 100, 106, 155, 188, 209, 228, 231, 245, 249, 262, 270, 273, 285, 289, 299, 306, 309, 313, 317, 326, 331, 349, 352, 356, 375, 378, 382, 400, 406, 437, 441, 445, 528, 542, 563, 566], "excluded_lines": [212, 213, 217, 218, 222, 223, 334, 335, 339, 340]}}, "classes": {"ErrorSeverity": {"executed_lines": [], "summary": {"covered_lines": 0, "num_statements": 0, "percent_covered": 100.0, "percent_covered_display": "100.00", "missing_lines": 0, "excluded_lines": 0}, "missing_lines": [], "excluded_lines": []}, "ErrorCategory": {"executed_lines": [], "summary": {"covered_lines": 0, "num_statements": 0, "percent_covered": 100.0, "percent_covered_display": "100.00", "missing_lines": 0, "excluded_lines": 0}, "missing_lines": [], "excluded_lines": []}, "ErrorContext": {"executed_lines": [], "summary": {"covered_lines": 0, "num_statements": 6, "percent_covered": 0.0, "percent_covered_display": "0.00", "missing_lines": 6, "excluded_lines": 0}, "missing_lines": [60, 61, 66, 74, 79, 83], "excluded_lines": []}, "ErrorClassifier": {"executed_lines": [], "summary": {"covered_lines": 0, "num_statements": 16, "percent_covered": 0.0, "percent_covered_display": "0.00", "missing_lines": 16, "excluded_lines": 0}, "missing_lines": [108, 131, 168, 169, 170, 173, 174, 175, 178, 179, 181, 182, 183, 186, 196, 198], "excluded_lines": []}, "RetryStrategy": {"executed_lines": [], "summary": {"covered_lines": 0, "num_statements": 0, "percent_covered": 100.0, "percent_covered_display": "100.00", "missing_lines": 0, "excluded_lines": 6}, "missing_lines": [], "excluded_lines": [214, 215, 219, 220, 224, 225]}, "ExponentialBackoffStrategy": {"executed_lines": [], "summary": {"covered_lines": 0, "num_statements": 13, "percent_covered": 0.0, "percent_covered_display": "0.00", "missing_lines": 13, "excluded_lines": 0}, "missing_lines": [239, 240, 241, 242, 243, 247, 252, 253, 256, 257, 258, 260, 264], "excluded_lines": []}, "LinearBackoffStrategy": {"executed_lines": [], "summary": {"covered_lines": 0, "num_statements": 11, "percent_covered": 0.0, "percent_covered_display": "0.00", "missing_lines": 11, "excluded_lines": 0}, "missing_lines": [280, 281, 282, 283, 287, 291, 292, 294, 295, 297, 301], "excluded_lines": []}, "FixedDelayStrategy": {"executed_lines": [], "summary": {"covered_lines": 0, "num_statements": 8, "percent_covered": 0.0, "percent_covered_display": "0.00", "missing_lines": 8, "excluded_lines": 0}, "missing_lines": [310, 311, 315, 319, 321, 322, 324, 328], "excluded_lines": []}, "ErrorRecoveryHandler": {"executed_lines": [], "summary": {"covered_lines": 0, "num_statements": 0, "percent_covered": 100.0, "percent_covered_display": "100.00", "missing_lines": 0, "excluded_lines": 8}, "missing_lines": [], "excluded_lines": [336, 337, 341, 342, 343, 344, 345, 346]}, "DatabaseRecoveryHandler": {"executed_lines": [], "summary": {"covered_lines": 0, "num_statements": 9, "percent_covered": 0.0, "percent_covered_display": "0.00", "missing_lines": 9, "excluded_lines": 0}, "missing_lines": [354, 358, 360, 365, 367, 368, 370, 371, 372], "excluded_lines": []}, "Netw
[...]
ered_display": "0.00", "missing_lines": 39, "excluded_lines": 2}, "missing_lines": [8, 9, 10, 12, 14, 15, 16, 18, 21, 24, 27, 37, 47, 78, 86, 100, 110, 129, 139, 149, 154, 159, 164, 174, 191, 199, 214, 224, 241, 249, 265, 275, 279, 283, 284, 288, 289, 293, 294], "excluded_lines": [95, 96]}}, "classes": {"QObjectMeta": {"executed_lines": [], "summary": {"covered_lines": 0, "num_statements": 0, "percent_covered": 100.0, "percent_covered_display": "100.00", "missing_lines": 0, "excluded_lines": 0}, "missing_lines": [], "excluded_lines": []}, "BasePresenter": {"executed_lines": [], "summary": {"covered_lines": 0, "num_statements": 92, "percent_covered": 0.0, "percent_covered_display": "0.00", "missing_lines": 92, "excluded_lines": 2}, "missing_lines": [38, 39, 40, 41, 42, 43, 45, 52, 53, 55, 57, 60, 63, 66, 69, 71, 72, 74, 75, 76, 80, 81, 82, 84, 88, 89, 90, 91, 93, 107, 108, 117, 119, 120, 121, 122, 123, 124, 125, 127, 136, 137, 146, 147, 151, 152, 156, 157, 161, 162, 171, 172, 176, 177, 180, 186, 187, 188, 189, 197, 205, 207, 208, 209, 211, 212, 220, 221, 222, 226, 227, 230, 236, 237, 238, 239, 247, 255, 257, 258, 259, 260, 262, 263, 271, 272, 273, 277, 281, 286, 291, 296], "excluded_lines": [97, 98]}, "": {"executed_lines": [], "summary": {"covered_lines": 0, "num_statements": 39, "percent_covered": 0.0, "percent_covered_display": "0.00", "missing_lines": 39, "excluded_lines": 2}, "missing_lines": [8, 9, 10, 12, 14, 15, 16, 18, 21, 24, 27, 37, 47, 78, 86, 100, 110, 129, 139, 149, 154, 159, 164, 174, 191, 199, 214, 224, 241, 249, 265, 275, 279, 283, 284, 288, 289, 293, 294], "excluded_lines": [95, 96]}}}, "src\\ui\\mvp\\base_view.py": {"executed_lines": [], "summary": {"covered_lines": 0, "num_statements": 107, "percent_covered": 0.0, "percent_covered_display": "0.00", "missing_lines": 107, "excluded_lines": 17}, "missing_lines": [8, 9, 10, 12, 13, 14, 16, 19, 22, 25, 35, 36, 37, 38, 40, 41, 42, 43, 44, 46, 48, 53, 54, 56, 57, 58, 59, 61, 62, 64, 66, 67, 68, 80, 82, 84, 91, 92, 94, 101, 104, 105, 106, 107, 108, 109, 112, 114, 121, 122, 123, 124, 125, 127, 133, 134, 146, 153, 154, 156, 163, 164, 166, 173, 174, 176, 178, 180, 182, 184, 186, 188, 190, 192, 194, 200, 201, 203, 209, 210, 212, 219, 221, 231, 233, 234, 235, 236, 237, 238, 239, 240, 241, 242, 244, 246, 253, 254, 256, 257, 259, 261, 262, 263, 265, 266, 268], "excluded_lines": [70, 71, 72, 73, 75, 76, 77, 78, 136, 137, 138, 139, 140, 141, 142, 143, 144], "functions": {"BaseView.__init__": {"executed_lines": [], "summary": {"covered_lines": 0, "num_statements": 5, "percent_covered": 0.0, "percent_covered_display": "0.00", "missing_lines": 5, "excluded_lines": 0}, "missing_lines": [41, 42, 43, 44, 46], "excluded_lines": []}, "BaseView.initialize": {"executed_lines": [], "summary": {"covered_lines": 0, "num_statements": 12, "percent_covered": 0.0, "percent_covered_display": "0.00", "missing_lines": 12, "excluded_lines": 0}, "missing_lines": [53, 54, 56, 57, 58, 59, 61, 62, 64, 66, 67, 68], "excluded_lines": []}, "BaseView.setup_ui": {"executed_lines": [], "summary": {"covered_lines": 0, "num_statements": 0, "percent_covered": 100.0, "percent_covered_display": "100.00", "missing_lines": 0, "excluded_lines": 2}, "missing_lines": [], "excluded_lines": [72, 73]}, "BaseView.connect_signals": {"executed_lines": [], "summary": {"covered_lines": 0, "num_statements": 0, "percent_covered": 100.0, "percent_covered_display": "100.00", "missing_lines": 0, "excluded_lines": 2}, "missing_lines": [], "excluded_lines": [77, 78]}, "BaseView.setup_validation": {"executed_lines": [], "summary": {"covered_lines": 0, "num_statements": 1, "percent_covered": 0.0, "percent_covered_display": "0.00", "missing_lines": 1, "excluded_lines": 0}, "missing_lines": [82], "excluded_lines": []}, "BaseView.register_event_handler": {"executed_lines": [], "summary": {"covered_lines": 0, "num_statements": 2, "percent_covered": 0.0, "percent_covered_display": "0.00", "missing_lines": 2, "excluded_lines": 0}, "missing_lines": [91, 92], "excluded_lines": []}, "BaseView.emit_user_action": {"executed_lines": [], "summary": {"covered_lines": 0, "num_statements": 8, "percent_covered": 0.0, "percent_covered_display": "0.00", "missing_lines": 8, "excluded_lines": 0}, "missing_lines": [101, 104, 105, 106, 107, 108, 109, 112], "excluded_lines": []}, "BaseView.update_display": {"executed_lines": [], "summary": {"covered_lines": 0, "num_statements": 5, "percent_covered": 0.0, "percent_covered_display": "0.00", "missing_lines": 5, "excluded_lines": 0}, "missing_lines": [121, 122, 123, 124, 125], "excluded_lines": []}, "BaseView.update_multiple_displays": {"executed_lines": [], "summary": {"covered_lines": 0, "num_statements": 2, "percent_covered": 0.0, "percent_covered_display": "0.00", "missing_lines": 2, "excluded_lines": 0}, "missing_lines": [133, 134], "excluded_lines": []}, "BaseView._update_field_display": {"executed_lines": [], "summary": {"covered_lines": 0, "num_statements": 0, "percent_covered": 100.0, "percent_covered_display": "100.00", "missing_lines": 0, "excluded_lines": 7}, "missing_lines": [], "excluded_lines": [138, 139, 140, 141, 142, 143, 144]}, "BaseView.show_error": {"executed_lines": [], "summary": {"covered_lines": 0, "num_statements": 2, "percent_covered": 0.0, "percent_covered_display": "0.00", "missing_lines": 2, "excluded_lines": 0}, "missing_lines": [153, 154], "excluded_lines": []}, "BaseView.show_info": {"executed_lines": [], "summary": {"covered_lines": 0, "num_statements": 2, "percent_covered": 0.0, "percent_covered_display": "0.00", "missing_lines": 2, "excluded_lines": 0}, "missing_lines": [163, 164], "excluded_lines": []}, "BaseView.show_warning": {"executed_lines": [], "summary": {"covered_lines": 0, "num_statements": 2, "percent_covered": 0.0, "percent_covered_display": "0.00", "missing_lines": 2, "excluded_lines": 0}, "missing_lines": [173, 174], "excluded_lines": []}, "BaseView._show_error_dialog": {"executed_lines": [], "summary": {"covered_lines": 0, "num_statements": 2, "percent_covered": 0.0, "percent_covered_display": "0.00", "missing_lines": 2, "excluded_lines": 0}, "missing_lines": [178, 180], "excluded_lines": []}, "BaseView._show_info_dialog": {"executed_lines": [], "summary": {"covered_lines": 0, "num_statements": 2, "percent_covered": 0.0, "percent_covered_display": "0.00", "missing_lines": 2, "excluded_lines": 0}, "missing_lines": [184, 186], "excluded_lines": []}, "BaseView._show_warning_dialog": {"executed_lines": [], "summary": {"covered_lines": 0, "num_statements": 2, "percent_covered": 0.0, "percent_covered_display": "0.00", "missing_lines": 2, "excluded_lines": 0}, "missing_lines": [190, 192], "excluded_lines": []}, "BaseView.set_enabled": {"executed_lines": [], "summary": {"covered_lines": 0, "num_statements": 2, "percent_covered": 0.0, "percent_covered_display": "0.00", "missing_lines": 2, "excluded_lines": 0}, "missing_lines": [200, 201], "excluded_lines": []}, "BaseView.set_loading": {"executed_lines": [], "summary": {"covered_lines": 0, "num_statements": 2, "percent_covered": 0.0, "percent_covered_display": "0.00", "missing_lines": 2, "excluded_lines": 0}, "missing_lines": [209, 210], "excluded_lines": []}, "BaseView._set_loading_state": {"executed_lines": [], "summary": {"covered_lines": 0, "num_statements": 1, "percent_covered": 0.0, "percent_covered_display": "0.00", "missing_lines": 1, "excluded_lines": 0}, "missing_lines": [219], "excluded_lines": []}, "BaseView.validate_input": {"executed_lines": [], "summary": {"covered_lines": 0, "num_statements": 12, "percent_covered": 0.0, "percent_covered_display": "0.00", "missing_lines": 12, "excluded_lines": 0}, "missing_lines": [231, 233, 234, 235, 236, 237, 238, 239, 240, 241, 242, 244], "excluded_lines": []}, "BaseView.add_validation_rule": {"executed_lines": [], "summary": {"covered_lines": 0, "num_statements": 4, "percent_covered": 0.0, "percent_covered_display": "0.00", "missing_lines": 4, "excluded_lines": 0}, "missing_lines": [253, 254, 256, 257], "excluded_lines": []}, "BaseView.closeEvent": {"executed_lines": [], "summary": {"covered_lines": 0, "num_statements": 3, "percent_covered": 0.0, "percent_covered_display": "0.00", "missing_lines": 3, "excluded_lines": 0}, "missing_lines": [261, 262, 263], "excluded_lines": []}, "BaseView.is_initialized": {"executed_lines": [], "summary": {"covered_lines": 0, "num_statements": 1, "percent_covered": 0.0, "percent_covered_display": "0.00", "missing_lines": 1, "excluded_lines": 0}, "missing_lines": [268], "excluded_lines": []}, "": {"executed_lines": [], "summary": {"covered_lines": 0, "num_statements": 35, "percent_covered": 0.0, "percent_covered_display": "0.00", "missing_lines": 35, "excluded_lines": 6}, "missing_lines": [8, 9, 10, 12, 13, 14, 16, 19, 22, 25, 35, 36, 37, 38, 40, 48, 80, 84, 94, 114, 127, 146, 156, 166, 176, 182, 188, 194, 203, 212, 221, 246, 259, 265, 266], "excluded_lines": [70, 71, 75, 76, 136, 137]}}, "classes": {"QWidgetMeta": {"executed_lines": [], "summary": {"covered_lines": 0, "num_statements": 0, "percent_covered": 100.0, "percent_covered_display": "100.00", "missing_lines": 0, "excluded_lines": 0}, "missing_lines": [], "excluded_lines": []}, "BaseView": {"executed_lines": [], "summary": {"covered_lines": 0, "num_statements": 72, "percent_covered": 0.0, "percent_covered_display": "0.00", "missing_lines": 72, "excluded_lines": 11}, "missing_lines": [41, 42, 43, 44, 46, 53, 54, 56, 57, 58, 59, 61, 62, 64, 66, 67, 68, 82, 91, 92, 101, 104, 105, 106, 107, 108, 109, 112, 121, 122, 123, 124, 125, 133, 134, 153, 154, 163, 164, 173, 174, 178, 180, 184, 186, 190, 192, 200, 201, 209, 210, 219, 231, 233, 234, 235, 236, 237, 238, 239, 240, 241, 242, 244, 253, 254, 256, 257, 261, 262, 263, 268], "excluded_lines": [72, 73, 77, 78, 138, 139, 140, 141, 142, 143, 144]}, "": {"executed_lines": [], "summary": {"covered_lines": 0, "num_statements": 35, "percent_covered": 0.0, "percent_covered_display": "0.00", "missing_lines": 35, "excluded_lines": 6}, "missing_lines": [8, 9, 10, 12, 13, 14, 16, 19, 22, 25, 35, 36, 37, 38, 40, 48, 80, 84, 94, 114, 127, 146, 156, 166, 176, 182, 188, 194, 203, 212, 221, 246, 259, 265, 266], "excluded_lines": [70, 71, 75, 76, 136, 137]}}}, "src\\utils\\__init__.py": {"executed_lines": [], "summary": {"covered_lines": 0, "num_statements": 3, "percent_covered": 0.0, "percent_covered_display": "0.00", "missing_lines": 3, "excluded_lines": 0}, "missing_lines": [6, 7, 8], "excluded_lines": [], "functions": {"": {"executed_lines": [], "summary": {"covered_lines": 0, "num_statements": 3, "percent_covered": 0.0, "percent_covered_display": "0.00", "missing_lines": 3, "excluded_lines": 0}, "missing_lines": [6, 7, 8], "excluded_lines": []}}, "classes": {"": {"executed_lines": [], "summary": {"covered_lines": 0, "num_statements": 3, "percent_covered": 0.0, "percent_covered_display": "0.00", "missing_lines": 3, "excluded_lines": 0}, "missing_lines": [6, 7, 8], "excluded_lines": []}}}, "src\\utils\\helpers.py": {"executed_lines": [], "summary": {"covered_lines": 0, "num_statements": 227, "percent_covered": 0.0, "percent_covered_display": "0.00", "missing_lines": 227, "excluded_lines": 0}, "missing_lines": [6, 7, 8, 9, 10, 11, 12, 13, 14, 16, 19, 25, 27, 28, 29, 32, 35, 44, 45, 46, 49, 59, 60, 61, 62, 63, 64, 67, 78, 80, 82, 83, 84, 85, 86, 87, 90, 100, 101, 102, 103, 104, 105, 106, 107, 108, 111, 120, 121, 123, 124, 125, 126, 127, 129, 132, 141, 142, 143, 144, 145, 147, 148, 151, 157, 158, 161, 173, 174, 183, 190, 191, 198, 200, 202, 207, 208, 209, 212, 218, 219, 220, 222, 224, 225, 226, 229, 246, 247, 248, 250, 252, 261, 263, 264, 265, 266, 267, 268, 271, 280, 281, 283, 284, 285, 286, 287, 295, 296, 298, 300, 301, 302, 303, 304, 305, 308, 317, 318, 320, 321, 322, 323, 324, 325, 326, 329, 330, 332, 334, 335, 336, 337, 338, 339, 342, 354, 356, 357, 358, 359, 360, 361, 362, 363, 364, 365, 366, 367, 368, 370, 371, 372, 374, 375, 376, 378, 379, 380, 384, 386, 388, 389, 390, 391, 392, 393, 396, 411, 412, 414, 415, 416, 419, 420, 422, 424, 427, 428, 429, 432, 433, 435, 437, 439, 441, 444, 446, 448, 449, 450, 453, 461, 463, 464, 465, 466, 469, 472, 473, 474, 475, 477, 479, 480, 481, 482, 484, 485, 488, 503, 504, 505, 506, 508, 509, 510, 511, 512, 513, 514, 517, 518, 520, 524, 526, 528], "excluded_lines": [], "functions": {"get_project_root": {"executed_lines": [], "summary": {"covered_lines": 0, "num_statements": 5, "percent_covered": 0.0, "percent_covered_display": "0.00", "missing_lines": 5, "excluded_lines": 0}, "missing_lines": [25, 27, 28, 29, 32], "excluded_lines": []}, "ensure_directory": {"executed_lines": [], "summary": {"covered_lines": 0, "num_statements": 3, "percent_covered": 0.0, "percent_covered_display": "0.00", "missing_lines": 3, "excluded_lines": 0}, "missing_lines": [44, 45, 46], "excluded_lines": []}, "safe_json_load": {"executed_lines": [], "summary": {"covered_lines": 0, "num_statements": 6, "percent_covered": 0.0, "percent_covered_display": "0.00", "missing_lines": 6, "excluded_lines": 0}, "missing_lines": [59, 60, 61, 62, 63, 64], "excluded_lines": []}, "safe_json_save": {"executed_lines": [], "summary": {"covered_lines": 0, "num_statements": 8, "percent_covered": 0.0, "percent_covered_display": "0.00", "missing_lines": 8, "excluded_lines": 0}, "missing_lines": [78, 80, 82, 83, 84, 85, 86, 87], "excluded_lines": []}, "get_file_hash": {"executed_lines": [], "summary": {"covered_lines": 0, "num_statements": 9, "percent_covered": 0.0, "percent_covered_display": "0.00", "missing_lines": 9, "excluded_lines": 0}, "missing_lines": [100, 101, 102, 103, 104, 105, 106, 107, 108], "excluded_lines": []}, "format_file_size": {"executed_lines": [], "summary": {"covered_lines": 0, "num_statements": 8, "percent_covered": 0.0, "percent_covered_display": "0.00", "missing_lines": 8, "excluded_lines": 0}, "missing_lines": [120, 121, 123, 124, 125, 126, 127, 129], "excluded_lines": []}, "format_duration": {"executed_lines": [], "summary": {"covered_lines": 0, "num_statements": 7, "percent_covered": 0.0, "percent_covered_display": "0.00", "missing_lines": 7, "excluded_lines": 0}, "missing_lines": [141, 142, 143, 144, 145, 147, 148], "excluded_lines": []}, "get_system_info": {"executed_lines": [], "summary": {"covered_lines": 0, "num_statements": 14, "percent_covered": 0.0, "percent_covered_display": "0.00", "missing_lines": 14, "excluded_lines": 0}, "missing_lines": [157, 158, 161, 173, 174, 183, 190, 191, 198, 200, 202, 207, 208, 209], "excluded_lines": []}, "is_admin": {"executed_lines": [], "summary": {"covered_lines": 0, "num_statements": 7, "percent_covered": 0.0, "percent_covered_display": "0.00", "missing_lines": 7, "excluded_lines": 0}, "missing_lines": [218, 219, 220, 222, 224, 225, 226], "excluded_lines": []}, "run_command": {"executed_lines": [], "summary": {"covered_lines": 0, "num_statements": 12, "percent_covered": 0.0, "percent_covered_display": "0.00", "missing_lines": 12, "excluded_lines": 0}, "missing_lines": [246, 247, 248, 250, 252, 261, 263, 264, 265, 266, 267, 268], "excluded_lines": []}, "find_process_by_name": {"executed_lines": [], "summary": {"covered_lines": 0, "num_statements": 16, "percent_covered": 0.0, "percent_covered_display": "0.00", "missing_lines": 16, "excluded_lines": 0}, "missing_lines": [280, 281, 283, 284, 285, 286, 287, 295, 296, 298, 300, 301, 302, 303, 304, 305], "excluded_lines": []}, "kill_process_by_name": {"executed_lines": [], "summary": {"covered_lines": 0, "num_statements": 18, "percent_covered": 0.0, "percent_covered_display": "0.00", "missing_lines": 18, "excluded_lines": 0}, "missing_lines": [317, 318, 320, 321, 322, 323, 324, 325, 326, 329, 330, 332, 334, 335, 336, 337, 338, 339], "excluded_lines": []}, "validate_config": {"executed_lines": [], "summary": {"covered_lines": 0, "num_statements": 9, "percent_covered": 0.0, "percent_covered_display": "0.00", "missing_lines": 9, "excluded_lines": 0}, "missing_lines": [354, 356, 370, 388, 389, 390, 391, 392, 393], "excluded_lines": []}, "validate_config.validate_value": {"executed_lines": [], "summary": {"covered_lines": 0, "num_statements": 12, "percent_covered": 0.0, "percent_covered_display": "0.00", "missing_lines": 12, "excluded_lines": 0}, "missing_lines": [357, 358, 359, 360, 361, 362, 363, 364, 365, 366, 367, 368], "excluded_lines": []}, "validate_config.validate_section": {"executed_lines": [], "summary": {"covered_lines": 0, "num_statements": 10, "percent_covered": 0.0, "percent_covered_display": "0.00", "missing_lines": 10, "excluded_lines": 0}, "missing_lines": [371, 372, 374, 375, 376, 378, 379, 380, 384, 386], "excluded_lines": []}, "create_backup": {"executed_lines": [], "summary": {"covered_lines": 0, "num_statements": 23, "percent_covered": 0.0, "percent_covered_display": "0.00", "missing_lines": 23, "excluded_lines": 0}, "missing_lines": [411, 412, 414, 415, 416, 419, 420, 422, 424, 427, 428, 429, 432, 433, 435, 437, 439, 441, 444, 446, 448, 449, 450], "excluded_lines": []}, "_cleanup_old_backups": {"executed_lines": [], "summary": {"covered_lines": 0, "num_statements": 17, "percent_covered": 0.0, "percent_covered_display": "0.00", "missing_lines": 17, "excluded_lines": 0}, "missing_lines": [461, 463, 464, 465, 466, 469, 472, 473, 474, 475, 477, 479, 480, 481, 482, 484, 485], "excluded_lines": []}, "retry_on_exception": {"executed_lines": [], "summary": {"covered_lines": 0, "num_statements": 2, "percent_covered": 0.0, "percent_covered_display": "0.00", "missing_lines": 2, "excluded_lines": 0}, "missing_lines": [503, 528], "excluded_lines": []}, "retry_on_exception.decorator": {"executed_lines": [], "summary": {"covered_lines": 0, "num_statements": 2, "percent_covered": 0.0, "percent_covered_display": "0.00", "missing_lines": 2, "excluded_lines": 0}, "missing_lines": [504, 526], "excluded_lines": []}, "retry_on_exception.decorator.wrapper": {"executed_lines": [], "summary": {"covered_lines": 0, "num_statements": 13, "percent_covered": 0.0, "percent_covered_display": "0.00", "missing_lines": 13, "excluded_lines": 0}, "missing_lines": [505, 506, 508, 509, 510, 511, 512, 513, 514, 517, 518, 520, 524], "excluded_lines": []}, "": {"executed_lines": [], "summary": {"covered_lines": 0, "num_statements": 26, "percent_covered": 0.0, "percent_covered_display": "0.00", "missing_lines": 26, "excluded_lines": 0}, "missing_lines": [6, 7, 8, 9, 10, 11, 12, 13, 14, 16, 19, 35, 49, 67, 90, 111, 132, 151, 212, 229, 271, 308, 342, 396, 453, 488], "excluded_lines": []}}, "classes": {"": {"executed_lines": [], "summary": {"covered_lines": 0, "num_statements": 227, "percent_covered": 0.0, "percent_covered_display": "0.00", "missing_lines": 227, "excluded_lines": 0}, "missing_lines": [6, 7, 8, 9, 10, 11, 12, 13, 14, 16, 19, 25, 27, 28, 29, 32, 35, 44, 45, 46, 49, 59, 60, 61, 62, 63, 64, 67, 78, 80, 82, 83, 84, 85, 86, 87, 90, 100, 101, 102, 103, 104, 105, 106, 107, 108, 111, 120, 121, 123, 124, 125, 126, 127, 129, 132, 141, 142, 143, 144, 145, 147, 148, 151, 157, 158, 161, 173, 174, 183, 190, 191, 198, 200, 202, 207, 208, 209, 212, 218, 219, 220, 222, 224, 225, 226, 229, 246, 247, 248, 250, 252, 261, 263, 264, 265, 266, 267, 268, 271, 280, 281, 283, 284, 285, 286, 287, 295, 296, 298, 300, 301, 302, 303, 304, 305, 308, 317, 318, 320, 321, 322, 323, 324, 325, 326, 329, 330, 332, 334, 335, 336, 337, 338, 339, 342, 354, 356, 357, 358, 359, 360, 361, 362, 363, 364, 365, 366, 367, 368, 370, 371, 372, 374, 375, 376, 378, 379, 380, 384, 386, 388, 389, 390, 391, 392, 393, 396, 411, 412, 414, 415, 416, 419, 420, 422, 424, 427, 428, 429, 432, 433, 435, 437, 439, 441, 444, 446, 448, 449, 450, 453, 461, 463, 464, 465, 466, 469, 472, 473, 474, 475, 477, 479, 480, 481, 482, 484, 485, 488, 503, 504, 505, 506, 508, 509, 510, 511, 512, 513, 514, 517, 518, 520, 524, 526, 528], "excluded_lines": []}}}}, "totals": {"covered_lines": 0, "num_statements": 17573, "percent_covered": 0.0, "percent_covered_display": "0.00", "missing_lines": 17573, "excluded_lines": 221}}