<?xml version="1.0" encoding="UTF-8"?>
<coverage generated="1756338661352" clover="3.2.0">
  <project timestamp="1756338661352" name="All files">
    <metrics statements="228" coveredstatements="212" conditionals="75" coveredconditionals="64" methods="31" coveredmethods="25" elements="334" coveredelements="301" complexity="0" loc="228" ncloc="228" packages="1" files="1" classes="1"/>
    <file name="ImageRecognition.ts" path="E:\UGit\xingtie\src\modules\ImageRecognition.ts">
      <metrics statements="228" coveredstatements="212" conditionals="75" coveredconditionals="64" methods="31" coveredmethods="25"/>
      <line num="3" count="1" type="stmt"/>
      <line num="4" count="1" type="stmt"/>
      <line num="7" count="1" type="stmt"/>
      <line num="8" count="1" type="stmt"/>
      <line num="9" count="1" type="stmt"/>
      <line num="40" count="1" type="stmt"/>
      <line num="41" count="49" type="stmt"/>
      <line num="42" count="49" type="stmt"/>
      <line num="43" count="49" type="stmt"/>
      <line num="44" count="49" type="stmt"/>
      <line num="45" count="49" type="stmt"/>
      <line num="46" count="49" type="stmt"/>
      <line num="53" count="49" type="stmt"/>
      <line num="62" count="49" type="stmt"/>
      <line num="63" count="0" type="stmt"/>
      <line num="64" count="78" type="stmt"/>
      <line num="65" count="187" type="stmt"/>
      <line num="73" count="43" type="stmt"/>
      <line num="74" count="43" type="stmt"/>
      <line num="77" count="43" type="cond" truecount="4" falsecount="0"/>
      <line num="79" count="5" type="stmt"/>
      <line num="80" count="5" type="stmt"/>
      <line num="83" count="38" type="stmt"/>
      <line num="86" count="38" type="stmt"/>
      <line num="87" count="38" type="cond" truecount="2" falsecount="0"/>
      <line num="88" count="1" type="stmt"/>
      <line num="92" count="37" type="stmt"/>
      <line num="93" count="37" type="stmt"/>
      <line num="99" count="32" type="cond" truecount="2" falsecount="0"/>
      <line num="100" count="1" type="stmt"/>
      <line num="101" count="1" type="stmt"/>
      <line num="107" count="1" type="stmt"/>
      <line num="109" count="1" type="stmt"/>
      <line num="110" count="1" type="stmt"/>
      <line num="111" count="1" type="stmt"/>
      <line num="112" count="1" type="stmt"/>
      <line num="115" count="31" type="stmt"/>
      <line num="116" count="31" type="stmt"/>
      <line num="117" count="31" type="stmt"/>
      <line num="118" count="31" type="stmt"/>
      <line num="121" count="6" type="stmt"/>
      <line num="122" count="6" type="stmt"/>
      <line num="130" count="39" type="stmt"/>
      <line num="131" count="39" type="stmt"/>
      <line num="134" count="39" type="cond" truecount="2" falsecount="0"/>
      <line num="135" count="39" type="cond" truecount="2" falsecount="0"/>
      <line num="136" count="4" type="stmt"/>
      <line num="140" count="35" type="stmt"/>
      <line num="141" count="35" type="cond" truecount="2" falsecount="0"/>
      <line num="142" count="31" type="stmt"/>
      <line num="146" count="4" type="stmt"/>
      <line num="149" count="3" type="stmt"/>
      <line num="151" count="3" type="cond" truecount="2" falsecount="0"/>
      <line num="152" count="2" type="stmt"/>
      <line num="153" count="2" type="stmt"/>
      <line num="160" count="1" type="stmt"/>
      <line num="161" count="1" type="stmt"/>
      <line num="168" count="36" type="stmt"/>
      <line num="169" count="36" type="stmt"/>
      <line num="180" count="35" type="stmt"/>
      <line num="182" count="35" type="stmt"/>
      <line num="183" count="5" type="cond" truecount="2" falsecount="0"/>
      <line num="184" count="1" type="stmt"/>
      <line num="188" count="4" type="cond" truecount="2" falsecount="0"/>
      <line num="189" count="1" type="stmt"/>
      <line num="190" count="1" type="stmt"/>
      <line num="194" count="3" type="stmt"/>
      <line num="197" count="3" type="stmt"/>
      <line num="199" count="3" type="stmt"/>
      <line num="201" count="30" type="stmt"/>
      <line num="202" count="30" type="stmt"/>
      <line num="210" count="3" type="stmt"/>
      <line num="211" count="3" type="stmt"/>
      <line num="212" count="3" type="stmt"/>
      <line num="213" count="3" type="stmt"/>
      <line num="215" count="3" type="stmt"/>
      <line num="222" count="3" type="stmt"/>
      <line num="223" count="2" type="stmt"/>
      <line num="224" count="2" type="stmt"/>
      <line num="228" count="2" type="cond" truecount="1" falsecount="1"/>
      <line num="229" count="2" type="stmt"/>
      <line num="238" count="3" type="stmt"/>
      <line num="252" count="2" type="stmt"/>
      <line num="253" count="2" type="stmt"/>
      <line num="255" count="2" type="stmt"/>
      <line num="256" count="200" type="stmt"/>
      <line num="257" count="20000" type="stmt"/>
      <line num="258" count="20000" type="stmt"/>
      <line num="259" count="20000" type="stmt"/>
      <line num="260" count="20000" type="stmt"/>
      <line num="262" count="20000" type="stmt"/>
      <line num="263" count="20000" type="stmt"/>
      <line num="264" count="20000" type="stmt"/>
      <line num="266" count="20000" type="stmt"/>
      <line num="267" count="20000" type="stmt"/>
      <line num="271" count="2" type="stmt"/>
      <line num="272" count="2" type="stmt"/>
      <line num="279" count="3" type="stmt"/>
      <line num="280" count="3" type="stmt"/>
      <line num="283" count="3" type="stmt"/>
      <line num="284" count="3" type="cond" truecount="2" falsecount="0"/>
      <line num="285" count="1" type="stmt"/>
      <line num="288" count="2" type="stmt"/>
      <line num="291" count="2" type="cond" truecount="2" falsecount="0"/>
      <line num="292" count="1" type="stmt"/>
      <line num="296" count="1" type="stmt"/>
      <line num="298" count="1" type="stmt"/>
      <line num="305" count="2" type="stmt"/>
      <line num="306" count="2" type="stmt"/>
      <line num="318" count="35" type="stmt"/>
      <line num="319" count="35" type="stmt"/>
      <line num="323" count="3" type="cond" truecount="2" falsecount="0"/>
      <line num="324" count="1" type="stmt"/>
      <line num="325" count="1" type="stmt"/>
      <line num="327" count="3" type="stmt"/>
      <line num="334" count="1" type="stmt"/>
      <line num="335" count="1" type="stmt"/>
      <line num="336" count="1" type="stmt"/>
      <line num="339" count="1" type="stmt"/>
      <line num="340" count="18" type="stmt"/>
      <line num="341" count="324" type="cond" truecount="1" falsecount="1"/>
      <line num="342" count="0" type="stmt"/>
      <line num="347" count="1" type="stmt"/>
      <line num="354" count="324" type="stmt"/>
      <line num="355" count="324" type="stmt"/>
      <line num="357" count="324" type="stmt"/>
      <line num="358" count="2916" type="stmt"/>
      <line num="359" count="26244" type="stmt"/>
      <line num="360" count="26244" type="stmt"/>
      <line num="361" count="26244" type="stmt"/>
      <line num="362" count="26244" type="stmt"/>
      <line num="363" count="26244" type="stmt"/>
      <line num="364" count="26244" type="stmt"/>
      <line num="366" count="26244" type="stmt"/>
      <line num="369" count="26244" type="stmt"/>
      <line num="373" count="26244" type="cond" truecount="3" falsecount="1"/>
      <line num="374" count="0" type="stmt"/>
      <line num="376" count="26244" type="stmt"/>
      <line num="380" count="324" type="stmt"/>
      <line num="387" count="5" type="stmt"/>
      <line num="388" count="5" type="stmt"/>
      <line num="389" count="5" type="cond" truecount="2" falsecount="0"/>
      <line num="390" count="1" type="stmt"/>
      <line num="393" count="4" type="stmt"/>
      <line num="395" count="3" type="cond" truecount="2" falsecount="0"/>
      <line num="396" count="1" type="stmt"/>
      <line num="399" count="3" type="stmt"/>
      <line num="400" count="3" type="stmt"/>
      <line num="401" count="3" type="stmt"/>
      <line num="403" count="3" type="stmt"/>
      <line num="410" count="2" type="stmt"/>
      <line num="411" count="2" type="stmt"/>
      <line num="422" count="3" type="stmt"/>
      <line num="423" count="3" type="stmt"/>
      <line num="424" count="3" type="stmt"/>
      <line num="426" count="3" type="stmt"/>
      <line num="427" count="150" type="stmt"/>
      <line num="428" count="12500" type="stmt"/>
      <line num="429" count="12500" type="stmt"/>
      <line num="431" count="12500" type="cond" truecount="8" falsecount="0"/>
      <line num="434" count="2500" type="stmt"/>
      <line num="439" count="3" type="stmt"/>
      <line num="446" count="5" type="stmt"/>
      <line num="447" count="5" type="stmt"/>
      <line num="449" count="5" type="stmt"/>
      <line num="459" count="5" type="stmt"/>
      <line num="461" count="5" type="stmt"/>
      <line num="462" count="35" type="stmt"/>
      <line num="464" count="35" type="cond" truecount="2" falsecount="0"/>
      <line num="465" count="14" type="stmt"/>
      <line num="466" count="14" type="cond" truecount="2" falsecount="0"/>
      <line num="467" count="2" type="stmt"/>
      <line num="472" count="5" type="cond" truecount="2" falsecount="0"/>
      <line num="473" count="1" type="stmt"/>
      <line num="474" count="1" type="stmt"/>
      <line num="477" count="4" type="stmt"/>
      <line num="478" count="4" type="stmt"/>
      <line num="481" count="0" type="stmt"/>
      <line num="482" count="0" type="stmt"/>
      <line num="494" count="4" type="stmt"/>
      <line num="495" count="4" type="stmt"/>
      <line num="497" count="4" type="stmt"/>
      <line num="498" count="34" type="stmt"/>
      <line num="499" count="34" type="stmt"/>
      <line num="501" count="34" type="cond" truecount="2" falsecount="0"/>
      <line num="502" count="1" type="stmt"/>
      <line num="503" count="1" type="stmt"/>
      <line num="504" count="1" type="stmt"/>
      <line num="508" count="33" type="stmt"/>
      <line num="510" count="0" type="stmt"/>
      <line num="511" count="0" type="stmt"/>
      <line num="515" count="3" type="stmt"/>
      <line num="516" count="3" type="stmt"/>
      <line num="517" count="3" type="stmt"/>
      <line num="527" count="3" type="stmt"/>
      <line num="528" count="3" type="stmt"/>
      <line num="529" count="3" type="cond" truecount="1" falsecount="1"/>
      <line num="530" count="0" type="stmt"/>
      <line num="533" count="3" type="stmt"/>
      <line num="535" count="3" type="cond" truecount="6" falsecount="0"/>
      <line num="536" count="1" type="stmt"/>
      <line num="537" count="1" type="stmt"/>
      <line num="540" count="2" type="stmt"/>
      <line num="541" count="2" type="stmt"/>
      <line num="542" count="2" type="stmt"/>
      <line num="545" count="0" type="stmt"/>
      <line num="546" count="0" type="stmt"/>
      <line num="554" count="47" type="stmt"/>
      <line num="555" count="47" type="stmt"/>
      <line num="556" count="47" type="stmt"/>
      <line num="557" count="47" type="stmt"/>
      <line num="564" count="2" type="stmt"/>
      <line num="565" count="2" type="stmt"/>
      <line num="572" count="7" type="stmt"/>
      <line num="582" count="0" type="stmt"/>
      <line num="589" count="0" type="cond" truecount="0" falsecount="2"/>
      <line num="590" count="0" type="stmt"/>
      <line num="591" count="0" type="stmt"/>
      <line num="593" count="0" type="stmt"/>
      <line num="600" count="1" type="stmt"/>
      <line num="607" count="1" type="stmt"/>
      <line num="608" count="4" type="stmt"/>
      <line num="609" count="4" type="cond" truecount="1" falsecount="1"/>
      <line num="610" count="4" type="stmt"/>
      <line num="611" count="4" type="stmt"/>
      <line num="620" count="2" type="stmt"/>
      <line num="627" count="0" type="stmt"/>
      <line num="631" count="1" type="stmt"/>
    </file>
  </project>
</coverage>
