{"E:\\UGit\\xingtie\\src\\modules\\ImageRecognition.ts": {"path":"E:\\UGit\\xingtie\\src\\modules\\ImageRecognition.ts","statementMap":{"0":{"start":{"line":3,"column":0},"end":{"line":3,"column":44}},"1":{"start":{"line":4,"column":0},"end":{"line":4,"column":39}},"2":{"start":{"line":7,"column":0},"end":{"line":7,"column":36}},"3":{"start":{"line":8,"column":0},"end":{"line":8,"column":25}},"4":{"start":{"line":9,"column":0},"end":{"line":9,"column":29}},"5":{"start":{"line":41,"column":10},"end":{"line":41,"column":null}},"6":{"start":{"line":42,"column":10},"end":{"line":42,"column":null}},"7":{"start":{"line":43,"column":10},"end":{"line":43,"column":null}},"8":{"start":{"line":44,"column":10},"end":{"line":44,"column":null}},"9":{"start":{"line":45,"column":10},"end":{"line":45,"column":null}},"10":{"start":{"line":46,"column":10},"end":{"line":50,"column":null}},"11":{"start":{"line":53,"column":4},"end":{"line":60,"column":6}},"12":{"start":{"line":62,"column":4},"end":{"line":66,"column":6}},"13":{"start":{"line":63,"column":29},"end":{"line":63,"column":69}},"14":{"start":{"line":64,"column":43},"end":{"line":64,"column":92}},"15":{"start":{"line":65,"column":30},"end":{"line":65,"column":72}},"16":{"start":{"line":73,"column":4},"end":{"line":123,"column":5}},"17":{"start":{"line":74,"column":18},"end":{"line":74,"column":28}},"18":{"start":{"line":77,"column":6},"end":{"line":81,"column":7}},"19":{"start":{"line":79,"column":8},"end":{"line":79,"column":37}},"20":{"start":{"line":80,"column":8},"end":{"line":80,"column":35}},"21":{"start":{"line":83,"column":6},"end":{"line":83,"column":37}},"22":{"start":{"line":86,"column":23},"end":{"line":86,"column":54}},"23":{"start":{"line":87,"column":6},"end":{"line":89,"column":7}},"24":{"start":{"line":88,"column":8},"end":{"line":88,"column":37}},"25":{"start":{"line":92,"column":26},"end":{"line":92,"column":37}},"26":{"start":{"line":93,"column":31},"end":{"line":96,"column":8}},"27":{"start":{"line":99,"column":6},"end":{"line":113,"column":7}},"28":{"start":{"line":100,"column":26},"end":{"line":100,"column":59}},"29":{"start":{"line":101,"column":29},"end":{"line":106,"column":12}},"30":{"start":{"line":107,"column":30},"end":{"line":107,"column":71}},"31":{"start":{"line":109,"column":8},"end":{"line":109,"column":44}},"32":{"start":{"line":110,"column":8},"end":{"line":110,"column":38}},"33":{"start":{"line":111,"column":8},"end":{"line":111,"column":103}},"34":{"start":{"line":112,"column":8},"end":{"line":112,"column":29}},"35":{"start":{"line":115,"column":6},"end":{"line":115,"column":45}},"36":{"start":{"line":116,"column":6},"end":{"line":116,"column":36}},"37":{"start":{"line":117,"column":6},"end":{"line":117,"column":79}},"38":{"start":{"line":118,"column":6},"end":{"line":118,"column":30}},"39":{"start":{"line":121,"column":6},"end":{"line":121,"column":40}},"40":{"start":{"line":122,"column":6},"end":{"line":122,"column":18}},"41":{"start":{"line":130,"column":4},"end":{"line":173,"column":5}},"42":{"start":{"line":131,"column":6},"end":{"line":131,"column":51}},"43":{"start":{"line":134,"column":31},"end":{"line":134,"column":75}},"44":{"start":{"line":135,"column":6},"end":{"line":137,"column":7}},"45":{"start":{"line":136,"column":8},"end":{"line":136,"column":34}},"46":{"start":{"line":140,"column":23},"end":{"line":140,"column":60}},"47":{"start":{"line":141,"column":6},"end":{"line":143,"column":7}},"48":{"start":{"line":142,"column":8},"end":{"line":142,"column":53}},"49":{"start":{"line":146,"column":30},"end":{"line":146,"column":63}},"50":{"start":{"line":149,"column":26},"end":{"line":149,"column":84}},"51":{"start":{"line":151,"column":6},"end":{"line":165,"column":7}},"52":{"start":{"line":152,"column":8},"end":{"line":152,"column":96}},"53":{"start":{"line":153,"column":8},"end":{"line":158,"column":10}},"54":{"start":{"line":160,"column":8},"end":{"line":160,"column":124}},"55":{"start":{"line":161,"column":8},"end":{"line":164,"column":10}},"56":{"start":{"line":168,"column":6},"end":{"line":168,"column":42}},"57":{"start":{"line":169,"column":6},"end":{"line":172,"column":8}},"58":{"start":{"line":180,"column":4},"end":{"line":203,"column":5}},"59":{"start":{"line":182,"column":23},"end":{"line":182,"column":61}},"60":{"start":{"line":183,"column":6},"end":{"line":185,"column":7}},"61":{"start":{"line":184,"column":8},"end":{"line":184,"column":49}},"62":{"start":{"line":188,"column":6},"end":{"line":191,"column":7}},"63":{"start":{"line":189,"column":8},"end":{"line":189,"column":54}},"64":{"start":{"line":190,"column":8},"end":{"line":190,"column":20}},"65":{"start":{"line":194,"column":23},"end":{"line":194,"column":52}},"66":{"start":{"line":197,"column":6},"end":{"line":197,"column":50}},"67":{"start":{"line":199,"column":6},"end":{"line":199,"column":22}},"68":{"start":{"line":201,"column":6},"end":{"line":201,"column":58}},"69":{"start":{"line":202,"column":6},"end":{"line":202,"column":18}},"70":{"start":{"line":210,"column":28},"end":{"line":210,"column":44}},"71":{"start":{"line":211,"column":31},"end":{"line":211,"column":48}},"72":{"start":{"line":212,"column":28},"end":{"line":212,"column":42}},"73":{"start":{"line":213,"column":29},"end":{"line":213,"column":44}},"74":{"start":{"line":215,"column":20},"end":{"line":219,"column":6}},"75":{"start":{"line":222,"column":4},"end":{"line":236,"column":5}},"76":{"start":{"line":222,"column":17},"end":{"line":222,"column":18}},"77":{"start":{"line":223,"column":6},"end":{"line":235,"column":7}},"78":{"start":{"line":223,"column":19},"end":{"line":223,"column":20}},"79":{"start":{"line":224,"column":27},"end":{"line":225,"column":null}},"80":{"start":{"line":228,"column":8},"end":{"line":234,"column":9}},"81":{"start":{"line":229,"column":10},"end":{"line":233,"column":12}},"82":{"start":{"line":238,"column":4},"end":{"line":238,"column":21}},"83":{"start":{"line":252,"column":20},"end":{"line":252,"column":21}},"84":{"start":{"line":253,"column":21},"end":{"line":253,"column":22}},"85":{"start":{"line":255,"column":4},"end":{"line":269,"column":5}},"86":{"start":{"line":255,"column":17},"end":{"line":255,"column":18}},"87":{"start":{"line":256,"column":6},"end":{"line":268,"column":7}},"88":{"start":{"line":256,"column":19},"end":{"line":256,"column":20}},"89":{"start":{"line":257,"column":35},"end":{"line":257,"column":83}},"90":{"start":{"line":258,"column":37},"end":{"line":258,"column":65}},"91":{"start":{"line":259,"column":36},"end":{"line":259,"column":65}},"92":{"start":{"line":260,"column":34},"end":{"line":260,"column":61}},"93":{"start":{"line":262,"column":22},"end":{"line":262,"column":67}},"94":{"start":{"line":263,"column":22},"end":{"line":263,"column":67}},"95":{"start":{"line":264,"column":22},"end":{"line":264,"column":67}},"96":{"start":{"line":266,"column":8},"end":{"line":266,"column":49}},"97":{"start":{"line":267,"column":8},"end":{"line":267,"column":21}},"98":{"start":{"line":271,"column":20},"end":{"line":271,"column":42}},"99":{"start":{"line":272,"column":4},"end":{"line":272,"column":44}},"100":{"start":{"line":279,"column":4},"end":{"line":311,"column":5}},"101":{"start":{"line":280,"column":6},"end":{"line":280,"column":40}},"102":{"start":{"line":283,"column":31},"end":{"line":283,"column":61}},"103":{"start":{"line":284,"column":6},"end":{"line":286,"column":7}},"104":{"start":{"line":285,"column":8},"end":{"line":285,"column":34}},"105":{"start":{"line":288,"column":18},"end":{"line":288,"column":51}},"106":{"start":{"line":291,"column":6},"end":{"line":293,"column":7}},"107":{"start":{"line":292,"column":8},"end":{"line":292,"column":116}},"108":{"start":{"line":296,"column":26},"end":{"line":296,"column":55}},"109":{"start":{"line":298,"column":6},"end":{"line":302,"column":8}},"110":{"start":{"line":305,"column":6},"end":{"line":305,"column":43}},"111":{"start":{"line":306,"column":6},"end":{"line":310,"column":8}},"112":{"start":{"line":318,"column":18},"end":{"line":318,"column":43}},"113":{"start":{"line":319,"column":4},"end":{"line":319,"column":88}},"114":{"start":{"line":323,"column":4},"end":{"line":326,"column":5}},"115":{"start":{"line":324,"column":23},"end":{"line":324,"column":61}},"116":{"start":{"line":325,"column":6},"end":{"line":325,"column":42}},"117":{"start":{"line":327,"column":4},"end":{"line":327,"column":42}},"118":{"start":{"line":334,"column":84},"end":{"line":334,"column":86}},"119":{"start":{"line":335,"column":18},"end":{"line":335,"column":29}},"120":{"start":{"line":336,"column":21},"end":{"line":336,"column":33}},"121":{"start":{"line":339,"column":4},"end":{"line":345,"column":5}},"122":{"start":{"line":339,"column":17},"end":{"line":339,"column":18}},"123":{"start":{"line":340,"column":6},"end":{"line":344,"column":7}},"124":{"start":{"line":340,"column":19},"end":{"line":340,"column":20}},"125":{"start":{"line":341,"column":8},"end":{"line":343,"column":9}},"126":{"start":{"line":342,"column":10},"end":{"line":342,"column":56}},"127":{"start":{"line":347,"column":4},"end":{"line":347,"column":19}},"128":{"start":{"line":354,"column":20},"end":{"line":354,"column":21}},"129":{"start":{"line":355,"column":22},"end":{"line":355,"column":23}},"130":{"start":{"line":357,"column":4},"end":{"line":378,"column":5}},"131":{"start":{"line":357,"column":18},"end":{"line":357,"column":19}},"132":{"start":{"line":358,"column":6},"end":{"line":377,"column":7}},"133":{"start":{"line":358,"column":20},"end":{"line":358,"column":21}},"134":{"start":{"line":359,"column":32},"end":{"line":359,"column":67}},"135":{"start":{"line":360,"column":32},"end":{"line":360,"column":71}},"136":{"start":{"line":361,"column":33},"end":{"line":361,"column":72}},"137":{"start":{"line":362,"column":31},"end":{"line":362,"column":57}},"138":{"start":{"line":363,"column":29},"end":{"line":363,"column":53}},"139":{"start":{"line":364,"column":30},"end":{"line":364,"column":55}},"140":{"start":{"line":366,"column":26},"end":{"line":368,"column":64}},"141":{"start":{"line":369,"column":27},"end":{"line":371,"column":66}},"142":{"start":{"line":373,"column":8},"end":{"line":375,"column":9}},"143":{"start":{"line":374,"column":10},"end":{"line":374,"column":22}},"144":{"start":{"line":376,"column":8},"end":{"line":376,"column":22}},"145":{"start":{"line":380,"column":4},"end":{"line":380,"column":43}},"146":{"start":{"line":387,"column":4},"end":{"line":415,"column":5}},"147":{"start":{"line":388,"column":31},"end":{"line":388,"column":61}},"148":{"start":{"line":389,"column":6},"end":{"line":391,"column":7}},"149":{"start":{"line":390,"column":8},"end":{"line":390,"column":34}},"150":{"start":{"line":393,"column":18},"end":{"line":393,"column":51}},"151":{"start":{"line":395,"column":6},"end":{"line":397,"column":7}},"152":{"start":{"line":396,"column":8},"end":{"line":396,"column":116}},"153":{"start":{"line":399,"column":29},"end":{"line":399,"column":72}},"154":{"start":{"line":400,"column":26},"end":{"line":400,"column":52}},"155":{"start":{"line":401,"column":25},"end":{"line":401,"column":53}},"156":{"start":{"line":403,"column":6},"end":{"line":407,"column":8}},"157":{"start":{"line":410,"column":6},"end":{"line":410,"column":42}},"158":{"start":{"line":411,"column":6},"end":{"line":414,"column":8}},"159":{"start":{"line":422,"column":16},"end":{"line":422,"column":17}},"160":{"start":{"line":423,"column":18},"end":{"line":423,"column":29}},"161":{"start":{"line":424,"column":21},"end":{"line":424,"column":33}},"162":{"start":{"line":426,"column":4},"end":{"line":437,"column":5}},"163":{"start":{"line":426,"column":17},"end":{"line":426,"column":18}},"164":{"start":{"line":427,"column":6},"end":{"line":436,"column":7}},"165":{"start":{"line":427,"column":19},"end":{"line":427,"column":20}},"166":{"start":{"line":428,"column":25},"end":{"line":428,"column":50}},"167":{"start":{"line":429,"column":23},"end":{"line":429,"column":42}},"168":{"start":{"line":431,"column":8},"end":{"line":435,"column":9}},"169":{"start":{"line":434,"column":10},"end":{"line":434,"column":18}},"170":{"start":{"line":439,"column":4},"end":{"line":439,"column":17}},"171":{"start":{"line":446,"column":4},"end":{"line":483,"column":5}},"172":{"start":{"line":447,"column":6},"end":{"line":447,"column":39}},"173":{"start":{"line":449,"column":29},"end":{"line":457,"column":8}},"174":{"start":{"line":459,"column":22},"end":{"line":459,"column":69}},"175":{"start":{"line":461,"column":6},"end":{"line":470,"column":7}},"176":{"start":{"line":462,"column":33},"end":{"line":462,"column":71}},"177":{"start":{"line":464,"column":8},"end":{"line":469,"column":9}},"178":{"start":{"line":465,"column":25},"end":{"line":465,"column":63}},"179":{"start":{"line":466,"column":10},"end":{"line":468,"column":11}},"180":{"start":{"line":467,"column":12},"end":{"line":467,"column":76}},"181":{"start":{"line":472,"column":6},"end":{"line":475,"column":7}},"182":{"start":{"line":473,"column":8},"end":{"line":473,"column":96}},"183":{"start":{"line":474,"column":8},"end":{"line":474,"column":31}},"184":{"start":{"line":477,"column":6},"end":{"line":477,"column":36}},"185":{"start":{"line":478,"column":6},"end":{"line":478,"column":18}},"186":{"start":{"line":481,"column":6},"end":{"line":481,"column":42}},"187":{"start":{"line":482,"column":6},"end":{"line":482,"column":18}},"188":{"start":{"line":494,"column":22},"end":{"line":494,"column":32}},"189":{"start":{"line":495,"column":4},"end":{"line":495,"column":69}},"190":{"start":{"line":497,"column":4},"end":{"line":513,"column":5}},"191":{"start":{"line":498,"column":6},"end":{"line":512,"column":7}},"192":{"start":{"line":499,"column":23},"end":{"line":499,"column":57}},"193":{"start":{"line":501,"column":8},"end":{"line":505,"column":9}},"194":{"start":{"line":502,"column":26},"end":{"line":502,"column":48}},"195":{"start":{"line":503,"column":10},"end":{"line":503,"column":109}},"196":{"start":{"line":504,"column":10},"end":{"line":504,"column":24}},"197":{"start":{"line":508,"column":8},"end":{"line":508,"column":68}},"198":{"start":{"line":508,"column":37},"end":{"line":508,"column":66}},"199":{"start":{"line":510,"column":8},"end":{"line":510,"column":45}},"200":{"start":{"line":511,"column":8},"end":{"line":511,"column":68}},"201":{"start":{"line":511,"column":37},"end":{"line":511,"column":66}},"202":{"start":{"line":515,"column":20},"end":{"line":515,"column":42}},"203":{"start":{"line":516,"column":4},"end":{"line":516,"column":66}},"204":{"start":{"line":517,"column":4},"end":{"line":520,"column":6}},"205":{"start":{"line":527,"column":4},"end":{"line":547,"column":5}},"206":{"start":{"line":528,"column":31},"end":{"line":528,"column":61}},"207":{"start":{"line":529,"column":6},"end":{"line":531,"column":7}},"208":{"start":{"line":530,"column":8},"end":{"line":530,"column":34}},"209":{"start":{"line":533,"column":20},"end":{"line":533,"column":53}},"210":{"start":{"line":535,"column":6},"end":{"line":538,"column":7}},"211":{"start":{"line":536,"column":8},"end":{"line":536,"column":50}},"212":{"start":{"line":537,"column":8},"end":{"line":537,"column":20}},"213":{"start":{"line":540,"column":23},"end":{"line":540,"column":48}},"214":{"start":{"line":541,"column":21},"end":{"line":541,"column":40}},"215":{"start":{"line":542,"column":7},"end":{"line":542,"column":20}},"216":{"start":{"line":545,"column":6},"end":{"line":545,"column":44}},"217":{"start":{"line":546,"column":6},"end":{"line":546,"column":18}},"218":{"start":{"line":554,"column":4},"end":{"line":554,"column":31}},"219":{"start":{"line":555,"column":4},"end":{"line":555,"column":31}},"220":{"start":{"line":556,"column":4},"end":{"line":556,"column":32}},"221":{"start":{"line":557,"column":4},"end":{"line":557,"column":31}},"222":{"start":{"line":564,"column":4},"end":{"line":564,"column":35}},"223":{"start":{"line":565,"column":4},"end":{"line":565,"column":61}},"224":{"start":{"line":572,"column":4},"end":{"line":575,"column":6}},"225":{"start":{"line":582,"column":4},"end":{"line":582,"column":59}},"226":{"start":{"line":582,"column":34},"end":{"line":582,"column":57}},"227":{"start":{"line":589,"column":4},"end":{"line":592,"column":5}},"228":{"start":{"line":590,"column":6},"end":{"line":590,"column":52}},"229":{"start":{"line":591,"column":6},"end":{"line":591,"column":19}},"230":{"start":{"line":593,"column":4},"end":{"line":593,"column":16}},"231":{"start":{"line":600,"column":25},"end":{"line":605,"column":6}},"232":{"start":{"line":607,"column":4},"end":{"line":613,"column":7}},"233":{"start":{"line":608,"column":23},"end":{"line":608,"column":52}},"234":{"start":{"line":609,"column":6},"end":{"line":612,"column":7}},"235":{"start":{"line":610,"column":8},"end":{"line":610,"column":52}},"236":{"start":{"line":611,"column":8},"end":{"line":611,"column":43}},"237":{"start":{"line":620,"column":4},"end":{"line":620,"column":48}},"238":{"start":{"line":627,"column":4},"end":{"line":627,"column":30}},"239":{"start":{"line":40,"column":0},"end":{"line":40,"column":13}},"240":{"start":{"line":631,"column":0},"end":{"line":631,"column":32}}},"fnMap":{"0":{"name":"(anonymous_10)","decl":{"start":{"line":52,"column":2},"end":{"line":52,"column":14}},"loc":{"start":{"line":52,"column":58},"end":{"line":67,"column":3}}},"1":{"name":"(anonymous_11)","decl":{"start":{"line":63,"column":12},"end":{"line":63,"column":13}},"loc":{"start":{"line":63,"column":29},"end":{"line":63,"column":69}}},"2":{"name":"(anonymous_12)","decl":{"start":{"line":64,"column":13},"end":{"line":64,"column":14}},"loc":{"start":{"line":64,"column":43},"end":{"line":64,"column":92}}},"3":{"name":"(anonymous_13)","decl":{"start":{"line":65,"column":13},"end":{"line":65,"column":14}},"loc":{"start":{"line":65,"column":30},"end":{"line":65,"column":72}}},"4":{"name":"(anonymous_14)","decl":{"start":{"line":72,"column":9},"end":{"line":72,"column":14}},"loc":{"start":{"line":72,"column":32},"end":{"line":124,"column":3}}},"5":{"name":"(anonymous_15)","decl":{"start":{"line":129,"column":9},"end":{"line":129,"column":14}},"loc":{"start":{"line":129,"column":66},"end":{"line":174,"column":3}}},"6":{"name":"(anonymous_16)","decl":{"start":{"line":179,"column":10},"end":{"line":179,"column":15}},"loc":{"start":{"line":179,"column":49},"end":{"line":204,"column":3}}},"7":{"name":"(anonymous_17)","decl":{"start":{"line":209,"column":10},"end":{"line":209,"column":15}},"loc":{"start":{"line":209,"column":85},"end":{"line":239,"column":3}}},"8":{"name":"(anonymous_18)","decl":{"start":{"line":244,"column":10},"end":{"line":244,"column":29}},"loc":{"start":{"line":250,"column":18},"end":{"line":273,"column":3}}},"9":{"name":"(anonymous_19)","decl":{"start":{"line":278,"column":9},"end":{"line":278,"column":14}},"loc":{"start":{"line":278,"column":93},"end":{"line":312,"column":3}}},"10":{"name":"(anonymous_20)","decl":{"start":{"line":317,"column":10},"end":{"line":317,"column":29}},"loc":{"start":{"line":317,"column":50},"end":{"line":320,"column":3}}},"11":{"name":"(anonymous_21)","decl":{"start":{"line":322,"column":10},"end":{"line":322,"column":28}},"loc":{"start":{"line":322,"column":64},"end":{"line":328,"column":3}}},"12":{"name":"(anonymous_22)","decl":{"start":{"line":333,"column":10},"end":{"line":333,"column":27}},"loc":{"start":{"line":333,"column":47},"end":{"line":348,"column":3}}},"13":{"name":"(anonymous_23)","decl":{"start":{"line":353,"column":10},"end":{"line":353,"column":26}},"loc":{"start":{"line":353,"column":99},"end":{"line":381,"column":3}}},"14":{"name":"(anonymous_24)","decl":{"start":{"line":386,"column":9},"end":{"line":386,"column":14}},"loc":{"start":{"line":386,"column":115},"end":{"line":416,"column":3}}},"15":{"name":"(anonymous_25)","decl":{"start":{"line":421,"column":10},"end":{"line":421,"column":29}},"loc":{"start":{"line":421,"column":73},"end":{"line":440,"column":3}}},"16":{"name":"(anonymous_26)","decl":{"start":{"line":445,"column":9},"end":{"line":445,"column":14}},"loc":{"start":{"line":445,"column":33},"end":{"line":484,"column":3}}},"17":{"name":"(anonymous_27)","decl":{"start":{"line":489,"column":9},"end":{"line":489,"column":14}},"loc":{"start":{"line":492,"column":26},"end":{"line":521,"column":3}}},"18":{"name":"(anonymous_28)","decl":{"start":{"line":508,"column":26},"end":{"line":508,"column":33}},"loc":{"start":{"line":508,"column":37},"end":{"line":508,"column":66}}},"19":{"name":"(anonymous_29)","decl":{"start":{"line":511,"column":26},"end":{"line":511,"column":33}},"loc":{"start":{"line":511,"column":37},"end":{"line":511,"column":66}}},"20":{"name":"(anonymous_30)","decl":{"start":{"line":526,"column":9},"end":{"line":526,"column":14}},"loc":{"start":{"line":526,"column":49},"end":{"line":548,"column":3}}},"21":{"name":"(anonymous_31)","decl":{"start":{"line":553,"column":9},"end":{"line":553,"column":19}},"loc":{"start":{"line":553,"column":19},"end":{"line":558,"column":3}}},"22":{"name":"(anonymous_32)","decl":{"start":{"line":563,"column":9},"end":{"line":563,"column":28}},"loc":{"start":{"line":563,"column":92},"end":{"line":566,"column":3}}},"23":{"name":"(anonymous_33)","decl":{"start":{"line":571,"column":9},"end":{"line":571,"column":22}},"loc":{"start":{"line":571,"column":22},"end":{"line":576,"column":3}}},"24":{"name":"(anonymous_34)","decl":{"start":{"line":581,"column":10},"end":{"line":581,"column":15}},"loc":{"start":{"line":581,"column":26},"end":{"line":583,"column":3}}},"25":{"name":"(anonymous_35)","decl":{"start":{"line":582,"column":23},"end":{"line":582,"column":30}},"loc":{"start":{"line":582,"column":34},"end":{"line":582,"column":57}}},"26":{"name":"(anonymous_36)","decl":{"start":{"line":588,"column":10},"end":{"line":588,"column":29}},"loc":{"start":{"line":588,"column":50},"end":{"line":594,"column":3}}},"27":{"name":"(anonymous_37)","decl":{"start":{"line":599,"column":9},"end":{"line":599,"column":15}},"loc":{"start":{"line":599,"column":41},"end":{"line":614,"column":3}}},"28":{"name":"(anonymous_38)","decl":{"start":{"line":607,"column":25},"end":{"line":607,"column":28}},"loc":{"start":{"line":607,"column":31},"end":{"line":613,"column":5}}},"29":{"name":"(anonymous_39)","decl":{"start":{"line":619,"column":9},"end":{"line":619,"column":21}},"loc":{"start":{"line":619,"column":61},"end":{"line":621,"column":3}}},"30":{"name":"(anonymous_40)","decl":{"start":{"line":626,"column":9},"end":{"line":626,"column":18}},"loc":{"start":{"line":626,"column":18},"end":{"line":628,"column":3}}}},"branchMap":{"0":{"loc":{"start":{"line":52,"column":14},"end":{"line":52,"column":58}},"type":"default-arg","locations":[{"start":{"line":52,"column":56},"end":{"line":52,"column":58}}]},"1":{"loc":{"start":{"line":77,"column":6},"end":{"line":81,"column":7}},"type":"if","locations":[{"start":{"line":77,"column":6},"end":{"line":81,"column":7}},{"start":{},"end":{}}]},"2":{"loc":{"start":{"line":77,"column":10},"end":{"line":78,"column":72}},"type":"binary-expr","locations":[{"start":{"line":77,"column":10},"end":{"line":77,"column":29}},{"start":{"line":78,"column":10},"end":{"line":78,"column":72}}]},"3":{"loc":{"start":{"line":87,"column":6},"end":{"line":89,"column":7}},"type":"if","locations":[{"start":{"line":87,"column":6},"end":{"line":89,"column":7}},{"start":{},"end":{}}]},"4":{"loc":{"start":{"line":99,"column":6},"end":{"line":113,"column":7}},"type":"if","locations":[{"start":{"line":99,"column":6},"end":{"line":113,"column":7}},{"start":{},"end":{}}]},"5":{"loc":{"start":{"line":134,"column":31},"end":{"line":134,"column":75}},"type":"binary-expr","locations":[{"start":{"line":134,"column":31},"end":{"line":134,"column":41}},{"start":{"line":134,"column":45},"end":{"line":134,"column":75}}]},"6":{"loc":{"start":{"line":135,"column":6},"end":{"line":137,"column":7}},"type":"if","locations":[{"start":{"line":135,"column":6},"end":{"line":137,"column":7}},{"start":{},"end":{}}]},"7":{"loc":{"start":{"line":141,"column":6},"end":{"line":143,"column":7}},"type":"if","locations":[{"start":{"line":141,"column":6},"end":{"line":143,"column":7}},{"start":{},"end":{}}]},"8":{"loc":{"start":{"line":151,"column":6},"end":{"line":165,"column":7}},"type":"if","locations":[{"start":{"line":151,"column":6},"end":{"line":165,"column":7}},{"start":{"line":159,"column":13},"end":{"line":165,"column":7}}]},"9":{"loc":{"start":{"line":183,"column":6},"end":{"line":185,"column":7}},"type":"if","locations":[{"start":{"line":183,"column":6},"end":{"line":185,"column":7}},{"start":{},"end":{}}]},"10":{"loc":{"start":{"line":188,"column":6},"end":{"line":191,"column":7}},"type":"if","locations":[{"start":{"line":188,"column":6},"end":{"line":191,"column":7}},{"start":{},"end":{}}]},"11":{"loc":{"start":{"line":228,"column":8},"end":{"line":234,"column":9}},"type":"if","locations":[{"start":{"line":228,"column":8},"end":{"line":234,"column":9}},{"start":{},"end":{}}]},"12":{"loc":{"start":{"line":284,"column":6},"end":{"line":286,"column":7}},"type":"if","locations":[{"start":{"line":284,"column":6},"end":{"line":286,"column":7}},{"start":{},"end":{}}]},"13":{"loc":{"start":{"line":291,"column":6},"end":{"line":293,"column":7}},"type":"if","locations":[{"start":{"line":291,"column":6},"end":{"line":293,"column":7}},{"start":{},"end":{}}]},"14":{"loc":{"start":{"line":300,"column":20},"end":{"line":300,"column":52}},"type":"cond-expr","locations":[{"start":{"line":300,"column":45},"end":{"line":300,"column":48}},{"start":{"line":300,"column":51},"end":{"line":300,"column":52}}]},"15":{"loc":{"start":{"line":301,"column":14},"end":{"line":301,"column":53}},"type":"cond-expr","locations":[{"start":{"line":301,"column":39},"end":{"line":301,"column":48}},{"start":{"line":301,"column":51},"end":{"line":301,"column":53}}]},"16":{"loc":{"start":{"line":323,"column":4},"end":{"line":326,"column":5}},"type":"if","locations":[{"start":{"line":323,"column":4},"end":{"line":326,"column":5}},{"start":{},"end":{}}]},"17":{"loc":{"start":{"line":341,"column":8},"end":{"line":343,"column":9}},"type":"if","locations":[{"start":{"line":341,"column":8},"end":{"line":343,"column":9}},{"start":{},"end":{}}]},"18":{"loc":{"start":{"line":373,"column":8},"end":{"line":375,"column":9}},"type":"if","locations":[{"start":{"line":373,"column":8},"end":{"line":375,"column":9}},{"start":{},"end":{}}]},"19":{"loc":{"start":{"line":373,"column":12},"end":{"line":373,"column":45}},"type":"binary-expr","locations":[{"start":{"line":373,"column":12},"end":{"line":373,"column":26}},{"start":{"line":373,"column":30},"end":{"line":373,"column":45}}]},"20":{"loc":{"start":{"line":389,"column":6},"end":{"line":391,"column":7}},"type":"if","locations":[{"start":{"line":389,"column":6},"end":{"line":391,"column":7}},{"start":{},"end":{}}]},"21":{"loc":{"start":{"line":395,"column":6},"end":{"line":397,"column":7}},"type":"if","locations":[{"start":{"line":395,"column":6},"end":{"line":397,"column":7}},{"start":{},"end":{}}]},"22":{"loc":{"start":{"line":406,"column":18},"end":{"line":406,"column":106}},"type":"cond-expr","locations":[{"start":{"line":406,"column":27},"end":{"line":406,"column":94}},{"start":{"line":406,"column":97},"end":{"line":406,"column":106}}]},"23":{"loc":{"start":{"line":431,"column":8},"end":{"line":435,"column":9}},"type":"if","locations":[{"start":{"line":431,"column":8},"end":{"line":435,"column":9}},{"start":{},"end":{}}]},"24":{"loc":{"start":{"line":431,"column":12},"end":{"line":433,"column":70}},"type":"binary-expr","locations":[{"start":{"line":431,"column":12},"end":{"line":431,"column":39}},{"start":{"line":431,"column":43},"end":{"line":431,"column":70}},{"start":{"line":432,"column":12},"end":{"line":432,"column":39}},{"start":{"line":432,"column":43},"end":{"line":432,"column":70}},{"start":{"line":433,"column":12},"end":{"line":433,"column":39}},{"start":{"line":433,"column":43},"end":{"line":433,"column":70}}]},"25":{"loc":{"start":{"line":464,"column":8},"end":{"line":469,"column":9}},"type":"if","locations":[{"start":{"line":464,"column":8},"end":{"line":469,"column":9}},{"start":{},"end":{}}]},"26":{"loc":{"start":{"line":466,"column":10},"end":{"line":468,"column":11}},"type":"if","locations":[{"start":{"line":466,"column":10},"end":{"line":468,"column":11}},{"start":{},"end":{}}]},"27":{"loc":{"start":{"line":472,"column":6},"end":{"line":475,"column":7}},"type":"if","locations":[{"start":{"line":472,"column":6},"end":{"line":475,"column":7}},{"start":{},"end":{}}]},"28":{"loc":{"start":{"line":491,"column":4},"end":{"line":491,"column":27}},"type":"default-arg","locations":[{"start":{"line":491,"column":22},"end":{"line":491,"column":27}}]},"29":{"loc":{"start":{"line":492,"column":4},"end":{"line":492,"column":26}},"type":"default-arg","locations":[{"start":{"line":492,"column":23},"end":{"line":492,"column":26}}]},"30":{"loc":{"start":{"line":501,"column":8},"end":{"line":505,"column":9}},"type":"if","locations":[{"start":{"line":501,"column":8},"end":{"line":505,"column":9}},{"start":{},"end":{}}]},"31":{"loc":{"start":{"line":529,"column":6},"end":{"line":531,"column":7}},"type":"if","locations":[{"start":{"line":529,"column":6},"end":{"line":531,"column":7}},{"start":{},"end":{}}]},"32":{"loc":{"start":{"line":535,"column":6},"end":{"line":538,"column":7}},"type":"if","locations":[{"start":{"line":535,"column":6},"end":{"line":538,"column":7}},{"start":{},"end":{}}]},"33":{"loc":{"start":{"line":535,"column":10},"end":{"line":535,"column":65}},"type":"binary-expr","locations":[{"start":{"line":535,"column":10},"end":{"line":535,"column":15}},{"start":{"line":535,"column":19},"end":{"line":535,"column":35}},{"start":{"line":535,"column":39},"end":{"line":535,"column":44}},{"start":{"line":535,"column":48},"end":{"line":535,"column":65}}]},"34":{"loc":{"start":{"line":589,"column":4},"end":{"line":592,"column":5}},"type":"if","locations":[{"start":{"line":589,"column":4},"end":{"line":592,"column":5}},{"start":{},"end":{}}]},"35":{"loc":{"start":{"line":609,"column":6},"end":{"line":612,"column":7}},"type":"if","locations":[{"start":{"line":609,"column":6},"end":{"line":612,"column":7}},{"start":{},"end":{}}]}},"s":{"0":1,"1":1,"2":1,"3":1,"4":1,"5":49,"6":49,"7":49,"8":49,"9":49,"10":49,"11":49,"12":49,"13":0,"14":78,"15":187,"16":43,"17":43,"18":43,"19":5,"20":5,"21":38,"22":38,"23":38,"24":1,"25":37,"26":37,"27":32,"28":1,"29":1,"30":1,"31":1,"32":1,"33":1,"34":1,"35":31,"36":31,"37":31,"38":31,"39":6,"40":6,"41":39,"42":39,"43":39,"44":39,"45":4,"46":35,"47":35,"48":31,"49":4,"50":3,"51":3,"52":2,"53":2,"54":1,"55":1,"56":36,"57":36,"58":35,"59":35,"60":5,"61":1,"62":4,"63":1,"64":1,"65":3,"66":3,"67":3,"68":30,"69":30,"70":3,"71":3,"72":3,"73":3,"74":3,"75":3,"76":3,"77":2,"78":2,"79":2,"80":2,"81":2,"82":3,"83":2,"84":2,"85":2,"86":2,"87":200,"88":200,"89":20000,"90":20000,"91":20000,"92":20000,"93":20000,"94":20000,"95":20000,"96":20000,"97":20000,"98":2,"99":2,"100":3,"101":3,"102":3,"103":3,"104":1,"105":2,"106":2,"107":1,"108":1,"109":1,"110":2,"111":2,"112":35,"113":35,"114":3,"115":1,"116":1,"117":3,"118":1,"119":1,"120":1,"121":1,"122":1,"123":18,"124":18,"125":324,"126":0,"127":1,"128":324,"129":324,"130":324,"131":324,"132":2916,"133":2916,"134":26244,"135":26244,"136":26244,"137":26244,"138":26244,"139":26244,"140":26244,"141":26244,"142":26244,"143":0,"144":26244,"145":324,"146":5,"147":5,"148":5,"149":1,"150":4,"151":3,"152":1,"153":3,"154":3,"155":3,"156":3,"157":2,"158":2,"159":3,"160":3,"161":3,"162":3,"163":3,"164":150,"165":150,"166":12500,"167":12500,"168":12500,"169":2500,"170":3,"171":5,"172":5,"173":5,"174":5,"175":5,"176":35,"177":35,"178":14,"179":14,"180":2,"181":5,"182":1,"183":1,"184":4,"185":4,"186":0,"187":0,"188":4,"189":4,"190":4,"191":34,"192":34,"193":34,"194":1,"195":1,"196":1,"197":33,"198":33,"199":0,"200":0,"201":0,"202":3,"203":3,"204":3,"205":3,"206":3,"207":3,"208":0,"209":3,"210":3,"211":1,"212":1,"213":2,"214":2,"215":2,"216":0,"217":0,"218":47,"219":47,"220":47,"221":47,"222":2,"223":2,"224":7,"225":0,"226":0,"227":0,"228":0,"229":0,"230":0,"231":1,"232":1,"233":4,"234":4,"235":4,"236":4,"237":2,"238":0,"239":1,"240":1},"f":{"0":49,"1":0,"2":78,"3":187,"4":43,"5":39,"6":35,"7":3,"8":2,"9":3,"10":35,"11":3,"12":1,"13":324,"14":5,"15":3,"16":5,"17":4,"18":33,"19":0,"20":3,"21":47,"22":2,"23":7,"24":0,"25":0,"26":0,"27":1,"28":4,"29":2,"30":0},"b":{"0":[1],"1":[5,38],"2":[43,22],"3":[1,37],"4":[1,31],"5":[39,39],"6":[4,35],"7":[31,4],"8":[2,1],"9":[1,4],"10":[1,3],"11":[2,0],"12":[1,2],"13":[1,1],"14":[0,1],"15":[0,1],"16":[1,2],"17":[0,324],"18":[0,26244],"19":[26244,26244],"20":[1,4],"21":[1,2],"22":[1,2],"23":[2500,10000],"24":[12500,12500,12500,12500,2500,2500],"25":[14,21],"26":[2,12],"27":[1,4],"28":[0],"29":[0],"30":[1,33],"31":[0,3],"32":[1,2],"33":[3,3,2,2],"34":[0,0],"35":[4,0]}}
}
