TN:
SF:src\modules\ImageRecognition.ts
FN:52,(anonymous_10)
FN:63,(anonymous_11)
FN:64,(anonymous_12)
FN:65,(anonymous_13)
FN:72,(anonymous_14)
FN:129,(anonymous_15)
FN:179,(anonymous_16)
FN:209,(anonymous_17)
FN:244,(anonymous_18)
FN:278,(anonymous_19)
FN:317,(anonymous_20)
FN:322,(anonymous_21)
FN:333,(anonymous_22)
FN:353,(anonymous_23)
FN:386,(anonymous_24)
FN:421,(anonymous_25)
FN:445,(anonymous_26)
FN:489,(anonymous_27)
FN:508,(anonymous_28)
FN:511,(anonymous_29)
FN:526,(anonymous_30)
FN:553,(anonymous_31)
FN:563,(anonymous_32)
FN:571,(anonymous_33)
FN:581,(anonymous_34)
FN:582,(anonymous_35)
FN:588,(anonymous_36)
FN:599,(anonymous_37)
FN:607,(anonymous_38)
FN:619,(anonymous_39)
FN:626,(anonymous_40)
FNF:31
FNH:25
FNDA:49,(anonymous_10)
FNDA:0,(anonymous_11)
FNDA:78,(anonymous_12)
FNDA:187,(anonymous_13)
FNDA:43,(anonymous_14)
FNDA:39,(anonymous_15)
FNDA:35,(anonymous_16)
FNDA:3,(anonymous_17)
FNDA:2,(anonymous_18)
FNDA:3,(anonymous_19)
FNDA:35,(anonymous_20)
FNDA:3,(anonymous_21)
FNDA:1,(anonymous_22)
FNDA:324,(anonymous_23)
FNDA:5,(anonymous_24)
FNDA:3,(anonymous_25)
FNDA:5,(anonymous_26)
FNDA:4,(anonymous_27)
FNDA:33,(anonymous_28)
FNDA:0,(anonymous_29)
FNDA:3,(anonymous_30)
FNDA:47,(anonymous_31)
FNDA:2,(anonymous_32)
FNDA:7,(anonymous_33)
FNDA:0,(anonymous_34)
FNDA:0,(anonymous_35)
FNDA:0,(anonymous_36)
FNDA:1,(anonymous_37)
FNDA:4,(anonymous_38)
FNDA:2,(anonymous_39)
FNDA:0,(anonymous_40)
DA:3,1
DA:4,1
DA:7,1
DA:8,1
DA:9,1
DA:40,1
DA:41,49
DA:42,49
DA:43,49
DA:44,49
DA:45,49
DA:46,49
DA:53,49
DA:62,49
DA:63,0
DA:64,78
DA:65,187
DA:73,43
DA:74,43
DA:77,43
DA:79,5
DA:80,5
DA:83,38
DA:86,38
DA:87,38
DA:88,1
DA:92,37
DA:93,37
DA:99,32
DA:100,1
DA:101,1
DA:107,1
DA:109,1
DA:110,1
DA:111,1
DA:112,1
DA:115,31
DA:116,31
DA:117,31
DA:118,31
DA:121,6
DA:122,6
DA:130,39
DA:131,39
DA:134,39
DA:135,39
DA:136,4
DA:140,35
DA:141,35
DA:142,31
DA:146,4
DA:149,3
DA:151,3
DA:152,2
DA:153,2
DA:160,1
DA:161,1
DA:168,36
DA:169,36
DA:180,35
DA:182,35
DA:183,5
DA:184,1
DA:188,4
DA:189,1
DA:190,1
DA:194,3
DA:197,3
DA:199,3
DA:201,30
DA:202,30
DA:210,3
DA:211,3
DA:212,3
DA:213,3
DA:215,3
DA:222,3
DA:223,2
DA:224,2
DA:228,2
DA:229,2
DA:238,3
DA:252,2
DA:253,2
DA:255,2
DA:256,200
DA:257,20000
DA:258,20000
DA:259,20000
DA:260,20000
DA:262,20000
DA:263,20000
DA:264,20000
DA:266,20000
DA:267,20000
DA:271,2
DA:272,2
DA:279,3
DA:280,3
DA:283,3
DA:284,3
DA:285,1
DA:288,2
DA:291,2
DA:292,1
DA:296,1
DA:298,1
DA:305,2
DA:306,2
DA:318,35
DA:319,35
DA:323,3
DA:324,1
DA:325,1
DA:327,3
DA:334,1
DA:335,1
DA:336,1
DA:339,1
DA:340,18
DA:341,324
DA:342,0
DA:347,1
DA:354,324
DA:355,324
DA:357,324
DA:358,2916
DA:359,26244
DA:360,26244
DA:361,26244
DA:362,26244
DA:363,26244
DA:364,26244
DA:366,26244
DA:369,26244
DA:373,26244
DA:374,0
DA:376,26244
DA:380,324
DA:387,5
DA:388,5
DA:389,5
DA:390,1
DA:393,4
DA:395,3
DA:396,1
DA:399,3
DA:400,3
DA:401,3
DA:403,3
DA:410,2
DA:411,2
DA:422,3
DA:423,3
DA:424,3
DA:426,3
DA:427,150
DA:428,12500
DA:429,12500
DA:431,12500
DA:434,2500
DA:439,3
DA:446,5
DA:447,5
DA:449,5
DA:459,5
DA:461,5
DA:462,35
DA:464,35
DA:465,14
DA:466,14
DA:467,2
DA:472,5
DA:473,1
DA:474,1
DA:477,4
DA:478,4
DA:481,0
DA:482,0
DA:494,4
DA:495,4
DA:497,4
DA:498,34
DA:499,34
DA:501,34
DA:502,1
DA:503,1
DA:504,1
DA:508,33
DA:510,0
DA:511,0
DA:515,3
DA:516,3
DA:517,3
DA:527,3
DA:528,3
DA:529,3
DA:530,0
DA:533,3
DA:535,3
DA:536,1
DA:537,1
DA:540,2
DA:541,2
DA:542,2
DA:545,0
DA:546,0
DA:554,47
DA:555,47
DA:556,47
DA:557,47
DA:564,2
DA:565,2
DA:572,7
DA:582,0
DA:589,0
DA:590,0
DA:591,0
DA:593,0
DA:600,1
DA:607,1
DA:608,4
DA:609,4
DA:610,4
DA:611,4
DA:620,2
DA:627,0
DA:631,1
LF:228
LH:212
BRDA:52,0,0,1
BRDA:77,1,0,5
BRDA:77,1,1,38
BRDA:77,2,0,43
BRDA:77,2,1,22
BRDA:87,3,0,1
BRDA:87,3,1,37
BRDA:99,4,0,1
BRDA:99,4,1,31
BRDA:134,5,0,39
BRDA:134,5,1,39
BRDA:135,6,0,4
BRDA:135,6,1,35
BRDA:141,7,0,31
BRDA:141,7,1,4
BRDA:151,8,0,2
BRDA:151,8,1,1
BRDA:183,9,0,1
BRDA:183,9,1,4
BRDA:188,10,0,1
BRDA:188,10,1,3
BRDA:228,11,0,2
BRDA:228,11,1,0
BRDA:284,12,0,1
BRDA:284,12,1,2
BRDA:291,13,0,1
BRDA:291,13,1,1
BRDA:300,14,0,0
BRDA:300,14,1,1
BRDA:301,15,0,0
BRDA:301,15,1,1
BRDA:323,16,0,1
BRDA:323,16,1,2
BRDA:341,17,0,0
BRDA:341,17,1,324
BRDA:373,18,0,0
BRDA:373,18,1,26244
BRDA:373,19,0,26244
BRDA:373,19,1,26244
BRDA:389,20,0,1
BRDA:389,20,1,4
BRDA:395,21,0,1
BRDA:395,21,1,2
BRDA:406,22,0,1
BRDA:406,22,1,2
BRDA:431,23,0,2500
BRDA:431,23,1,10000
BRDA:431,24,0,12500
BRDA:431,24,1,12500
BRDA:431,24,2,12500
BRDA:431,24,3,12500
BRDA:431,24,4,2500
BRDA:431,24,5,2500
BRDA:464,25,0,14
BRDA:464,25,1,21
BRDA:466,26,0,2
BRDA:466,26,1,12
BRDA:472,27,0,1
BRDA:472,27,1,4
BRDA:491,28,0,0
BRDA:492,29,0,0
BRDA:501,30,0,1
BRDA:501,30,1,33
BRDA:529,31,0,0
BRDA:529,31,1,3
BRDA:535,32,0,1
BRDA:535,32,1,2
BRDA:535,33,0,3
BRDA:535,33,1,3
BRDA:535,33,2,2
BRDA:535,33,3,2
BRDA:589,34,0,0
BRDA:589,34,1,0
BRDA:609,35,0,4
BRDA:609,35,1,0
BRF:75
BRH:64
end_of_record
