TN:
SF:src\App.tsx
FN:85,App
FN:94,(anonymous_1)
FN:95,(anonymous_2)
FN:188,(anonymous_3)
FN:194,(anonymous_4)
FN:220,(anonymous_5)
FN:267,(anonymous_6)
FN:279,(anonymous_7)
FN:291,(anonymous_8)
FN:334,(anonymous_9)
FN:344,(anonymous_10)
FNF:11
FNH:0
FNDA:0,App
FNDA:0,(anonymous_1)
FNDA:0,(anonymous_2)
FNDA:0,(anonymous_3)
FNDA:0,(anonymous_4)
FNDA:0,(anonymous_5)
FNDA:0,(anonymous_6)
FNDA:0,(anonymous_7)
FNDA:0,(anonymous_8)
FNDA:0,(anonymous_9)
FNDA:0,(anonymous_10)
DA:29,0
DA:37,0
DA:86,0
DA:87,0
DA:91,0
DA:94,0
DA:95,0
DA:96,0
DA:98,0
DA:99,0
DA:100,0
DA:101,0
DA:102,0
DA:103,0
DA:106,0
DA:107,0
DA:111,0
DA:115,0
DA:120,0
DA:123,0
DA:126,0
DA:150,0
DA:152,0
DA:153,0
DA:156,0
DA:164,0
DA:166,0
DA:167,0
DA:168,0
DA:169,0
DA:171,0
DA:172,0
DA:175,0
DA:178,0
DA:181,0
DA:186,0
DA:188,0
DA:189,0
DA:194,0
DA:195,0
DA:197,0
DA:199,0
DA:201,0
DA:203,0
DA:205,0
DA:207,0
DA:209,0
DA:211,0
DA:213,0
DA:215,0
DA:220,0
DA:221,0
DA:222,0
DA:225,0
DA:228,0
DA:231,0
DA:234,0
DA:238,0
DA:267,0
DA:279,0
DA:291,0
DA:334,0
DA:344,0
LF:63
LH:0
BRDA:101,0,0,0
BRDA:101,0,1,0
BRDA:111,1,0,0
BRDA:111,1,1,0
BRDA:111,2,0,0
BRDA:111,2,1,0
BRDA:111,2,2,0
BRDA:111,2,3,0
BRDA:132,3,0,0
BRDA:132,3,1,0
BRDA:137,4,0,0
BRDA:137,4,1,0
BRDA:139,5,0,0
BRDA:139,5,1,0
BRDA:152,6,0,0
BRDA:152,6,1,0
BRDA:152,7,0,0
BRDA:152,7,1,0
BRDA:166,8,0,0
BRDA:166,8,1,0
BRDA:168,9,0,0
BRDA:168,9,1,0
BRDA:171,10,0,0
BRDA:171,10,1,0
BRDA:178,11,0,0
BRDA:178,11,1,0
BRDA:195,12,0,0
BRDA:195,12,1,0
BRDA:195,12,2,0
BRDA:195,12,3,0
BRDA:195,12,4,0
BRDA:195,12,5,0
BRDA:195,12,6,0
BRDA:195,12,7,0
BRDA:195,12,8,0
BRDA:195,12,9,0
BRDA:222,13,0,0
BRDA:222,13,1,0
BRDA:222,13,2,0
BRDA:324,14,0,0
BRDA:324,14,1,0
BRDA:353,15,0,0
BRDA:353,15,1,0
BRF:43
BRH:0
end_of_record
TN:
SF:src\components\Empty.tsx
FN:4,Empty
FNF:1
FNH:0
FNDA:0,Empty
DA:5,0
LF:1
LH:0
BRF:0
BRH:0
end_of_record
TN:
SF:src\components\FeedbackSystem.tsx
FN:48,(anonymous_0)
FN:64,(anonymous_1)
FN:68,(anonymous_2)
FN:126,(anonymous_3)
FN:151,(anonymous_4)
FN:172,(anonymous_5)
FN:173,(anonymous_6)
FN:176,(anonymous_7)
FN:180,(anonymous_8)
FN:189,(anonymous_9)
FN:190,(anonymous_10)
FN:192,(anonymous_11)
FN:196,(anonymous_12)
FN:197,(anonymous_13)
FN:197,(anonymous_14)
FN:205,(anonymous_15)
FN:216,(anonymous_16)
FN:226,(anonymous_17)
FN:237,(anonymous_18)
FN:238,(anonymous_19)
FN:249,(anonymous_20)
FN:252,(anonymous_21)
FN:254,(anonymous_22)
FN:256,(anonymous_23)
FN:260,(anonymous_24)
FN:263,(anonymous_25)
FN:273,(anonymous_26)
FN:283,(anonymous_27)
FN:303,(anonymous_28)
FN:308,(anonymous_29)
FN:308,(anonymous_30)
FN:323,(anonymous_31)
FN:323,(anonymous_32)
FN:335,(anonymous_33)
FN:335,(anonymous_34)
FN:349,(anonymous_35)
FN:354,(anonymous_36)
FN:377,(anonymous_37)
FN:385,(anonymous_38)
FN:390,(anonymous_39)
FN:405,(anonymous_40)
FN:410,(anonymous_41)
FN:421,(anonymous_42)
FN:448,(anonymous_43)
FN:458,(anonymous_44)
FN:475,(anonymous_45)
FN:499,(anonymous_46)
FN:520,(anonymous_47)
FN:529,(anonymous_48)
FN:546,(anonymous_49)
FN:570,(anonymous_50)
FN:574,(anonymous_51)
FNF:52
FNH:0
FNDA:0,(anonymous_0)
FNDA:0,(anonymous_1)
FNDA:0,(anonymous_2)
FNDA:0,(anonymous_3)
FNDA:0,(anonymous_4)
FNDA:0,(anonymous_5)
FNDA:0,(anonymous_6)
FNDA:0,(anonymous_7)
FNDA:0,(anonymous_8)
FNDA:0,(anonymous_9)
FNDA:0,(anonymous_10)
FNDA:0,(anonymous_11)
FNDA:0,(anonymous_12)
FNDA:0,(anonymous_13)
FNDA:0,(anonymous_14)
FNDA:0,(anonymous_15)
FNDA:0,(anonymous_16)
FNDA:0,(anonymous_17)
FNDA:0,(anonymous_18)
FNDA:0,(anonymous_19)
FNDA:0,(anonymous_20)
FNDA:0,(anonymous_21)
FNDA:0,(anonymous_22)
FNDA:0,(anonymous_23)
FNDA:0,(anonymous_24)
FNDA:0,(anonymous_25)
FNDA:0,(anonymous_26)
FNDA:0,(anonymous_27)
FNDA:0,(anonymous_28)
FNDA:0,(anonymous_29)
FNDA:0,(anonymous_30)
FNDA:0,(anonymous_31)
FNDA:0,(anonymous_32)
FNDA:0,(anonymous_33)
FNDA:0,(anonymous_34)
FNDA:0,(anonymous_35)
FNDA:0,(anonymous_36)
FNDA:0,(anonymous_37)
FNDA:0,(anonymous_38)
FNDA:0,(anonymous_39)
FNDA:0,(anonymous_40)
FNDA:0,(anonymous_41)
FNDA:0,(anonymous_42)
FNDA:0,(anonymous_43)
FNDA:0,(anonymous_44)
FNDA:0,(anonymous_45)
FNDA:0,(anonymous_46)
FNDA:0,(anonymous_47)
FNDA:0,(anonymous_48)
FNDA:0,(anonymous_49)
FNDA:0,(anonymous_50)
FNDA:0,(anonymous_51)
DA:48,0
DA:49,0
DA:50,0
DA:51,0
DA:52,0
DA:55,0
DA:64,0
DA:65,0
DA:68,0
DA:69,0
DA:71,0
DA:120,0
DA:122,0
DA:126,0
DA:127,0
DA:128,0
DA:129,0
DA:132,0
DA:133,0
DA:134,0
DA:140,0
DA:143,0
DA:151,0
DA:154,0
DA:163,0
DA:165,0
DA:166,0
DA:168,0
DA:172,0
DA:173,0
DA:176,0
DA:177,0
DA:178,0
DA:179,0
DA:180,0
DA:185,0
DA:189,0
DA:190,0
DA:192,0
DA:196,0
DA:197,0
DA:198,0
DA:202,0
DA:205,0
DA:206,0
DA:213,0
DA:216,0
DA:217,0
DA:218,0
DA:219,0
DA:220,0
DA:221,0
DA:222,0
DA:226,0
DA:227,0
DA:233,0
DA:236,0
DA:237,0
DA:239,0
DA:240,0
DA:241,0
DA:242,0
DA:243,0
DA:244,0
DA:248,0
DA:249,0
DA:252,0
DA:254,0
DA:256,0
DA:260,0
DA:261,0
DA:264,0
DA:273,0
DA:283,0
DA:284,0
DA:304,0
DA:308,0
DA:323,0
DA:335,0
DA:350,0
DA:354,0
DA:377,0
DA:378,0
DA:386,0
DA:390,0
DA:406,0
DA:410,0
DA:422,0
DA:449,0
DA:459,0
DA:475,0
DA:499,0
DA:500,0
DA:520,0
DA:529,0
DA:547,0
DA:571,0
DA:572,0
DA:575,0
DA:586,0
LF:100
LH:0
BRDA:127,0,0,0
BRDA:127,0,1,0
BRDA:127,1,0,0
BRDA:127,1,1,0
BRDA:127,1,2,0
BRDA:177,2,0,0
BRDA:177,2,1,0
BRDA:177,3,0,0
BRDA:177,3,1,0
BRDA:179,4,0,0
BRDA:179,4,1,0
BRDA:198,5,0,0
BRDA:198,5,1,0
BRDA:213,6,0,0
BRDA:213,6,1,0
BRDA:217,7,0,0
BRDA:217,7,1,0
BRDA:217,7,2,0
BRDA:217,7,3,0
BRDA:217,7,4,0
BRDA:233,8,0,0
BRDA:233,8,1,0
BRDA:237,9,0,0
BRDA:237,9,1,0
BRDA:239,10,0,0
BRDA:239,10,1,0
BRDA:239,10,2,0
BRDA:239,10,3,0
BRDA:239,10,4,0
BRDA:248,11,0,0
BRDA:248,11,1,0
BRDA:255,12,0,0
BRDA:255,12,1,0
BRDA:260,13,0,0
BRDA:267,14,0,0
BRDA:267,14,1,0
BRDA:271,15,0,0
BRDA:271,15,1,0
BRDA:273,16,0,0
BRDA:273,16,1,0
BRDA:276,17,0,0
BRDA:276,17,1,0
BRDA:306,18,0,0
BRDA:306,18,1,0
BRDA:347,19,0,0
BRDA:347,19,1,0
BRDA:370,20,0,0
BRDA:370,20,1,0
BRDA:388,21,0,0
BRDA:388,21,1,0
BRDA:392,22,0,0
BRDA:392,22,1,0
BRDA:408,23,0,0
BRDA:408,23,1,0
BRDA:446,24,0,0
BRDA:446,24,1,0
BRDA:455,25,0,0
BRDA:455,25,1,0
BRDA:455,25,2,0
BRDA:486,26,0,0
BRDA:486,26,1,0
BRDA:571,27,0,0
BRDA:571,27,1,0
BRF:63
BRH:0
end_of_record
TN:
SF:src\components\GameStatusDialog.tsx
FN:16,(anonymous_0)
FN:27,(anonymous_1)
FN:41,(anonymous_2)
FNF:3
FNH:0
FNDA:0,(anonymous_0)
FNDA:0,(anonymous_1)
FNDA:0,(anonymous_2)
DA:5,0
DA:16,0
DA:24,0
DA:25,0
DA:27,0
DA:28,0
DA:29,0
DA:31,0
DA:32,0
DA:33,0
DA:35,0
DA:37,0
DA:41,0
DA:42,0
DA:43,0
DA:44,0
DA:47,0
LF:17
LH:0
BRDA:21,0,0,0
BRDA:22,1,0,0
BRDA:35,2,0,0
BRDA:35,2,1,0
BRDA:69,3,0,0
BRDA:69,3,1,0
BRDA:88,4,0,0
BRDA:88,4,1,0
BRF:8
BRH:0
end_of_record
TN:
SF:src\components\OptimizationSuggestions.tsx
FN:42,(anonymous_0)
FN:57,(anonymous_1)
FN:59,(anonymous_2)
FN:68,(anonymous_3)
FN:72,(anonymous_4)
FN:83,(anonymous_5)
FN:85,(anonymous_6)
FN:88,(anonymous_7)
FN:88,(anonymous_8)
FN:97,(anonymous_9)
FN:105,(anonymous_10)
FN:106,(anonymous_11)
FN:106,(anonymous_12)
FN:122,(anonymous_13)
FN:131,(anonymous_14)
FN:142,(anonymous_15)
FN:153,(anonymous_16)
FN:155,(anonymous_17)
FN:165,(anonymous_18)
FN:206,(anonymous_19)
FN:228,(anonymous_20)
FN:249,(anonymous_21)
FN:259,(anonymous_22)
FN:273,(anonymous_23)
FN:274,(anonymous_24)
FN:275,(anonymous_25)
FN:276,(anonymous_26)
FN:322,(anonymous_27)
FN:330,(anonymous_28)
FN:350,(anonymous_29)
FN:354,(anonymous_30)
FN:395,(anonymous_31)
FN:400,(anonymous_32)
FNF:33
FNH:0
FNDA:0,(anonymous_0)
FNDA:0,(anonymous_1)
FNDA:0,(anonymous_2)
FNDA:0,(anonymous_3)
FNDA:0,(anonymous_4)
FNDA:0,(anonymous_5)
FNDA:0,(anonymous_6)
FNDA:0,(anonymous_7)
FNDA:0,(anonymous_8)
FNDA:0,(anonymous_9)
FNDA:0,(anonymous_10)
FNDA:0,(anonymous_11)
FNDA:0,(anonymous_12)
FNDA:0,(anonymous_13)
FNDA:0,(anonymous_14)
FNDA:0,(anonymous_15)
FNDA:0,(anonymous_16)
FNDA:0,(anonymous_17)
FNDA:0,(anonymous_18)
FNDA:0,(anonymous_19)
FNDA:0,(anonymous_20)
FNDA:0,(anonymous_21)
FNDA:0,(anonymous_22)
FNDA:0,(anonymous_23)
FNDA:0,(anonymous_24)
FNDA:0,(anonymous_25)
FNDA:0,(anonymous_26)
FNDA:0,(anonymous_27)
FNDA:0,(anonymous_28)
FNDA:0,(anonymous_29)
FNDA:0,(anonymous_30)
FNDA:0,(anonymous_31)
FNDA:0,(anonymous_32)
DA:42,0
DA:48,0
DA:49,0
DA:50,0
DA:51,0
DA:53,0
DA:54,0
DA:55,0
DA:57,0
DA:58,0
DA:59,0
DA:64,0
DA:68,0
DA:69,0
DA:70,0
DA:71,0
DA:72,0
DA:77,0
DA:79,0
DA:83,0
DA:84,0
DA:85,0
DA:88,0
DA:89,0
DA:94,0
DA:96,0
DA:97,0
DA:98,0
DA:99,0
DA:100,0
DA:105,0
DA:106,0
DA:107,0
DA:119,0
DA:122,0
DA:123,0
DA:124,0
DA:125,0
DA:126,0
DA:127,0
DA:131,0
DA:132,0
DA:133,0
DA:134,0
DA:135,0
DA:136,0
DA:137,0
DA:138,0
DA:142,0
DA:143,0
DA:144,0
DA:145,0
DA:146,0
DA:147,0
DA:151,0
DA:153,0
DA:155,0
DA:156,0
DA:165,0
DA:166,0
DA:167,0
DA:169,0
DA:207,0
DA:228,0
DA:249,0
DA:259,0
DA:273,0
DA:274,0
DA:275,0
DA:276,0
DA:278,0
DA:323,0
DA:330,0
DA:351,0
DA:352,0
DA:355,0
DA:370,0
DA:371,0
DA:379,0
DA:396,0
DA:400,0
LF:81
LH:0
BRDA:58,0,0,0
BRDA:58,0,1,0
BRDA:89,1,0,0
BRDA:89,1,1,0
BRDA:107,2,0,0
BRDA:107,2,1,0
BRDA:123,3,0,0
BRDA:123,3,1,0
BRDA:123,3,2,0
BRDA:123,3,3,0
BRDA:132,4,0,0
BRDA:132,4,1,0
BRDA:132,4,2,0
BRDA:132,4,3,0
BRDA:132,4,4,0
BRDA:132,4,5,0
BRDA:143,5,0,0
BRDA:143,5,1,0
BRDA:143,5,2,0
BRDA:143,5,3,0
BRDA:151,6,0,0
BRDA:151,6,1,0
BRDA:167,7,0,0
BRDA:167,7,1,0
BRDA:171,8,0,0
BRDA:171,8,1,0
BRDA:178,9,0,0
BRDA:178,9,1,0
BRDA:182,10,0,0
BRDA:182,10,1,0
BRDA:183,11,0,0
BRDA:183,11,1,0
BRDA:202,12,0,0
BRDA:202,12,1,0
BRDA:202,12,2,0
BRDA:214,13,0,0
BRDA:214,13,1,0
BRDA:226,14,0,0
BRDA:226,14,1,0
BRDA:251,15,0,0
BRDA:251,15,1,0
BRDA:261,16,0,0
BRDA:261,16,1,0
BRDA:275,17,0,0
BRDA:275,17,1,0
BRDA:312,18,0,0
BRDA:312,18,1,0
BRDA:333,19,0,0
BRDA:333,19,1,0
BRDA:351,20,0,0
BRDA:351,20,1,0
BRDA:358,21,0,0
BRDA:358,21,1,0
BRDA:370,22,0,0
BRDA:370,22,1,0
BRDA:398,23,0,0
BRDA:398,23,1,0
BRDA:403,24,0,0
BRDA:403,24,1,0
BRDA:404,25,0,0
BRDA:404,25,1,0
BRDA:411,26,0,0
BRDA:411,26,1,0
BRF:63
BRH:0
end_of_record
TN:
SF:src\components\PerformanceDashboard.tsx
FN:24,(anonymous_0)
FN:37,(anonymous_1)
FN:44,(anonymous_2)
FN:51,(anonymous_3)
FN:56,(anonymous_4)
FN:59,(anonymous_5)
FN:66,(anonymous_6)
FN:70,(anonymous_7)
FN:76,(anonymous_8)
FN:91,(anonymous_9)
FN:97,(anonymous_10)
FN:107,(anonymous_11)
FN:116,(anonymous_12)
FN:230,(anonymous_13)
FN:232,(anonymous_14)
FN:244,(anonymous_15)
FN:294,(anonymous_16)
FN:327,(anonymous_17)
FN:332,(anonymous_18)
FN:346,(anonymous_19)
FNF:20
FNH:0
FNDA:0,(anonymous_0)
FNDA:0,(anonymous_1)
FNDA:0,(anonymous_2)
FNDA:0,(anonymous_3)
FNDA:0,(anonymous_4)
FNDA:0,(anonymous_5)
FNDA:0,(anonymous_6)
FNDA:0,(anonymous_7)
FNDA:0,(anonymous_8)
FNDA:0,(anonymous_9)
FNDA:0,(anonymous_10)
FNDA:0,(anonymous_11)
FNDA:0,(anonymous_12)
FNDA:0,(anonymous_13)
FNDA:0,(anonymous_14)
FNDA:0,(anonymous_15)
FNDA:0,(anonymous_16)
FNDA:0,(anonymous_17)
FNDA:0,(anonymous_18)
FNDA:0,(anonymous_19)
DA:22,0
DA:24,0
DA:25,0
DA:26,0
DA:27,0
DA:28,0
DA:29,0
DA:30,0
DA:32,0
DA:33,0
DA:34,0
DA:35,0
DA:37,0
DA:38,0
DA:39,0
DA:41,0
DA:44,0
DA:45,0
DA:46,0
DA:51,0
DA:52,0
DA:53,0
DA:56,0
DA:57,0
DA:58,0
DA:59,0
DA:62,0
DA:63,0
DA:65,0
DA:66,0
DA:67,0
DA:70,0
DA:72,0
DA:76,0
DA:77,0
DA:78,0
DA:79,0
DA:80,0
DA:82,0
DA:83,0
DA:85,0
DA:87,0
DA:91,0
DA:92,0
DA:93,0
DA:94,0
DA:97,0
DA:98,0
DA:99,0
DA:100,0
DA:101,0
DA:102,0
DA:103,0
DA:107,0
DA:108,0
DA:109,0
DA:110,0
DA:111,0
DA:112,0
DA:116,0
DA:117,0
DA:230,0
DA:232,0
DA:244,0
DA:245,0
DA:295,0
DA:327,0
DA:333,0
DA:346,0
DA:347,0
DA:391,0
DA:392,0
DA:400,0
LF:73
LH:0
BRDA:24,0,0,0
BRDA:38,1,0,0
BRDA:38,1,1,0
BRDA:45,2,0,0
BRDA:45,2,1,0
BRDA:58,3,0,0
BRDA:58,3,1,0
BRDA:98,4,0,0
BRDA:98,4,1,0
BRDA:98,4,2,0
BRDA:98,4,3,0
BRDA:98,4,4,0
BRDA:108,5,0,0
BRDA:108,5,1,0
BRDA:108,5,2,0
BRDA:108,5,3,0
BRDA:127,6,0,0
BRDA:127,6,1,0
BRDA:141,7,0,0
BRDA:141,7,1,0
BRDA:155,8,0,0
BRDA:155,8,1,0
BRDA:169,9,0,0
BRDA:169,9,1,0
BRDA:178,10,0,0
BRDA:178,10,1,0
BRDA:210,11,0,0
BRDA:210,11,1,0
BRDA:246,12,0,0
BRDA:246,12,1,0
BRDA:284,13,0,0
BRDA:284,13,1,0
BRDA:391,14,0,0
BRDA:391,14,1,0
BRDA:402,15,0,0
BRDA:402,15,1,0
BRF:36
BRH:0
end_of_record
TN:
SF:src\components\ui\alert.tsx
FN:30,(anonymous_0)
FN:43,(anonymous_1)
FN:55,(anonymous_2)
FNF:3
FNH:0
FNDA:0,(anonymous_0)
FNDA:0,(anonymous_1)
FNDA:0,(anonymous_2)
DA:5,0
DA:27,0
DA:31,0
DA:38,0
DA:40,0
DA:44,0
DA:50,0
DA:52,0
DA:56,0
DA:62,0
LF:10
LH:0
BRF:0
BRH:0
end_of_record
TN:
SF:src\components\ui\badge.tsx
FN:35,Badge
FNF:1
FNH:0
FNDA:0,Badge
DA:5,0
DA:36,0
LF:2
LH:0
BRF:0
BRH:0
end_of_record
TN:
SF:src\components\ui\button.tsx
FN:41,(anonymous_0)
FNF:1
FNH:0
FNDA:0,(anonymous_0)
DA:5,0
DA:40,0
DA:42,0
DA:51,0
LF:4
LH:0
BRDA:41,0,0,0
BRF:1
BRH:0
end_of_record
TN:
SF:src\components\ui\card.tsx
FN:7,(anonymous_0)
FN:22,(anonymous_1)
FN:34,(anonymous_2)
FN:49,(anonymous_3)
FN:61,(anonymous_4)
FN:69,(anonymous_5)
FNF:6
FNH:0
FNDA:0,(anonymous_0)
FNDA:0,(anonymous_1)
FNDA:0,(anonymous_2)
FNDA:0,(anonymous_3)
FNDA:0,(anonymous_4)
FNDA:0,(anonymous_5)
DA:4,0
DA:8,0
DA:17,0
DA:19,0
DA:23,0
DA:29,0
DA:31,0
DA:35,0
DA:44,0
DA:46,0
DA:50,0
DA:56,0
DA:58,0
DA:62,0
DA:64,0
DA:66,0
DA:70,0
DA:76,0
LF:18
LH:0
BRF:0
BRH:0
end_of_record
TN:
SF:src\components\ui\input.tsx
FN:8,(anonymous_0)
FNF:1
FNH:0
FNDA:0,(anonymous_0)
DA:7,0
DA:9,0
DA:22,0
LF:3
LH:0
BRF:0
BRH:0
end_of_record
TN:
SF:src\components\ui\label.tsx
FN:13,(anonymous_0)
FNF:1
FNH:0
FNDA:0,(anonymous_0)
DA:5,0
DA:9,0
DA:14,0
DA:20,0
LF:4
LH:0
BRF:0
BRH:0
end_of_record
TN:
SF:src\components\ui\progress.tsx
FN:10,(anonymous_0)
FNF:1
FNH:0
FNDA:0,(anonymous_0)
DA:9,0
DA:11,0
DA:13,0
DA:32,0
LF:4
LH:0
BRDA:10,0,0,0
BRDA:10,1,0,0
BRF:2
BRH:0
end_of_record
TN:
SF:src\components\ui\tabs.tsx
FN:11,(anonymous_0)
FN:27,(anonymous_1)
FN:44,(anonymous_2)
FN:61,(anonymous_3)
FN:75,(anonymous_4)
FN:88,(anonymous_5)
FNF:6
FNH:0
FNDA:0,(anonymous_0)
FNDA:0,(anonymous_1)
FNDA:0,(anonymous_2)
FNDA:0,(anonymous_3)
FNDA:0,(anonymous_4)
FNDA:0,(anonymous_5)
DA:9,0
DA:11,0
DA:12,0
DA:13,0
DA:14,0
DA:16,0
DA:27,0
DA:28,0
DA:29,0
DA:30,0
DA:32,0
DA:41,0
DA:45,0
DA:54,0
DA:60,0
DA:62,0
DA:63,0
DA:65,0
DA:75,0
DA:81,0
DA:87,0
DA:89,0
DA:91,0
DA:92,0
DA:95,0
DA:107,0
LF:26
LH:0
BRDA:13,0,0,0
BRDA:13,0,1,0
BRDA:28,1,0,0
BRDA:28,1,1,0
BRDA:29,2,0,0
BRDA:29,2,1,0
BRDA:30,3,0,0
BRDA:30,3,1,0
BRDA:70,4,0,0
BRDA:70,4,1,0
BRDA:91,5,0,0
BRDA:91,5,1,0
BRF:12
BRH:0
end_of_record
TN:
SF:src\components\ui\textarea.tsx
FN:8,(anonymous_0)
FNF:1
FNH:0
FNDA:0,(anonymous_0)
DA:7,0
DA:9,0
DA:21,0
LF:3
LH:0
BRF:0
BRH:0
end_of_record
TN:
SF:src\hooks\useGameStatus.ts
FN:21,(anonymous_0)
FN:26,(anonymous_1)
FN:57,(anonymous_2)
FN:88,(anonymous_3)
FN:101,(anonymous_4)
FNF:5
FNH:0
FNDA:0,(anonymous_0)
FNDA:0,(anonymous_1)
FNDA:0,(anonymous_2)
FNDA:0,(anonymous_3)
FNDA:0,(anonymous_4)
DA:21,0
DA:22,0
DA:23,0
DA:24,0
DA:26,0
DA:27,0
DA:28,0
DA:29,0
DA:30,0
DA:32,0
DA:33,0
DA:39,0
DA:40,0
DA:42,0
DA:45,0
DA:46,0
DA:50,0
DA:51,0
DA:53,0
DA:57,0
DA:58,0
DA:60,0
DA:61,0
DA:62,0
DA:65,0
DA:66,0
DA:68,0
DA:69,0
DA:72,0
DA:83,0
DA:85,0
DA:86,0
DA:88,0
DA:89,0
DA:92,0
DA:95,0
DA:96,0
DA:97,0
DA:101,0
DA:102,0
DA:104,0
DA:105,0
DA:106,0
DA:109,0
DA:112,0
LF:45
LH:0
BRDA:32,0,0,0
BRDA:32,0,1,0
BRDA:42,1,0,0
BRDA:42,1,1,0
BRDA:61,2,0,0
BRDA:61,2,1,0
BRDA:68,3,0,0
BRDA:68,3,1,0
BRDA:68,4,0,0
BRDA:68,4,1,0
BRDA:79,5,0,0
BRDA:79,5,1,0
BRDA:85,6,0,0
BRDA:85,6,1,0
BRDA:92,7,0,0
BRDA:92,7,1,0
BRDA:95,8,0,0
BRDA:95,8,1,0
BRDA:101,9,0,0
BRDA:104,10,0,0
BRDA:104,10,1,0
BRF:21
BRH:0
end_of_record
TN:
SF:src\hooks\useTheme.ts
FN:5,useTheme
FN:6,(anonymous_1)
FN:14,(anonymous_2)
FN:20,(anonymous_3)
FN:21,(anonymous_4)
FNF:5
FNH:0
FNDA:0,useTheme
FNDA:0,(anonymous_1)
FNDA:0,(anonymous_2)
FNDA:0,(anonymous_3)
FNDA:0,(anonymous_4)
DA:6,0
DA:7,0
DA:8,0
DA:9,0
DA:11,0
DA:14,0
DA:15,0
DA:16,0
DA:17,0
DA:20,0
DA:21,0
DA:24,0
LF:12
LH:0
BRDA:8,0,0,0
BRDA:8,0,1,0
BRDA:11,1,0,0
BRDA:11,1,1,0
BRDA:21,2,0,0
BRDA:21,2,1,0
BRF:6
BRH:0
end_of_record
TN:
SF:src\lib\utils.ts
FN:4,cn
FNF:1
FNH:0
FNDA:0,cn
DA:5,0
LF:1
LH:0
BRF:0
BRH:0
end_of_record
TN:
SF:src\modules\GameDetector.ts
FN:57,(anonymous_0)
FN:87,(anonymous_1)
FN:109,(anonymous_2)
FN:120,(anonymous_3)
FN:124,(anonymous_4)
FN:139,(anonymous_5)
FN:159,(anonymous_6)
FN:247,(anonymous_7)
FN:335,(anonymous_8)
FN:342,(anonymous_9)
FN:353,(anonymous_10)
FN:387,(anonymous_11)
FN:393,(anonymous_12)
FN:425,(anonymous_13)
FN:445,(anonymous_14)
FN:455,(anonymous_15)
FN:478,(anonymous_16)
FN:502,(anonymous_17)
FN:538,(anonymous_18)
FN:549,(anonymous_19)
FN:556,(anonymous_20)
FN:583,(anonymous_21)
FN:590,(anonymous_22)
FN:613,(anonymous_23)
FN:621,(anonymous_24)
FN:628,(anonymous_25)
FN:635,(anonymous_26)
FN:642,(anonymous_27)
FN:656,(anonymous_28)
FN:663,(anonymous_29)
FN:670,(anonymous_30)
FN:678,(anonymous_31)
FN:697,(anonymous_32)
FN:705,(anonymous_33)
FN:726,(anonymous_34)
FN:733,(anonymous_35)
FN:740,(anonymous_36)
FN:764,(anonymous_37)
FN:774,(anonymous_38)
FN:787,(anonymous_39)
FNF:40
FNH:0
FNDA:0,(anonymous_0)
FNDA:0,(anonymous_1)
FNDA:0,(anonymous_2)
FNDA:0,(anonymous_3)
FNDA:0,(anonymous_4)
FNDA:0,(anonymous_5)
FNDA:0,(anonymous_6)
FNDA:0,(anonymous_7)
FNDA:0,(anonymous_8)
FNDA:0,(anonymous_9)
FNDA:0,(anonymous_10)
FNDA:0,(anonymous_11)
FNDA:0,(anonymous_12)
FNDA:0,(anonymous_13)
FNDA:0,(anonymous_14)
FNDA:0,(anonymous_15)
FNDA:0,(anonymous_16)
FNDA:0,(anonymous_17)
FNDA:0,(anonymous_18)
FNDA:0,(anonymous_19)
FNDA:0,(anonymous_20)
FNDA:0,(anonymous_21)
FNDA:0,(anonymous_22)
FNDA:0,(anonymous_23)
FNDA:0,(anonymous_24)
FNDA:0,(anonymous_25)
FNDA:0,(anonymous_26)
FNDA:0,(anonymous_27)
FNDA:0,(anonymous_28)
FNDA:0,(anonymous_29)
FNDA:0,(anonymous_30)
FNDA:0,(anonymous_31)
FNDA:0,(anonymous_32)
FNDA:0,(anonymous_33)
FNDA:0,(anonymous_34)
FNDA:0,(anonymous_35)
FNDA:0,(anonymous_36)
FNDA:0,(anonymous_37)
FNDA:0,(anonymous_38)
FNDA:0,(anonymous_39)
DA:11,0
DA:47,0
DA:48,0
DA:49,0
DA:50,0
DA:51,0
DA:52,0
DA:53,0
DA:54,0
DA:55,0
DA:58,0
DA:59,0
DA:81,0
DA:88,0
DA:90,0
DA:91,0
DA:92,0
DA:94,0
DA:95,0
DA:96,0
DA:98,0
DA:99,0
DA:101,0
DA:110,0
DA:111,0
DA:112,0
DA:115,0
DA:116,0
DA:117,0
DA:120,0
DA:121,0
DA:124,0
DA:125,0
DA:126,0
DA:128,0
DA:129,0
DA:133,0
DA:140,0
DA:141,0
DA:142,0
DA:145,0
DA:147,0
DA:148,0
DA:149,0
DA:152,0
DA:153,0
DA:161,0
DA:162,0
DA:170,0
DA:171,0
DA:172,0
DA:173,0
DA:176,0
DA:177,0
DA:178,0
DA:179,0
DA:180,0
DA:181,0
DA:182,0
DA:185,0
DA:186,0
DA:189,0
DA:190,0
DA:191,0
DA:192,0
DA:193,0
DA:194,0
DA:199,0
DA:200,0
DA:201,0
DA:202,0
DA:203,0
DA:211,0
DA:212,0
DA:215,0
DA:217,0
DA:224,0
DA:225,0
DA:226,0
DA:227,0
DA:229,0
DA:230,0
DA:233,0
DA:234,0
DA:237,0
DA:238,0
DA:239,0
DA:240,0
DA:248,0
DA:249,0
DA:252,0
DA:253,0
DA:254,0
DA:263,0
DA:264,0
DA:265,0
DA:271,0
DA:272,0
DA:276,0
DA:277,0
DA:278,0
DA:286,0
DA:287,0
DA:288,0
DA:295,0
DA:296,0
DA:297,0
DA:299,0
DA:300,0
DA:304,0
DA:313,0
DA:314,0
DA:316,0
DA:319,0
DA:320,0
DA:336,0
DA:344,0
DA:345,0
DA:348,0
DA:349,0
DA:352,0
DA:353,0
DA:354,0
DA:355,0
DA:358,0
DA:363,0
DA:364,0
DA:365,0
DA:372,0
DA:376,0
DA:377,0
DA:379,0
DA:380,0
DA:388,0
DA:389,0
DA:392,0
DA:393,0
DA:394,0
DA:395,0
DA:396,0
DA:399,0
DA:404,0
DA:408,0
DA:409,0
DA:410,0
DA:414,0
DA:415,0
DA:417,0
DA:418,0
DA:426,0
DA:427,0
DA:428,0
DA:446,0
DA:447,0
DA:449,0
DA:450,0
DA:451,0
DA:455,0
DA:456,0
DA:457,0
DA:458,0
DA:463,0
DA:464,0
DA:467,0
DA:470,0
DA:471,0
DA:479,0
DA:480,0
DA:481,0
DA:482,0
DA:483,0
DA:489,0
DA:490,0
DA:492,0
DA:493,0
DA:503,0
DA:504,0
DA:506,0
DA:508,0
DA:510,0
DA:512,0
DA:513,0
DA:514,0
DA:517,0
DA:525,0
DA:529,0
DA:530,0
DA:531,0
DA:532,0
DA:533,0
DA:534,0
DA:538,0
DA:541,0
DA:542,0
DA:543,0
DA:550,0
DA:551,0
DA:554,0
DA:556,0
DA:557,0
DA:560,0
DA:561,0
DA:565,0
DA:566,0
DA:570,0
DA:571,0
DA:572,0
DA:573,0
DA:576,0
DA:584,0
DA:591,0
DA:592,0
DA:595,0
DA:596,0
DA:597,0
DA:599,0
DA:600,0
DA:602,0
DA:603,0
DA:606,0
DA:607,0
DA:610,0
DA:611,0
DA:612,0
DA:613,0
DA:622,0
DA:629,0
DA:636,0
DA:643,0
DA:644,0
DA:647,0
DA:657,0
DA:664,0
DA:671,0
DA:672,0
DA:685,0
DA:698,0
DA:699,0
DA:706,0
DA:709,0
DA:712,0
DA:713,0
DA:714,0
DA:715,0
DA:718,0
DA:720,0
DA:727,0
DA:734,0
DA:741,0
DA:742,0
DA:744,0
DA:746,0
DA:748,0
DA:750,0
DA:751,0
DA:752,0
DA:756,0
DA:757,0
DA:758,0
DA:759,0
DA:760,0
DA:761,0
DA:764,0
DA:767,0
DA:768,0
DA:775,0
DA:777,0
DA:779,0
DA:780,0
DA:782,0
DA:783,0
DA:784,0
DA:787,0
DA:790,0
DA:791,0
LF:275
LH:0
BRDA:88,0,0,0
BRDA:88,0,1,0
BRDA:94,1,0,0
BRDA:94,1,1,0
BRDA:98,2,0,0
BRDA:98,2,1,0
BRDA:99,3,0,0
BRDA:99,3,1,0
BRDA:101,4,0,0
BRDA:101,4,1,0
BRDA:109,5,0,0
BRDA:110,6,0,0
BRDA:110,6,1,0
BRDA:140,7,0,0
BRDA:140,7,1,0
BRDA:147,8,0,0
BRDA:147,8,1,0
BRDA:161,9,0,0
BRDA:161,9,1,0
BRDA:177,10,0,0
BRDA:177,10,1,0
BRDA:190,11,0,0
BRDA:190,11,1,0
BRDA:233,12,0,0
BRDA:233,12,1,0
BRDA:252,13,0,0
BRDA:252,13,1,0
BRDA:252,14,0,0
BRDA:252,14,1,0
BRDA:255,15,0,0
BRDA:255,15,1,0
BRDA:256,16,0,0
BRDA:256,16,1,0
BRDA:263,17,0,0
BRDA:263,17,1,0
BRDA:263,18,0,0
BRDA:263,18,1,0
BRDA:266,19,0,0
BRDA:266,19,1,0
BRDA:276,20,0,0
BRDA:276,20,1,0
BRDA:276,21,0,0
BRDA:276,21,1,0
BRDA:276,21,2,0
BRDA:279,22,0,0
BRDA:279,22,1,0
BRDA:286,23,0,0
BRDA:286,23,1,0
BRDA:286,24,0,0
BRDA:286,24,1,0
BRDA:286,24,2,0
BRDA:289,25,0,0
BRDA:289,25,1,0
BRDA:295,26,0,0
BRDA:295,26,1,0
BRDA:295,27,0,0
BRDA:295,27,1,0
BRDA:296,28,0,0
BRDA:296,28,1,0
BRDA:297,29,0,0
BRDA:297,29,1,0
BRDA:299,30,0,0
BRDA:299,30,1,0
BRDA:299,31,0,0
BRDA:299,31,1,0
BRDA:299,31,2,0
BRDA:313,32,0,0
BRDA:313,32,1,0
BRDA:313,33,0,0
BRDA:313,33,1,0
BRDA:314,34,0,0
BRDA:314,34,1,0
BRDA:316,35,0,0
BRDA:316,35,1,0
BRDA:319,36,0,0
BRDA:319,36,1,0
BRDA:319,37,0,0
BRDA:319,37,1,0
BRDA:344,38,0,0
BRDA:344,38,1,0
BRDA:344,39,0,0
BRDA:344,39,1,0
BRDA:358,40,0,0
BRDA:358,40,1,0
BRDA:358,40,2,0
BRDA:363,41,0,0
BRDA:363,41,1,0
BRDA:399,42,0,0
BRDA:399,42,1,0
BRDA:399,42,2,0
BRDA:408,43,0,0
BRDA:408,43,1,0
BRDA:408,44,0,0
BRDA:408,44,1,0
BRDA:429,45,0,0
BRDA:429,45,1,0
BRDA:430,46,0,0
BRDA:430,46,1,0
BRDA:449,47,0,0
BRDA:449,47,1,0
BRDA:458,48,0,0
BRDA:458,48,1,0
BRDA:458,48,2,0
BRDA:463,49,0,0
BRDA:463,49,1,0
BRDA:502,50,0,0
BRDA:512,51,0,0
BRDA:512,51,1,0
BRDA:518,52,0,0
BRDA:518,52,1,0
BRDA:519,53,0,0
BRDA:519,53,1,0
BRDA:530,54,0,0
BRDA:530,54,1,0
BRDA:550,55,0,0
BRDA:550,55,1,0
BRDA:560,56,0,0
BRDA:560,56,1,0
BRDA:565,57,0,0
BRDA:565,57,1,0
BRDA:572,58,0,0
BRDA:572,58,1,0
BRDA:596,59,0,0
BRDA:596,59,1,0
BRDA:599,60,0,0
BRDA:599,60,1,0
BRDA:602,61,0,0
BRDA:602,61,1,0
BRDA:606,62,0,0
BRDA:606,62,1,0
BRDA:610,63,0,0
BRDA:610,63,1,0
BRDA:610,64,0,0
BRDA:610,64,1,0
BRDA:643,65,0,0
BRDA:643,65,1,0
BRDA:643,66,0,0
BRDA:643,66,1,0
BRDA:740,67,0,0
BRDA:750,68,0,0
BRDA:750,68,1,0
BRDA:757,69,0,0
BRDA:757,69,1,0
BRDA:774,70,0,0
BRDA:782,71,0,0
BRDA:782,71,1,0
BRDA:782,72,0,0
BRDA:782,72,1,0
BRF:148
BRH:0
end_of_record
TN:
SF:src\modules\ImageRecognition.ts
FN:55,(anonymous_0)
FN:66,(anonymous_1)
FN:67,(anonymous_2)
FN:68,(anonymous_3)
FN:75,(anonymous_4)
FN:138,(anonymous_5)
FN:188,(anonymous_6)
FN:218,(anonymous_7)
FN:253,(anonymous_8)
FN:287,(anonymous_9)
FN:326,(anonymous_10)
FN:331,(anonymous_11)
FN:342,(anonymous_12)
FN:362,(anonymous_13)
FN:395,(anonymous_14)
FN:430,(anonymous_15)
FN:454,(anonymous_16)
FN:498,(anonymous_17)
FN:517,(anonymous_18)
FN:520,(anonymous_19)
FN:535,(anonymous_20)
FN:562,(anonymous_21)
FN:572,(anonymous_22)
FN:580,(anonymous_23)
FN:590,(anonymous_24)
FN:591,(anonymous_25)
FN:597,(anonymous_26)
FN:608,(anonymous_27)
FN:616,(anonymous_28)
FN:628,(anonymous_29)
FN:635,(anonymous_30)
FN:642,(anonymous_31)
FN:653,(anonymous_32)
FN:660,(anonymous_33)
FN:674,(anonymous_34)
FN:704,(anonymous_35)
FN:730,(anonymous_36)
FN:782,(anonymous_37)
FN:838,(anonymous_38)
FN:840,(anonymous_39)
FNF:40
FNH:0
FNDA:0,(anonymous_0)
FNDA:0,(anonymous_1)
FNDA:0,(anonymous_2)
FNDA:0,(anonymous_3)
FNDA:0,(anonymous_4)
FNDA:0,(anonymous_5)
FNDA:0,(anonymous_6)
FNDA:0,(anonymous_7)
FNDA:0,(anonymous_8)
FNDA:0,(anonymous_9)
FNDA:0,(anonymous_10)
FNDA:0,(anonymous_11)
FNDA:0,(anonymous_12)
FNDA:0,(anonymous_13)
FNDA:0,(anonymous_14)
FNDA:0,(anonymous_15)
FNDA:0,(anonymous_16)
FNDA:0,(anonymous_17)
FNDA:0,(anonymous_18)
FNDA:0,(anonymous_19)
FNDA:0,(anonymous_20)
FNDA:0,(anonymous_21)
FNDA:0,(anonymous_22)
FNDA:0,(anonymous_23)
FNDA:0,(anonymous_24)
FNDA:0,(anonymous_25)
FNDA:0,(anonymous_26)
FNDA:0,(anonymous_27)
FNDA:0,(anonymous_28)
FNDA:0,(anonymous_29)
FNDA:0,(anonymous_30)
FNDA:0,(anonymous_31)
FNDA:0,(anonymous_32)
FNDA:0,(anonymous_33)
FNDA:0,(anonymous_34)
FNDA:0,(anonymous_35)
FNDA:0,(anonymous_36)
FNDA:0,(anonymous_37)
FNDA:0,(anonymous_38)
FNDA:0,(anonymous_39)
DA:44,0
DA:45,0
DA:46,0
DA:47,0
DA:48,0
DA:49,0
DA:56,0
DA:65,0
DA:66,0
DA:67,0
DA:68,0
DA:76,0
DA:77,0
DA:80,0
DA:82,0
DA:83,0
DA:87,0
DA:88,0
DA:89,0
DA:92,0
DA:95,0
DA:96,0
DA:97,0
DA:101,0
DA:102,0
DA:108,0
DA:109,0
DA:110,0
DA:116,0
DA:118,0
DA:119,0
DA:120,0
DA:121,0
DA:124,0
DA:125,0
DA:126,0
DA:127,0
DA:130,0
DA:131,0
DA:139,0
DA:140,0
DA:143,0
DA:144,0
DA:145,0
DA:149,0
DA:150,0
DA:151,0
DA:155,0
DA:158,0
DA:160,0
DA:161,0
DA:162,0
DA:169,0
DA:170,0
DA:177,0
DA:178,0
DA:189,0
DA:191,0
DA:192,0
DA:193,0
DA:197,0
DA:198,0
DA:199,0
DA:203,0
DA:206,0
DA:208,0
DA:210,0
DA:211,0
DA:219,0
DA:220,0
DA:221,0
DA:222,0
DA:224,0
DA:231,0
DA:232,0
DA:233,0
DA:237,0
DA:238,0
DA:247,0
DA:261,0
DA:262,0
DA:264,0
DA:265,0
DA:266,0
DA:267,0
DA:268,0
DA:269,0
DA:271,0
DA:272,0
DA:273,0
DA:275,0
DA:276,0
DA:280,0
DA:281,0
DA:288,0
DA:289,0
DA:292,0
DA:293,0
DA:294,0
DA:297,0
DA:300,0
DA:301,0
DA:305,0
DA:307,0
DA:314,0
DA:315,0
DA:327,0
DA:328,0
DA:332,0
DA:333,0
DA:334,0
DA:336,0
DA:343,0
DA:344,0
DA:345,0
DA:348,0
DA:349,0
DA:350,0
DA:351,0
DA:356,0
DA:363,0
DA:364,0
DA:366,0
DA:367,0
DA:368,0
DA:369,0
DA:370,0
DA:371,0
DA:372,0
DA:373,0
DA:375,0
DA:378,0
DA:382,0
DA:383,0
DA:385,0
DA:389,0
DA:396,0
DA:397,0
DA:398,0
DA:399,0
DA:402,0
DA:404,0
DA:405,0
DA:408,0
DA:409,0
DA:410,0
DA:412,0
DA:419,0
DA:420,0
DA:431,0
DA:432,0
DA:433,0
DA:435,0
DA:436,0
DA:437,0
DA:438,0
DA:440,0
DA:443,0
DA:448,0
DA:455,0
DA:456,0
DA:458,0
DA:468,0
DA:470,0
DA:471,0
DA:473,0
DA:474,0
DA:475,0
DA:476,0
DA:481,0
DA:482,0
DA:483,0
DA:486,0
DA:487,0
DA:490,0
DA:491,0
DA:503,0
DA:504,0
DA:506,0
DA:507,0
DA:508,0
DA:510,0
DA:511,0
DA:512,0
DA:513,0
DA:517,0
DA:519,0
DA:520,0
DA:524,0
DA:525,0
DA:526,0
DA:536,0
DA:537,0
DA:538,0
DA:539,0
DA:542,0
DA:544,0
DA:545,0
DA:546,0
DA:549,0
DA:550,0
DA:551,0
DA:554,0
DA:555,0
DA:563,0
DA:564,0
DA:565,0
DA:566,0
DA:573,0
DA:574,0
DA:581,0
DA:591,0
DA:598,0
DA:599,0
DA:600,0
DA:602,0
DA:609,0
DA:616,0
DA:617,0
DA:618,0
DA:619,0
DA:620,0
DA:629,0
DA:636,0
DA:643,0
DA:645,0
DA:647,0
DA:648,0
DA:649,0
DA:653,0
DA:654,0
DA:655,0
DA:658,0
DA:660,0
DA:661,0
DA:665,0
DA:668,0
DA:675,0
DA:676,0
DA:677,0
DA:678,0
DA:681,0
DA:682,0
DA:683,0
DA:686,0
DA:687,0
DA:688,0
DA:691,0
DA:692,0
DA:693,0
DA:696,0
DA:697,0
DA:705,0
DA:706,0
DA:707,0
DA:708,0
DA:711,0
DA:712,0
DA:719,0
DA:722,0
DA:723,0
DA:731,0
DA:732,0
DA:733,0
DA:734,0
DA:737,0
DA:738,0
DA:739,0
DA:742,0
DA:745,0
DA:747,0
DA:751,0
DA:752,0
DA:761,0
DA:762,0
DA:764,0
DA:771,0
DA:772,0
DA:788,0
DA:791,0
DA:792,0
DA:794,0
DA:797,0
DA:798,0
DA:801,0
DA:802,0
DA:803,0
DA:806,0
DA:807,0
DA:809,0
DA:810,0
DA:811,0
DA:812,0
DA:814,0
DA:815,0
DA:816,0
DA:819,0
DA:824,0
DA:825,0
DA:829,0
DA:830,0
DA:837,0
DA:838,0
DA:841,0
DA:842,0
DA:848,0
DA:856,0
DA:857,0
LF:308
LH:0
BRDA:55,0,0,0
BRDA:80,1,0,0
BRDA:80,1,1,0
BRDA:80,2,0,0
BRDA:80,2,1,0
BRDA:87,3,0,0
BRDA:87,3,1,0
BRDA:87,4,0,0
BRDA:87,4,1,0
BRDA:96,5,0,0
BRDA:96,5,1,0
BRDA:108,6,0,0
BRDA:108,6,1,0
BRDA:143,7,0,0
BRDA:143,7,1,0
BRDA:144,8,0,0
BRDA:144,8,1,0
BRDA:150,9,0,0
BRDA:150,9,1,0
BRDA:160,10,0,0
BRDA:160,10,1,0
BRDA:192,11,0,0
BRDA:192,11,1,0
BRDA:197,12,0,0
BRDA:197,12,1,0
BRDA:237,13,0,0
BRDA:237,13,1,0
BRDA:293,14,0,0
BRDA:293,14,1,0
BRDA:300,15,0,0
BRDA:300,15,1,0
BRDA:309,16,0,0
BRDA:309,16,1,0
BRDA:310,17,0,0
BRDA:310,17,1,0
BRDA:332,18,0,0
BRDA:332,18,1,0
BRDA:350,19,0,0
BRDA:350,19,1,0
BRDA:382,20,0,0
BRDA:382,20,1,0
BRDA:382,21,0,0
BRDA:382,21,1,0
BRDA:398,22,0,0
BRDA:398,22,1,0
BRDA:404,23,0,0
BRDA:404,23,1,0
BRDA:415,24,0,0
BRDA:415,24,1,0
BRDA:440,25,0,0
BRDA:440,25,1,0
BRDA:440,26,0,0
BRDA:440,26,1,0
BRDA:440,26,2,0
BRDA:440,26,3,0
BRDA:440,26,4,0
BRDA:440,26,5,0
BRDA:473,27,0,0
BRDA:473,27,1,0
BRDA:475,28,0,0
BRDA:475,28,1,0
BRDA:481,29,0,0
BRDA:481,29,1,0
BRDA:500,30,0,0
BRDA:501,31,0,0
BRDA:510,32,0,0
BRDA:510,32,1,0
BRDA:538,33,0,0
BRDA:538,33,1,0
BRDA:544,34,0,0
BRDA:544,34,1,0
BRDA:544,35,0,0
BRDA:544,35,1,0
BRDA:544,35,2,0
BRDA:544,35,3,0
BRDA:598,36,0,0
BRDA:598,36,1,0
BRDA:618,37,0,0
BRDA:618,37,1,0
BRDA:647,38,0,0
BRDA:647,38,1,0
BRDA:648,39,0,0
BRDA:648,39,1,0
BRDA:677,40,0,0
BRDA:677,40,1,0
BRDA:683,41,0,0
BRDA:683,41,1,0
BRDA:687,42,0,0
BRDA:687,42,1,0
BRDA:707,43,0,0
BRDA:707,43,1,0
BRDA:730,44,0,0
BRDA:733,45,0,0
BRDA:733,45,1,0
BRDA:738,46,0,0
BRDA:738,46,1,0
BRDA:745,47,0,0
BRDA:745,47,1,0
BRDA:745,48,0,0
BRDA:745,48,1,0
BRDA:791,49,0,0
BRDA:791,49,1,0
BRDA:797,50,0,0
BRDA:797,50,1,0
BRDA:825,51,0,0
BRDA:825,51,1,0
BRF:106
BRH:0
end_of_record
TN:
SF:src\modules\InputController.ts
FN:47,(anonymous_0)
FN:59,(anonymous_1)
FN:66,(anonymous_2)
FN:73,(anonymous_3)
FN:80,(anonymous_4)
FN:128,(anonymous_5)
FN:159,(anonymous_6)
FN:203,(anonymous_7)
FN:236,(anonymous_8)
FN:280,(anonymous_9)
FN:315,(anonymous_10)
FN:328,(anonymous_11)
FN:341,(anonymous_12)
FN:359,(anonymous_13)
FN:360,(anonymous_14)
FN:366,(anonymous_15)
FN:373,(anonymous_16)
FN:380,(anonymous_17)
FN:387,(anonymous_18)
FN:394,(anonymous_19)
FN:401,(anonymous_20)
FN:415,(anonymous_21)
FN:429,(anonymous_22)
FN:446,(anonymous_23)
FN:463,(anonymous_24)
FN:487,(anonymous_25)
FN:497,(anonymous_26)
FN:499,(anonymous_27)
FN:505,(anonymous_28)
FN:512,(anonymous_29)
FN:514,(anonymous_30)
FN:524,(anonymous_31)
FN:573,(anonymous_32)
FN:608,(anonymous_33)
FN:615,(anonymous_34)
FN:622,(anonymous_35)
FNF:36
FNH:0
FNDA:0,(anonymous_0)
FNDA:0,(anonymous_1)
FNDA:0,(anonymous_2)
FNDA:0,(anonymous_3)
FNDA:0,(anonymous_4)
FNDA:0,(anonymous_5)
FNDA:0,(anonymous_6)
FNDA:0,(anonymous_7)
FNDA:0,(anonymous_8)
FNDA:0,(anonymous_9)
FNDA:0,(anonymous_10)
FNDA:0,(anonymous_11)
FNDA:0,(anonymous_12)
FNDA:0,(anonymous_13)
FNDA:0,(anonymous_14)
FNDA:0,(anonymous_15)
FNDA:0,(anonymous_16)
FNDA:0,(anonymous_17)
FNDA:0,(anonymous_18)
FNDA:0,(anonymous_19)
FNDA:0,(anonymous_20)
FNDA:0,(anonymous_21)
FNDA:0,(anonymous_22)
FNDA:0,(anonymous_23)
FNDA:0,(anonymous_24)
FNDA:0,(anonymous_25)
FNDA:0,(anonymous_26)
FNDA:0,(anonymous_27)
FNDA:0,(anonymous_28)
FNDA:0,(anonymous_29)
FNDA:0,(anonymous_30)
FNDA:0,(anonymous_31)
FNDA:0,(anonymous_32)
FNDA:0,(anonymous_33)
FNDA:0,(anonymous_34)
FNDA:0,(anonymous_35)
DA:38,0
DA:39,0
DA:40,0
DA:41,0
DA:42,0
DA:43,0
DA:44,0
DA:45,0
DA:49,0
DA:50,0
DA:54,0
DA:55,0
DA:58,0
DA:59,0
DA:67,0
DA:74,0
DA:81,0
DA:82,0
DA:83,0
DA:86,0
DA:87,0
DA:88,0
DA:91,0
DA:96,0
DA:99,0
DA:102,0
DA:105,0
DA:108,0
DA:109,0
DA:111,0
DA:114,0
DA:115,0
DA:116,0
DA:118,0
DA:119,0
DA:120,0
DA:121,0
DA:129,0
DA:130,0
DA:131,0
DA:134,0
DA:135,0
DA:136,0
DA:139,0
DA:141,0
DA:143,0
DA:145,0
DA:146,0
DA:147,0
DA:149,0
DA:150,0
DA:151,0
DA:152,0
DA:160,0
DA:161,0
DA:162,0
DA:165,0
DA:166,0
DA:167,0
DA:170,0
DA:174,0
DA:177,0
DA:178,0
DA:182,0
DA:183,0
DA:185,0
DA:188,0
DA:189,0
DA:190,0
DA:191,0
DA:193,0
DA:194,0
DA:195,0
DA:196,0
DA:204,0
DA:205,0
DA:206,0
DA:209,0
DA:210,0
DA:211,0
DA:214,0
DA:216,0
DA:217,0
DA:221,0
DA:223,0
DA:224,0
DA:226,0
DA:227,0
DA:228,0
DA:229,0
DA:237,0
DA:238,0
DA:239,0
DA:242,0
DA:243,0
DA:244,0
DA:247,0
DA:249,0
DA:250,0
DA:253,0
DA:254,0
DA:257,0
DA:258,0
DA:261,0
DA:262,0
DA:265,0
DA:267,0
DA:268,0
DA:270,0
DA:271,0
DA:272,0
DA:273,0
DA:281,0
DA:282,0
DA:283,0
DA:286,0
DA:287,0
DA:288,0
DA:291,0
DA:293,0
DA:296,0
DA:297,0
DA:300,0
DA:302,0
DA:303,0
DA:305,0
DA:306,0
DA:307,0
DA:308,0
DA:316,0
DA:317,0
DA:318,0
DA:320,0
DA:321,0
DA:329,0
DA:330,0
DA:331,0
DA:333,0
DA:334,0
DA:342,0
DA:343,0
DA:344,0
DA:345,0
DA:347,0
DA:348,0
DA:349,0
DA:351,0
DA:352,0
DA:360,0
DA:367,0
DA:374,0
DA:381,0
DA:388,0
DA:395,0
DA:402,0
DA:403,0
DA:406,0
DA:416,0
DA:417,0
DA:420,0
DA:430,0
DA:431,0
DA:434,0
DA:435,0
DA:436,0
DA:439,0
DA:440,0
DA:447,0
DA:457,0
DA:464,0
DA:472,0
DA:473,0
DA:476,0
DA:479,0
DA:480,0
DA:488,0
DA:489,0
DA:491,0
DA:498,0
DA:499,0
DA:506,0
DA:513,0
DA:514,0
DA:515,0
DA:516,0
DA:518,0
DA:525,0
DA:526,0
DA:527,0
DA:530,0
DA:531,0
DA:532,0
DA:535,0
DA:537,0
DA:538,0
DA:539,0
DA:540,0
DA:545,0
DA:546,0
DA:547,0
DA:551,0
DA:554,0
DA:555,0
DA:556,0
DA:559,0
DA:560,0
DA:561,0
DA:563,0
DA:564,0
DA:565,0
DA:566,0
DA:574,0
DA:575,0
DA:576,0
DA:579,0
DA:580,0
DA:581,0
DA:584,0
DA:585,0
DA:588,0
DA:589,0
DA:592,0
DA:594,0
DA:595,0
DA:596,0
DA:598,0
DA:599,0
DA:600,0
DA:601,0
DA:609,0
DA:616,0
DA:629,0
LF:232
LH:0
BRDA:49,0,0,0
BRDA:49,0,1,0
BRDA:49,1,0,0
BRDA:49,1,1,0
BRDA:58,2,0,0
BRDA:58,2,1,0
BRDA:80,3,0,0
BRDA:81,4,0,0
BRDA:81,4,1,0
BRDA:86,5,0,0
BRDA:86,5,1,0
BRDA:93,6,0,0
BRDA:94,7,0,0
BRDA:95,8,0,0
BRDA:108,9,0,0
BRDA:108,9,1,0
BRDA:114,10,0,0
BRDA:114,10,1,0
BRDA:118,11,0,0
BRDA:118,11,1,0
BRDA:129,12,0,0
BRDA:129,12,1,0
BRDA:134,13,0,0
BRDA:134,13,1,0
BRDA:149,14,0,0
BRDA:149,14,1,0
BRDA:159,15,0,0
BRDA:160,16,0,0
BRDA:160,16,1,0
BRDA:165,17,0,0
BRDA:165,17,1,0
BRDA:172,18,0,0
BRDA:173,19,0,0
BRDA:177,20,0,0
BRDA:177,20,1,0
BRDA:182,21,0,0
BRDA:182,21,1,0
BRDA:188,22,0,0
BRDA:188,22,1,0
BRDA:193,23,0,0
BRDA:193,23,1,0
BRDA:203,24,0,0
BRDA:204,25,0,0
BRDA:204,25,1,0
BRDA:209,26,0,0
BRDA:209,26,1,0
BRDA:216,27,0,0
BRDA:216,27,1,0
BRDA:223,28,0,0
BRDA:223,28,1,0
BRDA:226,29,0,0
BRDA:226,29,1,0
BRDA:237,30,0,0
BRDA:237,30,1,0
BRDA:242,31,0,0
BRDA:242,31,1,0
BRDA:270,32,0,0
BRDA:270,32,1,0
BRDA:280,33,0,0
BRDA:281,34,0,0
BRDA:281,34,1,0
BRDA:286,35,0,0
BRDA:286,35,1,0
BRDA:300,36,0,0
BRDA:300,36,1,0
BRDA:305,37,0,0
BRDA:305,37,1,0
BRDA:341,38,0,0
BRDA:402,39,0,0
BRDA:402,39,1,0
BRDA:416,40,0,0
BRDA:416,40,1,0
BRDA:430,41,0,0
BRDA:430,41,1,0
BRDA:435,42,0,0
BRDA:435,42,1,0
BRDA:463,43,0,0
BRDA:469,44,0,0
BRDA:469,44,1,0
BRDA:469,45,0,0
BRDA:469,45,1,0
BRDA:472,46,0,0
BRDA:472,46,1,0
BRDA:472,47,0,0
BRDA:472,47,1,0
BRDA:479,48,0,0
BRDA:479,48,1,0
BRDA:488,49,0,0
BRDA:488,49,1,0
BRDA:516,50,0,0
BRDA:516,50,1,0
BRDA:524,51,0,0
BRDA:525,52,0,0
BRDA:525,52,1,0
BRDA:530,53,0,0
BRDA:530,53,1,0
BRDA:538,54,0,0
BRDA:538,54,1,0
BRDA:563,55,0,0
BRDA:563,55,1,0
BRDA:573,56,0,0
BRDA:574,57,0,0
BRDA:574,57,1,0
BRDA:579,58,0,0
BRDA:579,58,1,0
BRDA:598,59,0,0
BRDA:598,59,1,0
BRF:107
BRH:0
end_of_record
TN:
SF:src\modules\MainController.ts
FN:474,(anonymous_0)
FN:642,(anonymous_1)
FN:644,(anonymous_2)
FN:649,(anonymous_3)
FN:655,(anonymous_4)
FN:664,(anonymous_5)
FN:736,(anonymous_6)
FN:750,(anonymous_7)
FN:781,(anonymous_8)
FN:815,(anonymous_9)
FN:825,(anonymous_10)
FN:839,(anonymous_11)
FN:900,(anonymous_12)
FN:937,(anonymous_13)
FN:973,(anonymous_14)
FN:1004,(anonymous_15)
FN:1035,(anonymous_16)
FN:1105,(anonymous_17)
FN:1113,(anonymous_18)
FN:1131,(anonymous_19)
FN:1177,(anonymous_20)
FN:1197,(anonymous_21)
FN:1224,(anonymous_22)
FN:1250,(anonymous_23)
FN:1253,(anonymous_24)
FN:1281,(anonymous_25)
FN:1313,(anonymous_26)
FN:1315,(anonymous_27)
FN:1350,(anonymous_28)
FN:1355,(anonymous_29)
FN:1371,(anonymous_30)
FN:1382,(anonymous_31)
FN:1387,(anonymous_32)
FN:1408,(anonymous_33)
FN:1419,(anonymous_34)
FN:1431,(anonymous_35)
FN:1438,(anonymous_36)
FN:1445,(anonymous_37)
FN:1454,(anonymous_38)
FN:1469,(anonymous_39)
FN:1485,(anonymous_40)
FN:1486,(anonymous_41)
FN:1494,(anonymous_42)
FN:1536,(anonymous_43)
FN:1627,(anonymous_44)
FN:1680,(anonymous_45)
FN:1708,(anonymous_46)
FN:1715,(anonymous_47)
FN:1722,(anonymous_48)
FN:1729,(anonymous_49)
FN:1736,(anonymous_50)
FN:1765,(anonymous_51)
FN:1772,(anonymous_52)
FN:1780,(anonymous_53)
FN:1789,(anonymous_54)
FN:1804,(anonymous_55)
FN:1810,(anonymous_56)
FN:1822,(anonymous_57)
FN:1842,(anonymous_58)
FN:1893,(anonymous_59)
FN:1910,(anonymous_60)
FN:1940,(anonymous_61)
FN:1951,(anonymous_62)
FN:1962,(anonymous_63)
FN:1982,(anonymous_64)
FN:2003,(anonymous_65)
FN:2033,(anonymous_66)
FN:2040,(anonymous_67)
FN:2050,(anonymous_68)
FN:2055,(anonymous_69)
FN:2060,(anonymous_70)
FN:2071,(anonymous_71)
FN:2096,(anonymous_72)
FN:2146,(anonymous_73)
FN:2191,(anonymous_74)
FN:2232,(anonymous_75)
FN:2247,(anonymous_76)
FN:2269,(anonymous_77)
FN:2299,(anonymous_78)
FN:2326,(anonymous_79)
FN:2357,(anonymous_80)
FN:2372,(anonymous_81)
FN:2385,(anonymous_82)
FN:2408,(anonymous_83)
FN:2415,(anonymous_84)
FN:2422,(anonymous_85)
FN:2429,(anonymous_86)
FN:2437,(anonymous_87)
FN:2449,(anonymous_88)
FN:2461,(anonymous_89)
FN:2473,(anonymous_90)
FN:2482,(anonymous_91)
FN:2489,(anonymous_92)
FN:2494,(anonymous_93)
FN:2505,(anonymous_94)
FN:2525,(anonymous_95)
FN:2569,(anonymous_96)
FN:2580,(anonymous_97)
FN:2593,(anonymous_98)
FN:2659,(anonymous_99)
FN:2699,(anonymous_100)
FN:2699,(anonymous_101)
FN:2705,(anonymous_102)
FN:2714,(anonymous_103)
FN:2716,(anonymous_104)
FN:2730,(anonymous_105)
FN:2736,(anonymous_106)
FN:2739,(anonymous_107)
FN:2740,(anonymous_108)
FN:2741,(anonymous_109)
FN:2742,(anonymous_110)
FN:2785,(anonymous_111)
FN:2820,(anonymous_112)
FN:2842,(anonymous_113)
FN:2874,(anonymous_114)
FN:2888,(anonymous_115)
FN:2932,(anonymous_116)
FN:2953,(anonymous_117)
FN:2993,(anonymous_118)
FN:3010,(anonymous_119)
FN:3072,(anonymous_120)
FN:3079,(anonymous_121)
FN:3089,(anonymous_122)
FN:3092,(anonymous_123)
FN:3095,(anonymous_124)
FN:3108,(anonymous_125)
FN:3111,(anonymous_126)
FN:3124,(anonymous_127)
FN:3130,(anonymous_128)
FN:3137,(anonymous_129)
FN:3149,(anonymous_130)
FN:3182,(anonymous_131)
FN:3204,(anonymous_132)
FN:3219,(anonymous_133)
FN:3241,(anonymous_134)
FN:3249,(anonymous_135)
FN:3254,(anonymous_136)
FN:3259,(anonymous_137)
FN:3269,(anonymous_138)
FN:3297,(anonymous_139)
FN:3309,(anonymous_140)
FN:3373,(anonymous_141)
FN:3409,(anonymous_142)
FN:3416,(anonymous_143)
FN:3432,(anonymous_144)
FN:3451,(anonymous_145)
FN:3458,(anonymous_146)
FN:3465,(anonymous_147)
FN:3474,(anonymous_148)
FN:3502,(anonymous_149)
FN:3544,(anonymous_150)
FN:3553,(anonymous_151)
FN:3591,(anonymous_152)
FN:3600,(anonymous_153)
FN:3604,(anonymous_154)
FN:3611,(anonymous_155)
FN:3615,(anonymous_156)
FN:3621,(anonymous_157)
FN:3625,(anonymous_158)
FN:3631,(anonymous_159)
FN:3647,(anonymous_160)
FN:3654,(anonymous_161)
FN:3662,(anonymous_162)
FN:3665,(anonymous_163)
FN:3672,(anonymous_164)
FN:3673,(anonymous_165)
FN:3686,(anonymous_166)
FN:3689,(anonymous_167)
FN:3702,(anonymous_168)
FN:3714,(anonymous_169)
FN:3770,(anonymous_170)
FN:3771,(anonymous_171)
FN:3796,(anonymous_172)
FN:3821,(anonymous_173)
FN:3834,(anonymous_174)
FN:3847,(anonymous_175)
FN:3912,(anonymous_176)
FN:3948,(anonymous_177)
FN:3997,(anonymous_178)
FN:4003,(anonymous_179)
FN:4008,(anonymous_180)
FN:4018,(anonymous_181)
FN:4034,(anonymous_182)
FN:4072,(anonymous_183)
FN:4099,(anonymous_184)
FN:4110,(anonymous_185)
FN:4112,(anonymous_186)
FN:4117,(anonymous_187)
FN:4132,(anonymous_188)
FN:4142,(anonymous_189)
FN:4163,(anonymous_190)
FN:4201,(anonymous_191)
FN:4217,(anonymous_192)
FN:4229,(anonymous_193)
FN:4237,(anonymous_194)
FN:4267,(anonymous_195)
FN:4292,(anonymous_196)
FN:4356,(anonymous_197)
FN:4367,(anonymous_198)
FN:4391,(anonymous_199)
FN:4438,(anonymous_200)
FN:4497,(anonymous_201)
FN:4501,(anonymous_202)
FN:4510,(anonymous_203)
FN:4518,(anonymous_204)
FN:4521,(anonymous_205)
FN:4532,(anonymous_206)
FN:4539,(anonymous_207)
FN:4551,(anonymous_208)
FN:4557,(anonymous_209)
FN:4563,(anonymous_210)
FN:4569,(anonymous_211)
FN:4575,(anonymous_212)
FN:4591,(anonymous_213)
FN:4593,(anonymous_214)
FN:4619,(anonymous_215)
FN:4654,(anonymous_216)
FN:4669,(anonymous_217)
FN:4697,(anonymous_218)
FN:4739,(anonymous_219)
FN:4755,(anonymous_220)
FN:4765,(anonymous_221)
FN:4766,(anonymous_222)
FN:4769,(anonymous_223)
FN:4796,(anonymous_224)
FN:4808,(anonymous_225)
FN:4818,(anonymous_226)
FN:4833,(anonymous_227)
FN:4834,(anonymous_228)
FN:4850,(anonymous_229)
FN:4874,(anonymous_230)
FN:4884,(anonymous_231)
FN:4890,(anonymous_232)
FN:4891,(anonymous_233)
FN:4911,(anonymous_234)
FN:4912,(anonymous_235)
FN:4931,(anonymous_236)
FN:4939,(anonymous_237)
FN:4960,(anonymous_238)
FN:4964,(anonymous_239)
FN:4984,(anonymous_240)
FN:5069,(anonymous_241)
FN:5084,(anonymous_242)
FN:5152,(anonymous_243)
FN:5175,(anonymous_244)
FN:5186,(anonymous_245)
FN:5199,(anonymous_246)
FN:5203,(anonymous_247)
FN:5204,(anonymous_248)
FN:5209,(anonymous_249)
FN:5234,(anonymous_250)
FN:5253,(anonymous_251)
FN:5302,(anonymous_252)
FN:5315,(anonymous_253)
FN:5329,(anonymous_254)
FN:5362,(anonymous_255)
FN:5376,(anonymous_256)
FN:5386,(anonymous_257)
FN:5395,(anonymous_258)
FNF:259
FNH:0
FNDA:0,(anonymous_0)
FNDA:0,(anonymous_1)
FNDA:0,(anonymous_2)
FNDA:0,(anonymous_3)
FNDA:0,(anonymous_4)
FNDA:0,(anonymous_5)
FNDA:0,(anonymous_6)
FNDA:0,(anonymous_7)
FNDA:0,(anonymous_8)
FNDA:0,(anonymous_9)
FNDA:0,(anonymous_10)
FNDA:0,(anonymous_11)
FNDA:0,(anonymous_12)
FNDA:0,(anonymous_13)
FNDA:0,(anonymous_14)
FNDA:0,(anonymous_15)
FNDA:0,(anonymous_16)
FNDA:0,(anonymous_17)
FNDA:0,(anonymous_18)
FNDA:0,(anonymous_19)
FNDA:0,(anonymous_20)
FNDA:0,(anonymous_21)
FNDA:0,(anonymous_22)
FNDA:0,(anonymous_23)
FNDA:0,(anonymous_24)
FNDA:0,(anonymous_25)
FNDA:0,(anonymous_26)
FNDA:0,(anonymous_27)
FNDA:0,(anonymous_28)
FNDA:0,(anonymous_29)
FNDA:0,(anonymous_30)
FNDA:0,(anonymous_31)
FNDA:0,(anonymous_32)
FNDA:0,(anonymous_33)
FNDA:0,(anonymous_34)
FNDA:0,(anonymous_35)
FNDA:0,(anonymous_36)
FNDA:0,(anonymous_37)
FNDA:0,(anonymous_38)
FNDA:0,(anonymous_39)
FNDA:0,(anonymous_40)
FNDA:0,(anonymous_41)
FNDA:0,(anonymous_42)
FNDA:0,(anonymous_43)
FNDA:0,(anonymous_44)
FNDA:0,(anonymous_45)
FNDA:0,(anonymous_46)
FNDA:0,(anonymous_47)
FNDA:0,(anonymous_48)
FNDA:0,(anonymous_49)
FNDA:0,(anonymous_50)
FNDA:0,(anonymous_51)
FNDA:0,(anonymous_52)
FNDA:0,(anonymous_53)
FNDA:0,(anonymous_54)
FNDA:0,(anonymous_55)
FNDA:0,(anonymous_56)
FNDA:0,(anonymous_57)
FNDA:0,(anonymous_58)
FNDA:0,(anonymous_59)
FNDA:0,(anonymous_60)
FNDA:0,(anonymous_61)
FNDA:0,(anonymous_62)
FNDA:0,(anonymous_63)
FNDA:0,(anonymous_64)
FNDA:0,(anonymous_65)
FNDA:0,(anonymous_66)
FNDA:0,(anonymous_67)
FNDA:0,(anonymous_68)
FNDA:0,(anonymous_69)
FNDA:0,(anonymous_70)
FNDA:0,(anonymous_71)
FNDA:0,(anonymous_72)
FNDA:0,(anonymous_73)
FNDA:0,(anonymous_74)
FNDA:0,(anonymous_75)
FNDA:0,(anonymous_76)
FNDA:0,(anonymous_77)
FNDA:0,(anonymous_78)
FNDA:0,(anonymous_79)
FNDA:0,(anonymous_80)
FNDA:0,(anonymous_81)
FNDA:0,(anonymous_82)
FNDA:0,(anonymous_83)
FNDA:0,(anonymous_84)
FNDA:0,(anonymous_85)
FNDA:0,(anonymous_86)
FNDA:0,(anonymous_87)
FNDA:0,(anonymous_88)
FNDA:0,(anonymous_89)
FNDA:0,(anonymous_90)
FNDA:0,(anonymous_91)
FNDA:0,(anonymous_92)
FNDA:0,(anonymous_93)
FNDA:0,(anonymous_94)
FNDA:0,(anonymous_95)
FNDA:0,(anonymous_96)
FNDA:0,(anonymous_97)
FNDA:0,(anonymous_98)
FNDA:0,(anonymous_99)
FNDA:0,(anonymous_100)
FNDA:0,(anonymous_101)
FNDA:0,(anonymous_102)
FNDA:0,(anonymous_103)
FNDA:0,(anonymous_104)
FNDA:0,(anonymous_105)
FNDA:0,(anonymous_106)
FNDA:0,(anonymous_107)
FNDA:0,(anonymous_108)
FNDA:0,(anonymous_109)
FNDA:0,(anonymous_110)
FNDA:0,(anonymous_111)
FNDA:0,(anonymous_112)
FNDA:0,(anonymous_113)
FNDA:0,(anonymous_114)
FNDA:0,(anonymous_115)
FNDA:0,(anonymous_116)
FNDA:0,(anonymous_117)
FNDA:0,(anonymous_118)
FNDA:0,(anonymous_119)
FNDA:0,(anonymous_120)
FNDA:0,(anonymous_121)
FNDA:0,(anonymous_122)
FNDA:0,(anonymous_123)
FNDA:0,(anonymous_124)
FNDA:0,(anonymous_125)
FNDA:0,(anonymous_126)
FNDA:0,(anonymous_127)
FNDA:0,(anonymous_128)
FNDA:0,(anonymous_129)
FNDA:0,(anonymous_130)
FNDA:0,(anonymous_131)
FNDA:0,(anonymous_132)
FNDA:0,(anonymous_133)
FNDA:0,(anonymous_134)
FNDA:0,(anonymous_135)
FNDA:0,(anonymous_136)
FNDA:0,(anonymous_137)
FNDA:0,(anonymous_138)
FNDA:0,(anonymous_139)
FNDA:0,(anonymous_140)
FNDA:0,(anonymous_141)
FNDA:0,(anonymous_142)
FNDA:0,(anonymous_143)
FNDA:0,(anonymous_144)
FNDA:0,(anonymous_145)
FNDA:0,(anonymous_146)
FNDA:0,(anonymous_147)
FNDA:0,(anonymous_148)
FNDA:0,(anonymous_149)
FNDA:0,(anonymous_150)
FNDA:0,(anonymous_151)
FNDA:0,(anonymous_152)
FNDA:0,(anonymous_153)
FNDA:0,(anonymous_154)
FNDA:0,(anonymous_155)
FNDA:0,(anonymous_156)
FNDA:0,(anonymous_157)
FNDA:0,(anonymous_158)
FNDA:0,(anonymous_159)
FNDA:0,(anonymous_160)
FNDA:0,(anonymous_161)
FNDA:0,(anonymous_162)
FNDA:0,(anonymous_163)
FNDA:0,(anonymous_164)
FNDA:0,(anonymous_165)
FNDA:0,(anonymous_166)
FNDA:0,(anonymous_167)
FNDA:0,(anonymous_168)
FNDA:0,(anonymous_169)
FNDA:0,(anonymous_170)
FNDA:0,(anonymous_171)
FNDA:0,(anonymous_172)
FNDA:0,(anonymous_173)
FNDA:0,(anonymous_174)
FNDA:0,(anonymous_175)
FNDA:0,(anonymous_176)
FNDA:0,(anonymous_177)
FNDA:0,(anonymous_178)
FNDA:0,(anonymous_179)
FNDA:0,(anonymous_180)
FNDA:0,(anonymous_181)
FNDA:0,(anonymous_182)
FNDA:0,(anonymous_183)
FNDA:0,(anonymous_184)
FNDA:0,(anonymous_185)
FNDA:0,(anonymous_186)
FNDA:0,(anonymous_187)
FNDA:0,(anonymous_188)
FNDA:0,(anonymous_189)
FNDA:0,(anonymous_190)
FNDA:0,(anonymous_191)
FNDA:0,(anonymous_192)
FNDA:0,(anonymous_193)
FNDA:0,(anonymous_194)
FNDA:0,(anonymous_195)
FNDA:0,(anonymous_196)
FNDA:0,(anonymous_197)
FNDA:0,(anonymous_198)
FNDA:0,(anonymous_199)
FNDA:0,(anonymous_200)
FNDA:0,(anonymous_201)
FNDA:0,(anonymous_202)
FNDA:0,(anonymous_203)
FNDA:0,(anonymous_204)
FNDA:0,(anonymous_205)
FNDA:0,(anonymous_206)
FNDA:0,(anonymous_207)
FNDA:0,(anonymous_208)
FNDA:0,(anonymous_209)
FNDA:0,(anonymous_210)
FNDA:0,(anonymous_211)
FNDA:0,(anonymous_212)
FNDA:0,(anonymous_213)
FNDA:0,(anonymous_214)
FNDA:0,(anonymous_215)
FNDA:0,(anonymous_216)
FNDA:0,(anonymous_217)
FNDA:0,(anonymous_218)
FNDA:0,(anonymous_219)
FNDA:0,(anonymous_220)
FNDA:0,(anonymous_221)
FNDA:0,(anonymous_222)
FNDA:0,(anonymous_223)
FNDA:0,(anonymous_224)
FNDA:0,(anonymous_225)
FNDA:0,(anonymous_226)
FNDA:0,(anonymous_227)
FNDA:0,(anonymous_228)
FNDA:0,(anonymous_229)
FNDA:0,(anonymous_230)
FNDA:0,(anonymous_231)
FNDA:0,(anonymous_232)
FNDA:0,(anonymous_233)
FNDA:0,(anonymous_234)
FNDA:0,(anonymous_235)
FNDA:0,(anonymous_236)
FNDA:0,(anonymous_237)
FNDA:0,(anonymous_238)
FNDA:0,(anonymous_239)
FNDA:0,(anonymous_240)
FNDA:0,(anonymous_241)
FNDA:0,(anonymous_242)
FNDA:0,(anonymous_243)
FNDA:0,(anonymous_244)
FNDA:0,(anonymous_245)
FNDA:0,(anonymous_246)
FNDA:0,(anonymous_247)
FNDA:0,(anonymous_248)
FNDA:0,(anonymous_249)
FNDA:0,(anonymous_250)
FNDA:0,(anonymous_251)
FNDA:0,(anonymous_252)
FNDA:0,(anonymous_253)
FNDA:0,(anonymous_254)
FNDA:0,(anonymous_255)
FNDA:0,(anonymous_256)
FNDA:0,(anonymous_257)
FNDA:0,(anonymous_258)
DA:417,0
DA:418,0
DA:419,0
DA:420,0
DA:421,0
DA:422,0
DA:423,0
DA:424,0
DA:425,0
DA:426,0
DA:427,0
DA:428,0
DA:429,0
DA:430,0
DA:431,0
DA:432,0
DA:433,0
DA:434,0
DA:435,0
DA:436,0
DA:439,0
DA:440,0
DA:441,0
DA:442,0
DA:445,0
DA:446,0
DA:447,0
DA:450,0
DA:451,0
DA:452,0
DA:453,0
DA:456,0
DA:457,0
DA:458,0
DA:459,0
DA:460,0
DA:461,0
DA:462,0
DA:463,0
DA:466,0
DA:467,0
DA:468,0
DA:469,0
DA:470,0
DA:471,0
DA:472,0
DA:475,0
DA:477,0
DA:508,0
DA:509,0
DA:512,0
DA:522,0
DA:530,0
DA:538,0
DA:547,0
DA:562,0
DA:565,0
DA:599,0
DA:602,0
DA:603,0
DA:611,0
DA:612,0
DA:623,0
DA:626,0
DA:629,0
DA:630,0
DA:631,0
DA:632,0
DA:633,0
DA:636,0
DA:644,0
DA:645,0
DA:646,0
DA:649,0
DA:650,0
DA:651,0
DA:652,0
DA:655,0
DA:656,0
DA:657,0
DA:665,0
DA:666,0
DA:669,0
DA:672,0
DA:675,0
DA:676,0
DA:680,0
DA:683,0
DA:686,0
DA:689,0
DA:690,0
DA:694,0
DA:697,0
DA:698,0
DA:702,0
DA:705,0
DA:706,0
DA:710,0
DA:713,0
DA:716,0
DA:717,0
DA:721,0
DA:723,0
DA:724,0
DA:725,0
DA:727,0
DA:728,0
DA:729,0
DA:737,0
DA:738,0
DA:740,0
DA:741,0
DA:743,0
DA:751,0
DA:753,0
DA:754,0
DA:755,0
DA:756,0
DA:760,0
DA:772,0
DA:774,0
DA:782,0
DA:784,0
DA:793,0
DA:796,0
DA:797,0
DA:801,0
DA:815,0
DA:816,0
DA:819,0
DA:826,0
DA:827,0
DA:828,0
DA:829,0
DA:830,0
DA:832,0
DA:840,0
DA:901,0
DA:903,0
DA:913,0
DA:916,0
DA:926,0
DA:929,0
DA:930,0
DA:938,0
DA:939,0
DA:941,0
DA:942,0
DA:943,0
DA:946,0
DA:947,0
DA:948,0
DA:949,0
DA:950,0
DA:954,0
DA:955,0
DA:956,0
DA:958,0
DA:960,0
DA:961,0
DA:965,0
DA:966,0
DA:974,0
DA:975,0
DA:978,0
DA:979,0
DA:983,0
DA:986,0
DA:987,0
DA:989,0
DA:990,0
DA:992,0
DA:993,0
DA:996,0
DA:997,0
DA:1005,0
DA:1007,0
DA:1008,0
DA:1010,0
DA:1011,0
DA:1015,0
DA:1016,0
DA:1018,0
DA:1019,0
DA:1022,0
DA:1023,0
DA:1027,0
DA:1028,0
DA:1036,0
DA:1038,0
DA:1040,0
DA:1041,0
DA:1042,0
DA:1045,0
DA:1048,0
DA:1049,0
DA:1050,0
DA:1051,0
DA:1055,0
DA:1056,0
DA:1057,0
DA:1058,0
DA:1060,0
DA:1061,0
DA:1066,0
DA:1067,0
DA:1068,0
DA:1069,0
DA:1071,0
DA:1072,0
DA:1077,0
DA:1078,0
DA:1079,0
DA:1080,0
DA:1085,0
DA:1086,0
DA:1087,0
DA:1088,0
DA:1090,0
DA:1091,0
DA:1096,0
DA:1099,0
DA:1106,0
DA:1107,0
DA:1114,0
DA:1115,0
DA:1117,0
DA:1118,0
DA:1119,0
DA:1121,0
DA:1122,0
DA:1125,0
DA:1132,0
DA:1133,0
DA:1135,0
DA:1136,0
DA:1140,0
DA:1143,0
DA:1146,0
DA:1147,0
DA:1148,0
DA:1152,0
DA:1153,0
DA:1154,0
DA:1155,0
DA:1157,0
DA:1163,0
DA:1166,0
DA:1170,0
DA:1178,0
DA:1181,0
DA:1183,0
DA:1186,0
DA:1188,0
DA:1191,0
DA:1198,0
DA:1200,0
DA:1201,0
DA:1210,0
DA:1211,0
DA:1218,0
DA:1225,0
DA:1227,0
DA:1228,0
DA:1236,0
DA:1237,0
DA:1244,0
DA:1251,0
DA:1253,0
DA:1254,0
DA:1257,0
DA:1258,0
DA:1262,0
DA:1264,0
DA:1270,0
DA:1274,0
DA:1282,0
DA:1283,0
DA:1291,0
DA:1294,0
DA:1295,0
DA:1299,0
DA:1300,0
DA:1301,0
DA:1303,0
DA:1306,0
DA:1314,0
DA:1315,0
DA:1316,0
DA:1317,0
DA:1321,0
DA:1322,0
DA:1323,0
DA:1327,0
DA:1332,0
DA:1333,0
DA:1335,0
DA:1336,0
DA:1339,0
DA:1342,0
DA:1343,0
DA:1351,0
DA:1352,0
DA:1355,0
DA:1356,0
DA:1357,0
DA:1358,0
DA:1360,0
DA:1365,0
DA:1372,0
DA:1373,0
DA:1374,0
DA:1375,0
DA:1383,0
DA:1384,0
DA:1386,0
DA:1387,0
DA:1388,0
DA:1389,0
DA:1390,0
DA:1391,0
DA:1392,0
DA:1394,0
DA:1398,0
DA:1401,0
DA:1409,0
DA:1410,0
DA:1411,0
DA:1412,0
DA:1420,0
DA:1421,0
DA:1422,0
DA:1424,0
DA:1432,0
DA:1439,0
DA:1446,0
DA:1447,0
DA:1448,0
DA:1455,0
DA:1456,0
DA:1457,0
DA:1458,0
DA:1460,0
DA:1470,0
DA:1471,0
DA:1472,0
DA:1475,0
DA:1476,0
DA:1479,0
DA:1486,0
DA:1487,0
DA:1495,0
DA:1496,0
DA:1499,0
DA:1500,0
DA:1501,0
DA:1505,0
DA:1506,0
DA:1507,0
DA:1511,0
DA:1512,0
DA:1513,0
DA:1514,0
DA:1515,0
DA:1518,0
DA:1519,0
DA:1523,0
DA:1530,0
DA:1537,0
DA:1538,0
DA:1539,0
DA:1543,0
DA:1544,0
DA:1551,0
DA:1552,0
DA:1553,0
DA:1560,0
DA:1561,0
DA:1562,0
DA:1563,0
DA:1564,0
DA:1572,0
DA:1573,0
DA:1574,0
DA:1581,0
DA:1587,0
DA:1593,0
DA:1596,0
DA:1602,0
DA:1604,0
DA:1605,0
DA:1607,0
DA:1613,0
DA:1614,0
DA:1615,0
DA:1617,0
DA:1628,0
DA:1630,0
DA:1632,0
DA:1634,0
DA:1636,0
DA:1641,0
DA:1646,0
DA:1648,0
DA:1654,0
DA:1655,0
DA:1662,0
DA:1663,0
DA:1664,0
DA:1669,0
DA:1681,0
DA:1682,0
DA:1685,0
DA:1687,0
DA:1693,0
DA:1694,0
DA:1695,0
DA:1697,0
DA:1709,0
DA:1716,0
DA:1723,0
DA:1730,0
DA:1737,0
DA:1738,0
DA:1740,0
DA:1741,0
DA:1744,0
DA:1745,0
DA:1747,0
DA:1753,0
DA:1754,0
DA:1766,0
DA:1773,0
DA:1774,0
DA:1781,0
DA:1782,0
DA:1783,0
DA:1790,0
DA:1791,0
DA:1792,0
DA:1795,0
DA:1796,0
DA:1797,0
DA:1800,0
DA:1801,0
DA:1804,0
DA:1805,0
DA:1809,0
DA:1810,0
DA:1811,0
DA:1815,0
DA:1816,0
DA:1823,0
DA:1825,0
DA:1826,0
DA:1827,0
DA:1830,0
DA:1831,0
DA:1832,0
DA:1835,0
DA:1836,0
DA:1843,0
DA:1844,0
DA:1845,0
DA:1849,0
DA:1850,0
DA:1851,0
DA:1855,0
DA:1856,0
DA:1857,0
DA:1861,0
DA:1862,0
DA:1864,0
DA:1865,0
DA:1869,0
DA:1870,0
DA:1871,0
DA:1872,0
DA:1880,0
DA:1881,0
DA:1884,0
DA:1886,0
DA:1894,0
DA:1895,0
DA:1897,0
DA:1898,0
DA:1899,0
DA:1900,0
DA:1903,0
DA:1912,0
DA:1913,0
DA:1916,0
DA:1917,0
DA:1921,0
DA:1922,0
DA:1923,0
DA:1924,0
DA:1927,0
DA:1928,0
DA:1931,0
DA:1934,0
DA:1941,0
DA:1942,0
DA:1944,0
DA:1945,0
DA:1952,0
DA:1953,0
DA:1955,0
DA:1956,0
DA:1964,0
DA:1967,0
DA:1968,0
DA:1972,0
DA:1973,0
DA:1976,0
DA:1984,0
DA:1987,0
DA:1988,0
DA:1989,0
DA:1990,0
DA:1991,0
DA:2005,0
DA:2007,0
DA:2009,0
DA:2010,0
DA:2012,0
DA:2013,0
DA:2015,0
DA:2016,0
DA:2018,0
DA:2022,0
DA:2023,0
DA:2024,0
DA:2027,0
DA:2034,0
DA:2041,0
DA:2042,0
DA:2043,0
DA:2046,0
DA:2047,0
DA:2050,0
DA:2051,0
DA:2055,0
DA:2056,0
DA:2060,0
DA:2061,0
DA:2064,0
DA:2065,0
DA:2072,0
DA:2074,0
DA:2075,0
DA:2076,0
DA:2079,0
DA:2080,0
DA:2081,0
DA:2084,0
DA:2085,0
DA:2086,0
DA:2089,0
DA:2090,0
DA:2097,0
DA:2098,0
DA:2099,0
DA:2102,0
DA:2115,0
DA:2118,0
DA:2119,0
DA:2123,0
DA:2124,0
DA:2127,0
DA:2130,0
DA:2131,0
DA:2132,0
DA:2134,0
DA:2138,0
DA:2139,0
DA:2148,0
DA:2149,0
DA:2150,0
DA:2153,0
DA:2156,0
DA:2157,0
DA:2162,0
DA:2163,0
DA:2164,0
DA:2167,0
DA:2171,0
DA:2172,0
DA:2173,0
DA:2177,0
DA:2178,0
DA:2179,0
DA:2182,0
DA:2183,0
DA:2192,0
DA:2193,0
DA:2194,0
DA:2198,0
DA:2199,0
DA:2200,0
DA:2203,0
DA:2204,0
DA:2206,0
DA:2207,0
DA:2214,0
DA:2217,0
DA:2218,0
DA:2221,0
DA:2225,0
DA:2233,0
DA:2234,0
DA:2237,0
DA:2238,0
DA:2241,0
DA:2248,0
DA:2249,0
DA:2252,0
DA:2254,0
DA:2255,0
DA:2259,0
DA:2262,0
DA:2270,0
DA:2271,0
DA:2272,0
DA:2275,0
DA:2276,0
DA:2278,0
DA:2280,0
DA:2282,0
DA:2283,0
DA:2284,0
DA:2285,0
DA:2286,0
DA:2288,0
DA:2292,0
DA:2300,0
DA:2301,0
DA:2303,0
DA:2304,0
DA:2305,0
DA:2308,0
DA:2309,0
DA:2315,0
DA:2316,0
DA:2327,0
DA:2328,0
DA:2331,0
DA:2334,0
DA:2344,0
DA:2347,0
DA:2358,0
DA:2360,0
DA:2362,0
DA:2363,0
DA:2364,0
DA:2373,0
DA:2375,0
DA:2376,0
DA:2378,0
DA:2387,0
DA:2389,0
DA:2390,0
DA:2393,0
DA:2394,0
DA:2396,0
DA:2397,0
DA:2399,0
DA:2409,0
DA:2416,0
DA:2423,0
DA:2431,0
DA:2438,0
DA:2443,0
DA:2450,0
DA:2455,0
DA:2462,0
DA:2467,0
DA:2474,0
DA:2483,0
DA:2484,0
DA:2485,0
DA:2489,0
DA:2490,0
DA:2494,0
DA:2495,0
DA:2498,0
DA:2499,0
DA:2506,0
DA:2508,0
DA:2509,0
DA:2510,0
DA:2513,0
DA:2514,0
DA:2515,0
DA:2518,0
DA:2519,0
DA:2533,0
DA:2535,0
DA:2549,0
DA:2552,0
DA:2553,0
DA:2556,0
DA:2565,0
DA:2568,0
DA:2569,0
DA:2570,0
DA:2574,0
DA:2581,0
DA:2582,0
DA:2583,0
DA:2584,0
DA:2585,0
DA:2586,0
DA:2594,0
DA:2595,0
DA:2598,0
DA:2599,0
DA:2600,0
DA:2602,0
DA:2609,0
DA:2611,0
DA:2612,0
DA:2614,0
DA:2615,0
DA:2618,0
DA:2623,0
DA:2625,0
DA:2626,0
DA:2627,0
DA:2629,0
DA:2635,0
DA:2636,0
DA:2640,0
DA:2647,0
DA:2653,0
DA:2660,0
DA:2662,0
DA:2664,0
DA:2668,0
DA:2671,0
DA:2675,0
DA:2678,0
DA:2682,0
DA:2685,0
DA:2689,0
DA:2692,0
DA:2695,0
DA:2699,0
DA:2708,0
DA:2715,0
DA:2716,0
DA:2719,0
DA:2721,0
DA:2722,0
DA:2731,0
DA:2732,0
DA:2735,0
DA:2736,0
DA:2739,0
DA:2740,0
DA:2741,0
DA:2742,0
DA:2744,0
DA:2746,0
DA:2747,0
DA:2748,0
DA:2749,0
DA:2750,0
DA:2751,0
DA:2752,0
DA:2753,0
DA:2756,0
DA:2757,0
DA:2758,0
DA:2760,0
DA:2769,0
DA:2776,0
DA:2777,0
DA:2786,0
DA:2788,0
DA:2790,0
DA:2791,0
DA:2792,0
DA:2793,0
DA:2798,0
DA:2810,0
DA:2813,0
DA:2821,0
DA:2822,0
DA:2825,0
DA:2826,0
DA:2827,0
DA:2828,0
DA:2832,0
DA:2833,0
DA:2834,0
DA:2835,0
DA:2839,0
DA:2842,0
DA:2845,0
DA:2854,0
DA:2860,0
DA:2863,0
DA:2867,0
DA:2875,0
DA:2876,0
DA:2879,0
DA:2880,0
DA:2881,0
DA:2885,0
DA:2888,0
DA:2891,0
DA:2894,0
DA:2898,0
DA:2902,0
DA:2905,0
DA:2906,0
DA:2907,0
DA:2911,0
DA:2913,0
DA:2917,0
DA:2921,0
DA:2925,0
DA:2933,0
DA:2934,0
DA:2937,0
DA:2938,0
DA:2939,0
DA:2943,0
DA:2944,0
DA:2947,0
DA:2948,0
DA:2949,0
DA:2950,0
DA:2953,0
DA:2956,0
DA:2957,0
DA:2961,0
DA:2965,0
DA:2970,0
DA:2974,0
DA:2978,0
DA:2979,0
DA:2980,0
DA:2984,0
DA:2985,0
DA:2986,0
DA:2987,0
DA:2991,0
DA:2993,0
DA:2996,0
DA:2999,0
DA:3003,0
DA:3011,0
DA:3012,0
DA:3015,0
DA:3018,0
DA:3019,0
DA:3023,0
DA:3024,0
DA:3028,0
DA:3029,0
DA:3033,0
DA:3034,0
DA:3038,0
DA:3039,0
DA:3043,0
DA:3044,0
DA:3047,0
DA:3058,0
DA:3061,0
DA:3065,0
DA:3073,0
DA:3085,0
DA:3087,0
DA:3088,0
DA:3089,0
DA:3091,0
DA:3092,0
DA:3094,0
DA:3095,0
DA:3097,0
DA:3098,0
DA:3102,0
DA:3109,0
DA:3110,0
DA:3111,0
DA:3113,0
DA:3115,0
DA:3116,0
DA:3125,0
DA:3131,0
DA:3132,0
DA:3133,0
DA:3134,0
DA:3135,0
DA:3138,0
DA:3139,0
DA:3140,0
DA:3151,0
DA:3154,0
DA:3155,0
DA:3159,0
DA:3160,0
DA:3162,0
DA:3169,0
DA:3170,0
DA:3173,0
DA:3183,0
DA:3184,0
DA:3186,0
DA:3188,0
DA:3189,0
DA:3190,0
DA:3194,0
DA:3195,0
DA:3206,0
DA:3207,0
DA:3209,0
DA:3210,0
DA:3211,0
DA:3212,0
DA:3216,0
DA:3217,0
DA:3221,0
DA:3222,0
DA:3224,0
DA:3225,0
DA:3226,0
DA:3229,0
DA:3230,0
DA:3242,0
DA:3243,0
DA:3246,0
DA:3249,0
DA:3250,0
DA:3254,0
DA:3255,0
DA:3259,0
DA:3260,0
DA:3263,0
DA:3270,0
DA:3271,0
DA:3274,0
DA:3276,0
DA:3277,0
DA:3278,0
DA:3281,0
DA:3282,0
DA:3283,0
DA:3286,0
DA:3287,0
DA:3288,0
DA:3291,0
DA:3298,0
DA:3299,0
DA:3300,0
DA:3303,0
DA:3304,0
DA:3307,0
DA:3308,0
DA:3310,0
DA:3313,0
DA:3318,0
DA:3319,0
DA:3322,0
DA:3323,0
DA:3325,0
DA:3354,0
DA:3357,0
DA:3358,0
DA:3363,0
DA:3366,0
DA:3374,0
DA:3376,0
DA:3377,0
DA:3380,0
DA:3381,0
DA:3384,0
DA:3387,0
DA:3389,0
DA:3390,0
DA:3391,0
DA:3392,0
DA:3395,0
DA:3396,0
DA:3397,0
DA:3398,0
DA:3402,0
DA:3410,0
DA:3411,0
DA:3414,0
DA:3415,0
DA:3416,0
DA:3419,0
DA:3420,0
DA:3421,0
DA:3425,0
DA:3433,0
DA:3436,0
DA:3438,0
DA:3441,0
DA:3444,0
DA:3446,0
DA:3447,0
DA:3449,0
DA:3451,0
DA:3454,0
DA:3456,0
DA:3458,0
DA:3461,0
DA:3463,0
DA:3465,0
DA:3468,0
DA:3473,0
DA:3474,0
DA:3475,0
DA:3476,0
DA:3480,0
DA:3481,0
DA:3482,0
DA:3483,0
DA:3484,0
DA:3485,0
DA:3491,0
DA:3503,0
DA:3506,0
DA:3507,0
DA:3508,0
DA:3509,0
DA:3513,0
DA:3514,0
DA:3515,0
DA:3516,0
DA:3520,0
DA:3521,0
DA:3522,0
DA:3523,0
DA:3527,0
DA:3528,0
DA:3529,0
DA:3530,0
DA:3534,0
DA:3535,0
DA:3536,0
DA:3537,0
DA:3552,0
DA:3553,0
DA:3556,0
DA:3558,0
DA:3559,0
DA:3560,0
DA:3561,0
DA:3565,0
DA:3579,0
DA:3582,0
DA:3590,0
DA:3591,0
DA:3592,0
DA:3601,0
DA:3602,0
DA:3604,0
DA:3605,0
DA:3612,0
DA:3613,0
DA:3615,0
DA:3622,0
DA:3623,0
DA:3625,0
DA:3632,0
DA:3633,0
DA:3635,0
DA:3636,0
DA:3638,0
DA:3639,0
DA:3641,0
DA:3648,0
DA:3655,0
DA:3656,0
DA:3663,0
DA:3664,0
DA:3665,0
DA:3673,0
DA:3674,0
DA:3675,0
DA:3676,0
DA:3677,0
DA:3678,0
DA:3680,0
DA:3687,0
DA:3688,0
DA:3689,0
DA:3690,0
DA:3692,0
DA:3693,0
DA:3696,0
DA:3703,0
DA:3708,0
DA:3715,0
DA:3716,0
DA:3719,0
DA:3722,0
DA:3723,0
DA:3724,0
DA:3728,0
DA:3731,0
DA:3732,0
DA:3733,0
DA:3737,0
DA:3738,0
DA:3739,0
DA:3743,0
DA:3744,0
DA:3747,0
DA:3749,0
DA:3755,0
DA:3756,0
DA:3757,0
DA:3759,0
DA:3771,0
DA:3772,0
DA:3773,0
DA:3774,0
DA:3775,0
DA:3778,0
DA:3779,0
DA:3780,0
DA:3781,0
DA:3783,0
DA:3784,0
DA:3788,0
DA:3797,0
DA:3799,0
DA:3800,0
DA:3804,0
DA:3805,0
DA:3806,0
DA:3812,0
DA:3814,0
DA:3822,0
DA:3823,0
DA:3825,0
DA:3826,0
DA:3827,0
DA:3835,0
DA:3848,0
DA:3849,0
DA:3852,0
DA:3855,0
DA:3858,0
DA:3861,0
DA:3862,0
DA:3865,0
DA:3868,0
DA:3871,0
DA:3872,0
DA:3873,0
DA:3876,0
DA:3877,0
DA:3878,0
DA:3881,0
DA:3882,0
DA:3883,0
DA:3887,0
DA:3888,0
DA:3892,0
DA:3895,0
DA:3897,0
DA:3900,0
DA:3902,0
DA:3903,0
DA:3913,0
DA:3914,0
DA:3915,0
DA:3916,0
DA:3918,0
DA:3926,0
DA:3942,0
DA:3950,0
DA:3968,0
DA:3988,0
DA:3989,0
DA:3991,0
DA:3998,0
DA:3999,0
DA:4003,0
DA:4004,0
DA:4008,0
DA:4009,0
DA:4012,0
DA:4019,0
DA:4020,0
DA:4021,0
DA:4025,0
DA:4027,0
DA:4028,0
DA:4041,0
DA:4054,0
DA:4057,0
DA:4060,0
DA:4061,0
DA:4064,0
DA:4066,0
DA:4081,0
DA:4091,0
DA:4092,0
DA:4095,0
DA:4096,0
DA:4099,0
DA:4101,0
DA:4102,0
DA:4104,0
DA:4111,0
DA:4112,0
DA:4113,0
DA:4114,0
DA:4117,0
DA:4118,0
DA:4119,0
DA:4120,0
DA:4123,0
DA:4126,0
DA:4133,0
DA:4134,0
DA:4135,0
DA:4143,0
DA:4145,0
DA:4148,0
DA:4151,0
DA:4152,0
DA:4164,0
DA:4165,0
DA:4166,0
DA:4168,0
DA:4169,0
DA:4171,0
DA:4172,0
DA:4176,0
DA:4179,0
DA:4180,0
DA:4184,0
DA:4193,0
DA:4194,0
DA:4202,0
DA:4203,0
DA:4204,0
DA:4207,0
DA:4208,0
DA:4211,0
DA:4212,0
DA:4215,0
DA:4216,0
DA:4217,0
DA:4218,0
DA:4219,0
DA:4223,0
DA:4230,0
DA:4231,0
DA:4232,0
DA:4236,0
DA:4237,0
DA:4238,0
DA:4239,0
DA:4244,0
DA:4245,0
DA:4248,0
DA:4249,0
DA:4250,0
DA:4251,0
DA:4253,0
DA:4254,0
DA:4255,0
DA:4268,0
DA:4269,0
DA:4270,0
DA:4273,0
DA:4274,0
DA:4275,0
DA:4279,0
DA:4280,0
DA:4283,0
DA:4284,0
DA:4294,0
DA:4295,0
DA:4296,0
DA:4297,0
DA:4299,0
DA:4300,0
DA:4301,0
DA:4302,0
DA:4306,0
DA:4318,0
DA:4322,0
DA:4323,0
DA:4324,0
DA:4326,0
DA:4327,0
DA:4329,0
DA:4330,0
DA:4333,0
DA:4334,0
DA:4337,0
DA:4338,0
DA:4341,0
DA:4342,0
DA:4345,0
DA:4346,0
DA:4349,0
DA:4357,0
DA:4358,0
DA:4359,0
DA:4361,0
DA:4368,0
DA:4369,0
DA:4372,0
DA:4373,0
DA:4375,0
DA:4377,0
DA:4378,0
DA:4379,0
DA:4380,0
DA:4382,0
DA:4385,0
DA:4392,0
DA:4393,0
DA:4394,0
DA:4395,0
DA:4400,0
DA:4401,0
DA:4420,0
DA:4427,0
DA:4431,0
DA:4439,0
DA:4440,0
DA:4441,0
DA:4442,0
DA:4445,0
DA:4446,0
DA:4461,0
DA:4472,0
DA:4474,0
DA:4475,0
DA:4478,0
DA:4486,0
DA:4490,0
DA:4498,0
DA:4499,0
DA:4501,0
DA:4502,0
DA:4503,0
DA:4511,0
DA:4512,0
DA:4519,0
DA:4520,0
DA:4521,0
DA:4522,0
DA:4523,0
DA:4526,0
DA:4533,0
DA:4547,0
DA:4549,0
DA:4550,0
DA:4551,0
DA:4552,0
DA:4553,0
DA:4556,0
DA:4557,0
DA:4558,0
DA:4559,0
DA:4562,0
DA:4563,0
DA:4564,0
DA:4565,0
DA:4568,0
DA:4569,0
DA:4570,0
DA:4571,0
DA:4574,0
DA:4575,0
DA:4576,0
DA:4577,0
DA:4580,0
DA:4581,0
DA:4585,0
DA:4592,0
DA:4593,0
DA:4594,0
DA:4595,0
DA:4597,0
DA:4598,0
DA:4600,0
DA:4611,0
DA:4620,0
DA:4621,0
DA:4624,0
DA:4627,0
DA:4636,0
DA:4638,0
DA:4644,0
DA:4647,0
DA:4655,0
DA:4656,0
DA:4659,0
DA:4660,0
DA:4661,0
DA:4665,0
DA:4666,0
DA:4669,0
DA:4674,0
DA:4675,0
DA:4676,0
DA:4679,0
DA:4681,0
DA:4687,0
DA:4704,0
DA:4706,0
DA:4709,0
DA:4717,0
DA:4720,0
DA:4722,0
DA:4728,0
DA:4732,0
DA:4740,0
DA:4742,0
DA:4743,0
DA:4747,0
DA:4748,0
DA:4750,0
DA:4751,0
DA:4755,0
DA:4761,0
DA:4762,0
DA:4765,0
DA:4766,0
DA:4768,0
DA:4769,0
DA:4773,0
DA:4776,0
DA:4778,0
DA:4785,0
DA:4789,0
DA:4804,0
DA:4807,0
DA:4808,0
DA:4809,0
DA:4814,0
DA:4815,0
DA:4816,0
DA:4818,0
DA:4819,0
DA:4820,0
DA:4821,0
DA:4825,0
DA:4829,0
DA:4832,0
DA:4833,0
DA:4834,0
DA:4837,0
DA:4861,0
DA:4874,0
DA:4875,0
DA:4876,0
DA:4877,0
DA:4879,0
DA:4880,0
DA:4884,0
DA:4891,0
DA:4892,0
DA:4893,0
DA:4894,0
DA:4896,0
DA:4901,0
DA:4904,0
DA:4905,0
DA:4912,0
DA:4913,0
DA:4914,0
DA:4916,0
DA:4921,0
DA:4924,0
DA:4925,0
DA:4936,0
DA:4938,0
DA:4939,0
DA:4940,0
DA:4941,0
DA:4942,0
DA:4944,0
DA:4945,0
DA:4947,0
DA:4948,0
DA:4950,0
DA:4954,0
DA:4961,0
DA:4964,0
DA:4966,0
DA:4967,0
DA:4970,0
DA:4971,0
DA:4973,0
DA:4974,0
DA:4997,0
DA:4998,0
DA:4999,0
DA:5001,0
DA:5002,0
DA:5003,0
DA:5005,0
DA:5006,0
DA:5012,0
DA:5014,0
DA:5016,0
DA:5019,0
DA:5020,0
DA:5022,0
DA:5024,0
DA:5027,0
DA:5028,0
DA:5029,0
DA:5031,0
DA:5033,0
DA:5037,0
DA:5040,0
DA:5041,0
DA:5045,0
DA:5051,0
DA:5059,0
DA:5077,0
DA:5082,0
DA:5085,0
DA:5087,0
DA:5088,0
DA:5089,0
DA:5093,0
DA:5094,0
DA:5098,0
DA:5099,0
DA:5103,0
DA:5104,0
DA:5105,0
DA:5106,0
DA:5111,0
DA:5112,0
DA:5113,0
DA:5114,0
DA:5120,0
DA:5121,0
DA:5122,0
DA:5124,0
DA:5126,0
DA:5127,0
DA:5130,0
DA:5131,0
DA:5134,0
DA:5137,0
DA:5139,0
DA:5143,0
DA:5158,0
DA:5165,0
DA:5176,0
DA:5177,0
DA:5178,0
DA:5180,0
DA:5187,0
DA:5188,0
DA:5189,0
DA:5190,0
DA:5191,0
DA:5193,0
DA:5200,0
DA:5202,0
DA:5203,0
DA:5204,0
DA:5207,0
DA:5208,0
DA:5209,0
DA:5210,0
DA:5211,0
DA:5216,0
DA:5217,0
DA:5225,0
DA:5250,0
DA:5253,0
DA:5255,0
DA:5256,0
DA:5259,0
DA:5260,0
DA:5261,0
DA:5266,0
DA:5267,0
DA:5270,0
DA:5271,0
DA:5272,0
DA:5277,0
DA:5278,0
DA:5281,0
DA:5282,0
DA:5283,0
DA:5288,0
DA:5289,0
DA:5290,0
DA:5294,0
DA:5298,0
DA:5301,0
DA:5302,0
DA:5303,0
DA:5307,0
DA:5308,0
DA:5314,0
DA:5315,0
DA:5316,0
DA:5317,0
DA:5318,0
DA:5323,0
DA:5324,0
DA:5328,0
DA:5329,0
DA:5330,0
DA:5335,0
DA:5344,0
DA:5350,0
DA:5356,0
DA:5363,0
DA:5364,0
DA:5386,0
DA:5393,0
DA:5395,0
LF:1627
LH:0
BRDA:474,0,0,0
BRDA:493,1,0,0
BRDA:493,1,1,0
BRDA:494,2,0,0
BRDA:494,2,1,0
BRDA:495,3,0,0
BRDA:495,3,1,0
BRDA:496,4,0,0
BRDA:496,4,1,0
BRDA:497,5,0,0
BRDA:497,5,1,0
BRDA:675,6,0,0
BRDA:675,6,1,0
BRDA:689,7,0,0
BRDA:689,7,1,0
BRDA:697,8,0,0
BRDA:697,8,1,0
BRDA:705,9,0,0
BRDA:705,9,1,0
BRDA:716,10,0,0
BRDA:716,10,1,0
BRDA:740,11,0,0
BRDA:740,11,1,0
BRDA:754,12,0,0
BRDA:754,12,1,0
BRDA:782,13,0,0
BRDA:782,13,1,0
BRDA:796,14,0,0
BRDA:796,14,1,0
BRDA:941,15,0,0
BRDA:941,15,1,0
BRDA:947,16,0,0
BRDA:947,16,1,0
BRDA:978,17,0,0
BRDA:978,17,1,0
BRDA:1010,18,0,0
BRDA:1010,18,1,0
BRDA:1022,19,0,0
BRDA:1022,19,1,0
BRDA:1040,20,0,0
BRDA:1040,20,1,0
BRDA:1040,21,0,0
BRDA:1040,21,1,0
BRDA:1048,22,0,0
BRDA:1048,22,1,0
BRDA:1048,23,0,0
BRDA:1048,23,1,0
BRDA:1050,24,0,0
BRDA:1050,24,1,0
BRDA:1055,25,0,0
BRDA:1055,25,1,0
BRDA:1057,26,0,0
BRDA:1057,26,1,0
BRDA:1057,27,0,0
BRDA:1057,27,1,0
BRDA:1060,28,0,0
BRDA:1060,28,1,0
BRDA:1060,29,0,0
BRDA:1060,29,1,0
BRDA:1066,30,0,0
BRDA:1066,30,1,0
BRDA:1068,31,0,0
BRDA:1068,31,1,0
BRDA:1068,32,0,0
BRDA:1068,32,1,0
BRDA:1071,33,0,0
BRDA:1071,33,1,0
BRDA:1071,34,0,0
BRDA:1071,34,1,0
BRDA:1077,35,0,0
BRDA:1077,35,1,0
BRDA:1079,36,0,0
BRDA:1079,36,1,0
BRDA:1079,37,0,0
BRDA:1079,37,1,0
BRDA:1085,38,0,0
BRDA:1085,38,1,0
BRDA:1087,39,0,0
BRDA:1087,39,1,0
BRDA:1087,40,0,0
BRDA:1087,40,1,0
BRDA:1090,41,0,0
BRDA:1090,41,1,0
BRDA:1090,42,0,0
BRDA:1090,42,1,0
BRDA:1118,43,0,0
BRDA:1118,43,1,0
BRDA:1119,44,0,0
BRDA:1119,44,1,0
BRDA:1121,45,0,0
BRDA:1121,45,1,0
BRDA:1122,46,0,0
BRDA:1122,46,1,0
BRDA:1135,47,0,0
BRDA:1135,47,1,0
BRDA:1147,48,0,0
BRDA:1147,48,1,0
BRDA:1181,49,0,0
BRDA:1181,49,1,0
BRDA:1181,50,0,0
BRDA:1181,50,1,0
BRDA:1186,51,0,0
BRDA:1186,51,1,0
BRDA:1186,52,0,0
BRDA:1186,52,1,0
BRDA:1200,53,0,0
BRDA:1200,53,1,0
BRDA:1210,54,0,0
BRDA:1210,54,1,0
BRDA:1227,55,0,0
BRDA:1227,55,1,0
BRDA:1236,56,0,0
BRDA:1236,56,1,0
BRDA:1257,57,0,0
BRDA:1257,57,1,0
BRDA:1294,58,0,0
BRDA:1294,58,1,0
BRDA:1316,59,0,0
BRDA:1316,59,1,0
BRDA:1322,60,0,0
BRDA:1322,60,1,0
BRDA:1351,61,0,0
BRDA:1351,61,1,0
BRDA:1356,62,0,0
BRDA:1356,62,1,0
BRDA:1372,63,0,0
BRDA:1372,63,1,0
BRDA:1409,64,0,0
BRDA:1409,64,1,0
BRDA:1475,65,0,0
BRDA:1475,65,1,0
BRDA:1499,66,0,0
BRDA:1499,66,1,0
BRDA:1505,67,0,0
BRDA:1505,67,1,0
BRDA:1513,68,0,0
BRDA:1513,68,1,0
BRDA:1524,69,0,0
BRDA:1524,69,1,0
BRDA:1524,70,0,0
BRDA:1524,70,1,0
BRDA:1538,71,0,0
BRDA:1538,71,1,0
BRDA:1543,72,0,0
BRDA:1543,72,1,0
BRDA:1551,73,0,0
BRDA:1551,73,1,0
BRDA:1560,74,0,0
BRDA:1560,74,1,0
BRDA:1562,75,0,0
BRDA:1562,75,1,0
BRDA:1573,76,0,0
BRDA:1573,76,1,0
BRDA:1619,77,0,0
BRDA:1619,77,1,0
BRDA:1634,78,0,0
BRDA:1634,78,1,0
BRDA:1729,79,0,0
BRDA:1740,80,0,0
BRDA:1740,80,1,0
BRDA:1790,81,0,0
BRDA:1790,81,1,0
BRDA:1795,82,0,0
BRDA:1795,82,1,0
BRDA:1809,83,0,0
BRDA:1809,83,1,0
BRDA:1825,84,0,0
BRDA:1825,84,1,0
BRDA:1830,85,0,0
BRDA:1830,85,1,0
BRDA:1844,86,0,0
BRDA:1844,86,1,0
BRDA:1849,87,0,0
BRDA:1849,87,1,0
BRDA:1856,88,0,0
BRDA:1856,88,1,0
BRDA:1864,89,0,0
BRDA:1864,89,1,0
BRDA:1869,90,0,0
BRDA:1869,90,1,0
BRDA:1871,91,0,0
BRDA:1871,91,1,0
BRDA:1880,92,0,0
BRDA:1880,92,1,0
BRDA:1897,93,0,0
BRDA:1897,93,1,0
BRDA:1897,94,0,0
BRDA:1897,94,1,0
BRDA:1899,95,0,0
BRDA:1899,95,1,0
BRDA:1899,96,0,0
BRDA:1899,96,1,0
BRDA:1912,97,0,0
BRDA:1912,97,1,0
BRDA:1916,98,0,0
BRDA:1916,98,1,0
BRDA:1923,99,0,0
BRDA:1923,99,1,0
BRDA:1927,100,0,0
BRDA:1927,100,1,0
BRDA:1967,101,0,0
BRDA:1967,101,1,0
BRDA:1972,102,0,0
BRDA:1972,102,1,0
BRDA:1989,103,0,0
BRDA:1989,103,1,0
BRDA:2007,104,0,0
BRDA:2007,104,1,0
BRDA:2007,104,2,0
BRDA:2007,104,3,0
BRDA:2023,105,0,0
BRDA:2023,105,1,0
BRDA:2041,106,0,0
BRDA:2041,106,1,0
BRDA:2074,107,0,0
BRDA:2074,107,1,0
BRDA:2079,108,0,0
BRDA:2079,108,1,0
BRDA:2084,109,0,0
BRDA:2084,109,1,0
BRDA:2106,110,0,0
BRDA:2106,110,1,0
BRDA:2107,111,0,0
BRDA:2107,111,1,0
BRDA:2108,112,0,0
BRDA:2108,112,1,0
BRDA:2109,113,0,0
BRDA:2109,113,1,0
BRDA:2110,114,0,0
BRDA:2110,114,1,0
BRDA:2112,115,0,0
BRDA:2112,115,1,0
BRDA:2118,116,0,0
BRDA:2118,116,1,0
BRDA:2123,117,0,0
BRDA:2123,117,1,0
BRDA:2130,118,0,0
BRDA:2130,118,1,0
BRDA:2148,119,0,0
BRDA:2148,119,1,0
BRDA:2148,120,0,0
BRDA:2148,120,1,0
BRDA:2156,121,0,0
BRDA:2156,121,1,0
BRDA:2162,122,0,0
BRDA:2162,122,1,0
BRDA:2162,123,0,0
BRDA:2162,123,1,0
BRDA:2171,124,0,0
BRDA:2171,124,1,0
BRDA:2171,125,0,0
BRDA:2171,125,1,0
BRDA:2177,126,0,0
BRDA:2177,126,1,0
BRDA:2177,127,0,0
BRDA:2177,127,1,0
BRDA:2182,128,0,0
BRDA:2182,128,1,0
BRDA:2193,129,0,0
BRDA:2193,129,1,0
BRDA:2206,130,0,0
BRDA:2206,130,1,0
BRDA:2206,131,0,0
BRDA:2206,131,1,0
BRDA:2209,132,0,0
BRDA:2209,132,1,0
BRDA:2211,133,0,0
BRDA:2211,133,1,0
BRDA:2217,134,0,0
BRDA:2217,134,1,0
BRDA:2233,135,0,0
BRDA:2233,135,1,0
BRDA:2237,136,0,0
BRDA:2237,136,1,0
BRDA:2237,137,0,0
BRDA:2237,137,1,0
BRDA:2241,138,0,0
BRDA:2241,138,1,0
BRDA:2248,139,0,0
BRDA:2248,139,1,0
BRDA:2254,140,0,0
BRDA:2254,140,1,0
BRDA:2270,141,0,0
BRDA:2270,141,1,0
BRDA:2282,142,0,0
BRDA:2282,142,1,0
BRDA:2304,143,0,0
BRDA:2304,143,1,0
BRDA:2308,144,0,0
BRDA:2308,144,1,0
BRDA:2315,145,0,0
BRDA:2315,145,1,0
BRDA:2362,146,0,0
BRDA:2362,146,1,0
BRDA:2389,147,0,0
BRDA:2389,147,1,0
BRDA:2389,148,0,0
BRDA:2389,148,1,0
BRDA:2393,149,0,0
BRDA:2393,149,1,0
BRDA:2415,150,0,0
BRDA:2422,151,0,0
BRDA:2483,152,0,0
BRDA:2483,152,1,0
BRDA:2508,153,0,0
BRDA:2508,153,1,0
BRDA:2513,154,0,0
BRDA:2513,154,1,0
BRDA:2552,155,0,0
BRDA:2552,155,1,0
BRDA:2568,156,0,0
BRDA:2568,156,1,0
BRDA:2568,157,0,0
BRDA:2568,157,1,0
BRDA:2581,158,0,0
BRDA:2581,158,1,0
BRDA:2581,158,2,0
BRDA:2581,158,3,0
BRDA:2581,158,4,0
BRDA:2594,159,0,0
BRDA:2594,159,1,0
BRDA:2594,160,0,0
BRDA:2594,160,1,0
BRDA:2614,161,0,0
BRDA:2614,161,1,0
BRDA:2625,162,0,0
BRDA:2625,162,1,0
BRDA:2662,163,0,0
BRDA:2662,163,1,0
BRDA:2662,163,2,0
BRDA:2662,163,3,0
BRDA:2662,163,4,0
BRDA:2716,164,0,0
BRDA:2716,164,1,0
BRDA:2721,165,0,0
BRDA:2721,165,1,0
BRDA:2721,166,0,0
BRDA:2721,166,1,0
BRDA:2721,166,2,0
BRDA:2746,167,0,0
BRDA:2746,167,1,0
BRDA:2748,168,0,0
BRDA:2748,168,1,0
BRDA:2750,169,0,0
BRDA:2750,169,1,0
BRDA:2752,170,0,0
BRDA:2752,170,1,0
BRDA:2756,171,0,0
BRDA:2756,171,1,0
BRDA:2776,172,0,0
BRDA:2776,172,1,0
BRDA:2792,173,0,0
BRDA:2792,173,1,0
BRDA:2826,174,0,0
BRDA:2826,174,1,0
BRDA:2833,175,0,0
BRDA:2833,175,1,0
BRDA:2879,176,0,0
BRDA:2879,176,1,0
BRDA:2906,177,0,0
BRDA:2906,177,1,0
BRDA:2906,178,0,0
BRDA:2906,178,1,0
BRDA:2957,179,0,0
BRDA:2957,179,1,0
BRDA:2961,180,0,0
BRDA:2961,180,1,0
BRDA:2965,181,0,0
BRDA:2965,181,1,0
BRDA:2979,182,0,0
BRDA:2979,182,1,0
BRDA:2986,183,0,0
BRDA:2986,183,1,0
BRDA:3018,184,0,0
BRDA:3018,184,1,0
BRDA:3023,185,0,0
BRDA:3023,185,1,0
BRDA:3028,186,0,0
BRDA:3028,186,1,0
BRDA:3033,187,0,0
BRDA:3033,187,1,0
BRDA:3038,188,0,0
BRDA:3038,188,1,0
BRDA:3043,189,0,0
BRDA:3043,189,1,0
BRDA:3087,190,0,0
BRDA:3087,190,1,0
BRDA:3088,191,0,0
BRDA:3088,191,1,0
BRDA:3091,192,0,0
BRDA:3091,192,1,0
BRDA:3094,193,0,0
BRDA:3094,193,1,0
BRDA:3097,194,0,0
BRDA:3097,194,1,0
BRDA:3169,195,0,0
BRDA:3169,195,1,0
BRDA:3188,196,0,0
BRDA:3188,196,1,0
BRDA:3210,197,0,0
BRDA:3210,197,1,0
BRDA:3242,198,0,0
BRDA:3242,198,1,0
BRDA:3270,199,0,0
BRDA:3270,199,1,0
BRDA:3276,200,0,0
BRDA:3276,200,1,0
BRDA:3281,201,0,0
BRDA:3281,201,1,0
BRDA:3286,202,0,0
BRDA:3286,202,1,0
BRDA:3308,203,0,0
BRDA:3308,203,1,0
BRDA:3310,204,0,0
BRDA:3310,204,1,0
BRDA:3310,205,0,0
BRDA:3310,205,1,0
BRDA:3323,206,0,0
BRDA:3323,206,1,0
BRDA:3357,207,0,0
BRDA:3357,207,1,0
BRDA:3389,208,0,0
BRDA:3389,208,1,0
BRDA:3391,209,0,0
BRDA:3391,209,1,0
BRDA:3395,210,0,0
BRDA:3395,210,1,0
BRDA:3397,211,0,0
BRDA:3397,211,1,0
BRDA:3410,212,0,0
BRDA:3410,212,1,0
BRDA:3416,213,0,0
BRDA:3416,213,1,0
BRDA:3419,214,0,0
BRDA:3419,214,1,0
BRDA:3436,215,0,0
BRDA:3436,215,1,0
BRDA:3436,216,0,0
BRDA:3436,216,1,0
BRDA:3447,217,0,0
BRDA:3447,217,1,0
BRDA:3447,217,2,0
BRDA:3451,218,0,0
BRDA:3451,218,1,0
BRDA:3483,219,0,0
BRDA:3483,219,1,0
BRDA:3506,220,0,0
BRDA:3506,220,1,0
BRDA:3508,221,0,0
BRDA:3508,221,1,0
BRDA:3513,222,0,0
BRDA:3513,222,1,0
BRDA:3515,223,0,0
BRDA:3515,223,1,0
BRDA:3520,224,0,0
BRDA:3520,224,1,0
BRDA:3522,225,0,0
BRDA:3522,225,1,0
BRDA:3527,226,0,0
BRDA:3527,226,1,0
BRDA:3529,227,0,0
BRDA:3529,227,1,0
BRDA:3534,228,0,0
BRDA:3534,228,1,0
BRDA:3536,229,0,0
BRDA:3536,229,1,0
BRDA:3553,230,0,0
BRDA:3553,230,1,0
BRDA:3553,230,2,0
BRDA:3556,231,0,0
BRDA:3556,231,1,0
BRDA:3582,232,0,0
BRDA:3582,232,1,0
BRDA:3590,233,0,0
BRDA:3590,233,1,0
BRDA:3590,234,0,0
BRDA:3590,234,1,0
BRDA:3602,235,0,0
BRDA:3602,235,1,0
BRDA:3613,236,0,0
BRDA:3613,236,1,0
BRDA:3623,237,0,0
BRDA:3623,237,1,0
BRDA:3633,238,0,0
BRDA:3633,238,1,0
BRDA:3641,239,0,0
BRDA:3641,239,1,0
BRDA:3656,240,0,0
BRDA:3656,240,1,0
BRDA:3662,241,0,0
BRDA:3664,242,0,0
BRDA:3664,242,1,0
BRDA:3674,243,0,0
BRDA:3674,243,1,0
BRDA:3692,244,0,0
BRDA:3692,244,1,0
BRDA:3731,245,0,0
BRDA:3731,245,1,0
BRDA:3737,246,0,0
BRDA:3737,246,1,0
BRDA:3743,247,0,0
BRDA:3743,247,1,0
BRDA:3778,248,0,0
BRDA:3778,248,1,0
BRDA:3779,249,0,0
BRDA:3779,249,1,0
BRDA:3799,250,0,0
BRDA:3799,250,1,0
BRDA:3805,251,0,0
BRDA:3805,251,1,0
BRDA:3823,252,0,0
BRDA:3823,252,1,0
BRDA:3825,253,0,0
BRDA:3825,253,1,0
BRDA:3871,254,0,0
BRDA:3871,254,1,0
BRDA:3876,255,0,0
BRDA:3876,255,1,0
BRDA:3881,256,0,0
BRDA:3881,256,1,0
BRDA:3887,257,0,0
BRDA:3887,257,1,0
BRDA:3998,258,0,0
BRDA:3998,258,1,0
BRDA:4019,259,0,0
BRDA:4019,259,1,0
BRDA:4034,260,0,0
BRDA:4044,261,0,0
BRDA:4044,261,1,0
BRDA:4047,262,0,0
BRDA:4047,262,1,0
BRDA:4048,263,0,0
BRDA:4048,263,1,0
BRDA:4049,264,0,0
BRDA:4049,264,1,0
BRDA:4060,265,0,0
BRDA:4060,265,1,0
BRDA:4075,266,0,0
BRDA:4085,267,0,0
BRDA:4085,267,1,0
BRDA:4086,268,0,0
BRDA:4086,268,1,0
BRDA:4091,269,0,0
BRDA:4091,269,1,0
BRDA:4113,270,0,0
BRDA:4113,270,1,0
BRDA:4118,271,0,0
BRDA:4118,271,1,0
BRDA:4165,272,0,0
BRDA:4165,272,1,0
BRDA:4171,273,0,0
BRDA:4171,273,1,0
BRDA:4171,274,0,0
BRDA:4171,274,1,0
BRDA:4179,275,0,0
BRDA:4179,275,1,0
BRDA:4203,276,0,0
BRDA:4203,276,1,0
BRDA:4203,277,0,0
BRDA:4203,277,1,0
BRDA:4207,278,0,0
BRDA:4207,278,1,0
BRDA:4207,279,0,0
BRDA:4207,279,1,0
BRDA:4211,280,0,0
BRDA:4211,280,1,0
BRDA:4211,281,0,0
BRDA:4211,281,1,0
BRDA:4215,282,0,0
BRDA:4215,282,1,0
BRDA:4215,283,0,0
BRDA:4215,283,1,0
BRDA:4216,284,0,0
BRDA:4216,284,1,0
BRDA:4218,285,0,0
BRDA:4218,285,1,0
BRDA:4231,286,0,0
BRDA:4231,286,1,0
BRDA:4236,287,0,0
BRDA:4236,287,1,0
BRDA:4238,288,0,0
BRDA:4238,288,1,0
BRDA:4244,289,0,0
BRDA:4244,289,1,0
BRDA:4273,290,0,0
BRDA:4273,290,1,0
BRDA:4279,291,0,0
BRDA:4279,291,1,0
BRDA:4294,292,0,0
BRDA:4294,292,1,0
BRDA:4300,293,0,0
BRDA:4300,293,1,0
BRDA:4307,294,0,0
BRDA:4307,294,1,0
BRDA:4308,295,0,0
BRDA:4308,295,1,0
BRDA:4309,296,0,0
BRDA:4309,296,1,0
BRDA:4310,297,0,0
BRDA:4310,297,1,0
BRDA:4311,298,0,0
BRDA:4311,298,1,0
BRDA:4315,299,0,0
BRDA:4315,299,1,0
BRDA:4327,300,0,0
BRDA:4327,300,1,0
BRDA:4327,300,2,0
BRDA:4327,300,3,0
BRDA:4327,300,4,0
BRDA:4327,300,5,0
BRDA:4333,301,0,0
BRDA:4333,301,1,0
BRDA:4359,302,0,0
BRDA:4359,302,1,0
BRDA:4369,303,0,0
BRDA:4369,303,1,0
BRDA:4377,304,0,0
BRDA:4377,304,1,0
BRDA:4379,305,0,0
BRDA:4379,305,1,0
BRDA:4394,306,0,0
BRDA:4394,306,1,0
BRDA:4394,307,0,0
BRDA:4394,307,1,0
BRDA:4394,307,2,0
BRDA:4402,308,0,0
BRDA:4402,308,1,0
BRDA:4441,309,0,0
BRDA:4441,309,1,0
BRDA:4462,310,0,0
BRDA:4462,310,1,0
BRDA:4474,311,0,0
BRDA:4474,311,1,0
BRDA:4520,312,0,0
BRDA:4520,312,1,0
BRDA:4522,313,0,0
BRDA:4522,313,1,0
BRDA:4549,314,0,0
BRDA:4549,314,1,0
BRDA:4550,315,0,0
BRDA:4550,315,1,0
BRDA:4556,316,0,0
BRDA:4556,316,1,0
BRDA:4562,317,0,0
BRDA:4562,317,1,0
BRDA:4568,318,0,0
BRDA:4568,318,1,0
BRDA:4574,319,0,0
BRDA:4574,319,1,0
BRDA:4580,320,0,0
BRDA:4580,320,1,0
BRDA:4597,321,0,0
BRDA:4597,321,1,0
BRDA:4659,322,0,0
BRDA:4659,322,1,0
BRDA:4674,323,0,0
BRDA:4674,323,1,0
BRDA:4675,324,0,0
BRDA:4675,324,1,0
BRDA:4676,325,0,0
BRDA:4676,325,1,0
BRDA:4711,326,0,0
BRDA:4711,326,1,0
BRDA:4739,327,0,0
BRDA:4742,328,0,0
BRDA:4742,328,1,0
BRDA:4750,329,0,0
BRDA:4750,329,1,0
BRDA:4750,330,0,0
BRDA:4750,330,1,0
BRDA:4761,331,0,0
BRDA:4761,331,1,0
BRDA:4807,332,0,0
BRDA:4807,332,1,0
BRDA:4809,333,0,0
BRDA:4809,333,1,0
BRDA:4819,334,0,0
BRDA:4819,334,1,0
BRDA:4820,335,0,0
BRDA:4820,335,1,0
BRDA:4821,336,0,0
BRDA:4821,336,1,0
BRDA:4825,337,0,0
BRDA:4825,337,1,0
BRDA:4827,338,0,0
BRDA:4827,338,1,0
BRDA:4865,339,0,0
BRDA:4865,339,1,0
BRDA:4866,340,0,0
BRDA:4866,340,1,0
BRDA:4868,341,0,0
BRDA:4868,341,1,0
BRDA:4875,342,0,0
BRDA:4875,342,1,0
BRDA:4884,343,0,0
BRDA:4884,343,1,0
BRDA:4884,344,0,0
BRDA:4884,344,1,0
BRDA:4892,345,0,0
BRDA:4892,345,1,0
BRDA:4898,346,0,0
BRDA:4898,346,1,0
BRDA:4913,347,0,0
BRDA:4913,347,1,0
BRDA:4916,348,0,0
BRDA:4916,348,1,0
BRDA:4918,349,0,0
BRDA:4918,349,1,0
BRDA:4938,350,0,0
BRDA:4938,350,1,0
BRDA:4941,351,0,0
BRDA:4941,351,1,0
BRDA:4941,352,0,0
BRDA:4941,352,1,0
BRDA:4941,353,0,0
BRDA:4941,353,1,0
BRDA:4944,354,0,0
BRDA:4944,354,1,0
BRDA:4944,355,0,0
BRDA:4944,355,1,0
BRDA:4947,356,0,0
BRDA:4947,356,1,0
BRDA:4947,357,0,0
BRDA:4947,357,1,0
BRDA:4947,358,0,0
BRDA:4947,358,1,0
BRDA:4973,359,0,0
BRDA:4973,359,1,0
BRDA:5003,360,0,0
BRDA:5003,360,1,0
BRDA:5003,360,2,0
BRDA:5003,360,3,0
BRDA:5005,361,0,0
BRDA:5005,361,1,0
BRDA:5005,362,0,0
BRDA:5005,362,1,0
BRDA:5019,363,0,0
BRDA:5019,363,1,0
BRDA:5027,364,0,0
BRDA:5027,364,1,0
BRDA:5028,365,0,0
BRDA:5028,365,1,0
BRDA:5077,366,0,0
BRDA:5077,366,1,0
BRDA:5088,367,0,0
BRDA:5088,367,1,0
BRDA:5088,368,0,0
BRDA:5088,368,1,0
BRDA:5088,369,0,0
BRDA:5088,369,1,0
BRDA:5093,370,0,0
BRDA:5093,370,1,0
BRDA:5093,371,0,0
BRDA:5093,371,1,0
BRDA:5093,372,0,0
BRDA:5093,372,1,0
BRDA:5098,373,0,0
BRDA:5098,373,1,0
BRDA:5098,374,0,0
BRDA:5098,374,1,0
BRDA:5098,375,0,0
BRDA:5098,375,1,0
BRDA:5103,376,0,0
BRDA:5103,376,1,0
BRDA:5104,377,0,0
BRDA:5104,377,1,0
BRDA:5105,378,0,0
BRDA:5105,378,1,0
BRDA:5105,379,0,0
BRDA:5105,379,1,0
BRDA:5111,380,0,0
BRDA:5111,380,1,0
BRDA:5113,381,0,0
BRDA:5113,381,1,0
BRDA:5120,382,0,0
BRDA:5120,382,1,0
BRDA:5120,383,0,0
BRDA:5120,383,1,0
BRDA:5124,384,0,0
BRDA:5124,384,1,0
BRDA:5130,385,0,0
BRDA:5130,385,1,0
BRDA:5161,386,0,0
BRDA:5161,386,1,0
BRDA:5167,387,0,0
BRDA:5167,387,1,0
BRDA:5177,388,0,0
BRDA:5177,388,1,0
BRDA:5188,389,0,0
BRDA:5188,389,1,0
BRDA:5203,390,0,0
BRDA:5203,390,1,0
BRDA:5213,391,0,0
BRDA:5213,391,1,0
BRDA:5219,392,0,0
BRDA:5219,392,1,0
BRDA:5255,393,0,0
BRDA:5255,393,1,0
BRDA:5256,394,0,0
BRDA:5256,394,1,0
BRDA:5260,395,0,0
BRDA:5260,395,1,0
BRDA:5260,396,0,0
BRDA:5260,396,1,0
BRDA:5266,397,0,0
BRDA:5266,397,1,0
BRDA:5267,398,0,0
BRDA:5267,398,1,0
BRDA:5271,399,0,0
BRDA:5271,399,1,0
BRDA:5271,400,0,0
BRDA:5271,400,1,0
BRDA:5277,401,0,0
BRDA:5277,401,1,0
BRDA:5278,402,0,0
BRDA:5278,402,1,0
BRDA:5282,403,0,0
BRDA:5282,403,1,0
BRDA:5282,404,0,0
BRDA:5282,404,1,0
BRDA:5288,405,0,0
BRDA:5288,405,1,0
BRDA:5289,406,0,0
BRDA:5289,406,1,0
BRDA:5301,407,0,0
BRDA:5301,407,1,0
BRDA:5303,408,0,0
BRDA:5303,408,1,0
BRDA:5305,409,0,0
BRDA:5305,409,1,0
BRDA:5305,410,0,0
BRDA:5305,410,1,0
BRDA:5314,411,0,0
BRDA:5314,411,1,0
BRDA:5317,412,0,0
BRDA:5317,412,1,0
BRDA:5317,413,0,0
BRDA:5317,413,1,0
BRDA:5323,414,0,0
BRDA:5323,414,1,0
BRDA:5328,415,0,0
BRDA:5328,415,1,0
BRDA:5330,416,0,0
BRDA:5330,416,1,0
BRDA:5337,417,0,0
BRDA:5337,417,1,0
BRDA:5347,418,0,0
BRDA:5347,418,1,0
BRDA:5353,419,0,0
BRDA:5353,419,1,0
BRDA:5365,420,0,0
BRDA:5365,420,1,0
BRDA:5366,421,0,0
BRDA:5366,421,1,0
BRDA:5367,422,0,0
BRDA:5367,422,1,0
BRDA:5368,423,0,0
BRDA:5368,423,1,0
BRDA:5369,424,0,0
BRDA:5369,424,1,0
BRDA:5370,425,0,0
BRDA:5370,425,1,0
BRF:862
BRH:0
end_of_record
TN:
SF:src\modules\TaskExecutor.ts
FN:10,(anonymous_0)
FN:67,(anonymous_1)
FN:83,(anonymous_2)
FN:85,(anonymous_3)
FN:91,(anonymous_4)
FN:100,(anonymous_5)
FN:115,(anonymous_6)
FN:129,(anonymous_7)
FN:147,(anonymous_8)
FN:158,(anonymous_9)
FN:159,(anonymous_10)
FN:168,(anonymous_11)
FN:169,(anonymous_12)
FN:170,(anonymous_13)
FN:189,(anonymous_14)
FN:235,(anonymous_15)
FN:246,(anonymous_16)
FN:267,(anonymous_17)
FN:328,(anonymous_18)
FN:387,(anonymous_19)
FN:439,(anonymous_20)
FN:488,(anonymous_21)
FN:537,(anonymous_22)
FN:590,(anonymous_23)
FN:639,(anonymous_24)
FN:676,(anonymous_25)
FN:685,(anonymous_26)
FN:686,(anonymous_27)
FN:692,(anonymous_28)
FN:695,(anonymous_29)
FN:696,(anonymous_30)
FN:704,(anonymous_31)
FN:711,(anonymous_32)
FN:718,(anonymous_33)
FN:725,(anonymous_34)
FN:765,(anonymous_35)
FN:772,(anonymous_36)
FN:779,(anonymous_37)
FN:786,(anonymous_38)
FN:788,(anonymous_39)
FN:789,(anonymous_40)
FN:795,(anonymous_41)
FN:800,(anonymous_42)
FN:810,(anonymous_43)
FN:811,(anonymous_44)
FN:817,(anonymous_45)
FN:818,(anonymous_46)
FN:824,(anonymous_47)
FN:831,(anonymous_48)
FN:839,(anonymous_49)
FN:856,(anonymous_50)
FN:857,(anonymous_51)
FN:863,(anonymous_52)
FN:875,(anonymous_53)
FN:888,(anonymous_54)
FN:902,(anonymous_55)
FN:918,(anonymous_56)
FN:925,(anonymous_57)
FN:938,(anonymous_58)
FN:957,(anonymous_59)
FN:970,(anonymous_60)
FN:972,(anonymous_61)
FNF:62
FNH:0
FNDA:0,(anonymous_0)
FNDA:0,(anonymous_1)
FNDA:0,(anonymous_2)
FNDA:0,(anonymous_3)
FNDA:0,(anonymous_4)
FNDA:0,(anonymous_5)
FNDA:0,(anonymous_6)
FNDA:0,(anonymous_7)
FNDA:0,(anonymous_8)
FNDA:0,(anonymous_9)
FNDA:0,(anonymous_10)
FNDA:0,(anonymous_11)
FNDA:0,(anonymous_12)
FNDA:0,(anonymous_13)
FNDA:0,(anonymous_14)
FNDA:0,(anonymous_15)
FNDA:0,(anonymous_16)
FNDA:0,(anonymous_17)
FNDA:0,(anonymous_18)
FNDA:0,(anonymous_19)
FNDA:0,(anonymous_20)
FNDA:0,(anonymous_21)
FNDA:0,(anonymous_22)
FNDA:0,(anonymous_23)
FNDA:0,(anonymous_24)
FNDA:0,(anonymous_25)
FNDA:0,(anonymous_26)
FNDA:0,(anonymous_27)
FNDA:0,(anonymous_28)
FNDA:0,(anonymous_29)
FNDA:0,(anonymous_30)
FNDA:0,(anonymous_31)
FNDA:0,(anonymous_32)
FNDA:0,(anonymous_33)
FNDA:0,(anonymous_34)
FNDA:0,(anonymous_35)
FNDA:0,(anonymous_36)
FNDA:0,(anonymous_37)
FNDA:0,(anonymous_38)
FNDA:0,(anonymous_39)
FNDA:0,(anonymous_40)
FNDA:0,(anonymous_41)
FNDA:0,(anonymous_42)
FNDA:0,(anonymous_43)
FNDA:0,(anonymous_44)
FNDA:0,(anonymous_45)
FNDA:0,(anonymous_46)
FNDA:0,(anonymous_47)
FNDA:0,(anonymous_48)
FNDA:0,(anonymous_49)
FNDA:0,(anonymous_50)
FNDA:0,(anonymous_51)
FNDA:0,(anonymous_52)
FNDA:0,(anonymous_53)
FNDA:0,(anonymous_54)
FNDA:0,(anonymous_55)
[...]
DA:335,0
DA:337,0
DA:340,0
DA:343,0
DA:357,0
DA:360,0
DA:361,0
DA:362,0
DA:365,0
DA:368,0
DA:369,0
DA:372,0
DA:373,0
DA:379,0
DA:386,0
DA:387,0
DA:388,0
DA:401,0
DA:402,0
DA:403,0
DA:415,0
DA:418,0
DA:419,0
DA:420,0
DA:440,0
DA:441,0
DA:463,0
DA:464,0
DA:484,0
DA:485,0
DA:486,0
DA:492,0
DA:493,0
DA:498,0
DA:500,0
DA:501,0
DA:506,0
DA:507,0
DA:509,0
DA:514,0
DA:515,0
DA:517,0
DA:522,0
DA:523,0
DA:524,0
DA:535,0
DA:543,0
DA:544,0
DA:550,0
DA:551,0
DA:552,0
DA:553,0
DA:554,0
DA:558,0
DA:560,0
DA:561,0
DA:562,0
DA:566,0
DA:567,0
DA:568,0
DA:572,0
DA:574,0
DA:575,0
DA:578,0
DA:579,0
DA:582,0
DA:583,0
DA:586,0
DA:587,0
DA:590,0
DA:594,0
DA:596,0
DA:597,0
DA:600,0
DA:601,0
DA:604,0
DA:605,0
DA:608,0
DA:609,0
DA:612,0
DA:616,0
DA:620,0
DA:621,0
DA:624,0
DA:628,0
DA:631,0
DA:634,0
DA:635,0
DA:638,0
DA:639,0
DA:642,0
DA:649,0
DA:652,0
DA:653,0
DA:663,0
DA:664,0
DA:674,0
DA:675,0
DA:679,0
DA:680,0
DA:689,0
DA:694,0
DA:696,0
DA:701,0
DA:708,0
DA:715,0
DA:717,0
LF:199
LH:0
BRDA:119,0,0,0
BRDA:119,0,1,0
BRDA:119,1,0,0
BRDA:119,1,1,0
BRDA:130,2,0,0
BRDA:130,2,1,0
BRDA:137,3,0,0
BRDA:137,3,1,0
BRDA:221,4,0,0
BRDA:221,4,1,0
BRDA:233,5,0,0
BRDA:233,5,1,0
BRDA:233,5,2,0
BRDA:263,6,0,0
BRDA:263,6,1,0
BRDA:267,7,0,0
BRDA:267,7,1,0
BRDA:270,8,0,0
BRDA:270,8,1,0
BRDA:271,9,0,0
BRDA:271,9,1,0
BRDA:274,10,0,0
BRDA:274,10,1,0
BRDA:285,11,0,0
BRDA:285,11,1,0
BRDA:292,12,0,0
BRDA:292,12,1,0
BRDA:300,13,0,0
BRDA:300,13,1,0
BRDA:300,14,0,0
BRDA:300,14,1,0
BRDA:302,15,0,0
BRDA:302,15,1,0
BRDA:336,16,0,0
BRDA:336,16,1,0
BRDA:338,17,0,0
BRDA:338,17,1,0
BRDA:339,18,0,0
BRDA:339,18,1,0
BRDA:341,19,0,0
BRDA:341,19,1,0
BRDA:342,20,0,0
BRDA:342,20,1,0
BRDA:344,21,0,0
BRDA:344,21,1,0
BRDA:365,22,0,0
BRDA:365,22,1,0
BRDA:369,23,0,0
BRDA:369,23,1,0
BRDA:369,24,0,0
BRDA:369,24,1,0
BRDA:372,25,0,0
BRDA:372,25,1,0
BRDA:377,26,0,0
BRDA:377,26,1,0
BRDA:379,27,0,0
BRDA:379,27,1,0
BRDA:381,28,0,0
BRDA:381,28,1,0
BRDA:387,29,0,0
BRDA:387,29,1,0
BRDA:392,30,0,0
BRDA:392,30,1,0
BRDA:419,31,0,0
BRDA:419,31,1,0
BRDA:424,32,0,0
BRDA:424,32,1,0
BRDA:430,33,0,0
BRDA:430,33,1,0
BRDA:430,34,0,0
BRDA:430,34,1,0
BRDA:440,35,0,0
BRDA:440,35,1,0
BRDA:451,36,0,0
BRDA:451,36,1,0
BRDA:451,37,0,0
BRDA:451,37,1,0
BRDA:463,38,0,0
BRDA:463,38,1,0
BRDA:492,39,0,0
BRDA:492,39,1,0
BRDA:498,40,0,0
BRDA:498,40,1,0
BRDA:507,41,0,0
BRDA:507,41,1,0
BRDA:515,42,0,0
BRDA:515,42,1,0
BRDA:550,43,0,0
BRDA:550,43,1,0
BRDA:558,44,0,0
BRDA:558,44,1,0
BRDA:566,45,0,0
BRDA:566,45,1,0
BRDA:574,46,0,0
BRDA:574,46,1,0
BRDA:578,47,0,0
BRDA:578,47,1,0
BRDA:582,48,0,0
BRDA:582,48,1,0
BRDA:586,49,0,0
BRDA:586,49,1,0
BRDA:596,50,0,0
BRDA:596,50,1,0
BRDA:600,51,0,0
BRDA:600,51,1,0
BRDA:604,52,0,0
BRDA:604,52,1,0
BRDA:608,53,0,0
BRDA:608,53,1,0
BRDA:616,54,0,0
BRDA:616,54,1,0
BRDA:628,55,0,0
BRDA:628,55,1,0
BRDA:634,56,0,0
BRDA:634,56,1,0
BRDA:638,57,0,0
BRDA:638,57,1,0
BRDA:652,58,0,0
BRDA:652,58,1,0
BRDA:663,59,0,0
BRDA:663,59,1,0
BRDA:675,60,0,0
BRDA:675,60,1,0
BRDA:679,61,0,0
BRDA:679,61,1,0
BRF:125
BRH:0
end_of_record
TN:
SF:src\services\PerformanceDataCollector.ts
FN:61,(anonymous_0)
FN:69,(anonymous_1)
FN:76,(anonymous_2)
FN:86,(anonymous_3)
FN:103,(anonymous_4)
FN:138,(anonymous_5)
FN:173,(anonymous_6)
FN:184,(anonymous_7)
FN:212,(anonymous_8)
FN:240,(anonymous_9)
FN:268,(anonymous_10)
FN:270,(anonymous_11)
FN:276,(anonymous_12)
FN:283,(anonymous_13)
FN:292,(anonymous_14)
FN:297,(anonymous_15)
FN:302,(anonymous_16)
FN:311,(anonymous_17)
FN:316,(anonymous_18)
FN:321,(anonymous_19)
FN:326,(anonymous_20)
FN:331,(anonymous_21)
FN:337,(anonymous_22)
FN:342,(anonymous_23)
FN:352,(anonymous_24)
FN:358,(anonymous_25)
FN:363,(anonymous_26)
FN:368,(anonymous_27)
FN:376,(anonymous_28)
FN:397,(anonymous_29)
FNF:30
FNH:0
FNDA:0,(anonymous_0)
FNDA:0,(anonymous_1)
FNDA:0,(anonymous_2)
FNDA:0,(anonymous_3)
FNDA:0,(anonymous_4)
FNDA:0,(anonymous_5)
FNDA:0,(anonymous_6)
FNDA:0,(anonymous_7)
FNDA:0,(anonymous_8)
FNDA:0,(anonymous_9)
FNDA:0,(anonymous_10)
FNDA:0,(anonymous_11)
FNDA:0,(anonymous_12)
FNDA:0,(anonymous_13)
FNDA:0,(anonymous_14)
FNDA:0,(anonymous_15)
FNDA:0,(anonymous_16)
FNDA:0,(anonymous_17)
FNDA:0,(anonymous_18)
FNDA:0,(anonymous_19)
FNDA:0,(anonymous_20)
FNDA:0,(anonymous_21)
FNDA:0,(anonymous_22)
FNDA:0,(anonymous_23)
FNDA:0,(anonymous_24)
FNDA:0,(anonymous_25)
FNDA:0,(anonymous_26)
FNDA:0,(anonymous_27)
FNDA:0,(anonymous_28)
FNDA:0,(anonymous_29)
DA:54,0
DA:55,0
DA:56,0
DA:57,0
DA:58,0
DA:59,0
DA:62,0
DA:63,0
DA:70,0
DA:72,0
DA:73,0
DA:76,0
DA:77,0
DA:80,0
DA:87,0
DA:89,0
DA:91,0
DA:92,0
DA:93,0
DA:96,0
DA:97,0
DA:108,0
DA:110,0
DA:124,0
DA:127,0
DA:129,0
DA:130,0
DA:132,0
DA:143,0
DA:144,0
DA:145,0
DA:148,0
DA:149,0
DA:162,0
DA:164,0
DA:165,0
DA:167,0
DA:179,0
DA:180,0
DA:181,0
DA:184,0
DA:185,0
DA:186,0
DA:189,0
DA:190,0
DA:191,0
DA:192,0
DA:193,0
DA:195,0
DA:196,0
DA:200,0
DA:203,0
DA:205,0
DA:206,0
DA:216,0
DA:217,0
DA:218,0
DA:221,0
DA:222,0
DA:223,0
DA:226,0
DA:229,0
DA:231,0
DA:232,0
DA:234,0
DA:241,0
DA:242,0
DA:252,0
DA:255,0
DA:256,0
DA:259,0
DA:261,0
DA:269,0
DA:270,0
DA:277,0
DA:284,0
DA:293,0
DA:299,0
DA:304,0
DA:313,0
DA:317,0
DA:318,0
DA:323,0
DA:328,0
DA:333,0
DA:334,0
DA:339,0
DA:344,0
DA:354,0
DA:360,0
DA:365,0
DA:370,0
DA:383,0
DA:385,0
DA:398,0
DA:400,0
LF:96
LH:0
BRDA:70,0,0,0
BRDA:70,0,1,0
BRDA:87,1,0,0
BRDA:87,1,1,0
BRDA:91,2,0,0
BRDA:91,2,1,0
BRDA:144,3,0,0
BRDA:144,3,1,0
BRDA:180,4,0,0
BRDA:180,4,1,0
BRDA:185,5,0,0
BRDA:185,5,1,0
BRDA:195,6,0,0
BRDA:195,6,1,0
BRDA:205,7,0,0
BRDA:205,7,1,0
BRDA:217,8,0,0
BRDA:217,8,1,0
BRDA:255,9,0,0
BRDA:255,9,1,0
BRDA:268,10,0,0
BRDA:284,11,0,0
BRDA:284,11,1,0
BRDA:397,12,0,0
BRF:24
BRH:0
end_of_record
TN:
SF:src\services\StrategyAnalyzer.ts
FN:13,(anonymous_0)
FN:20,(anonymous_1)
FN:60,(anonymous_2)
FN:61,(anonymous_3)
FN:81,(anonymous_4)
FN:126,(anonymous_5)
FN:225,(anonymous_6)
FN:290,(anonymous_7)
FN:371,(anonymous_8)
FN:436,(anonymous_9)
FN:477,(anonymous_10)
FN:494,(anonymous_11)
FN:535,(anonymous_12)
FN:549,(anonymous_13)
FN:564,(anonymous_14)
FN:571,(anonymous_15)
FN:574,(anonymous_16)
FN:587,(anonymous_17)
FN:600,(anonymous_18)
FN:605,(anonymous_19)
FN:618,(anonymous_20)
FN:656,(anonymous_21)
FN:659,(anonymous_22)
FN:682,(anonymous_23)
FN:691,(anonymous_24)
FN:697,(anonymous_25)
FN:699,(anonymous_26)
FN:703,(anonymous_27)
FN:709,(anonymous_28)
FN:713,(anonymous_29)
FN:714,(anonymous_30)
FN:717,(anonymous_31)
FN:718,(anonymous_32)
FN:724,(anonymous_33)
FN:734,(anonymous_34)
FN:737,(anonymous_35)
FN:752,(anonymous_36)
FN:759,(anonymous_37)
FN:770,(anonymous_38)
FN:777,(anonymous_39)
FN:781,(anonymous_40)
FN:790,(anonymous_41)
FN:812,(anonymous_42)
FN:821,(anonymous_43)
FN:842,(anonymous_44)
FN:855,(anonymous_45)
FNF:46
FNH:0
FNDA:0,(anonymous_0)
FNDA:0,(anonymous_1)
FNDA:0,(anonymous_2)
FNDA:0,(anonymous_3)
FNDA:0,(anonymous_4)
FNDA:0,(anonymous_5)
FNDA:0,(anonymous_6)
FNDA:0,(anonymous_7)
FNDA:0,(anonymous_8)
FNDA:0,(anonymous_9)
FNDA:0,(anonymous_10)
FNDA:0,(anonymous_11)
FNDA:0,(anonymous_12)
FNDA:0,(anonymous_13)
FNDA:0,(anonymous_14)
FNDA:0,(anonymous_15)
FNDA:0,(anonymous_16)
FNDA:0,(anonymous_17)
FNDA:0,(anonymous_18)
FNDA:0,(anonymous_19)
FNDA:0,(anonymous_20)
FNDA:0,(anonymous_21)
FNDA:0,(anonymous_22)
FNDA:0,(anonymous_23)
FNDA:0,(anonymous_24)
FNDA:0,(anonymous_25)
FNDA:0,(anonymous_26)
FNDA:0,(anonymous_27)
FNDA:0,(anonymous_28)
FNDA:0,(anonymous_29)
FNDA:0,(anonymous_30)
FNDA:0,(anonymous_31)
FNDA:0,(anonymous_32)
FNDA:0,(anonymous_33)
FNDA:0,(anonymous_34)
FNDA:0,(anonymous_35)
FNDA:0,(anonymous_36)
FNDA:0,(anonymous_37)
FNDA:0,(anonymous_38)
FNDA:0,(anonymous_39)
FNDA:0,(anonymous_40)
FNDA:0,(anonymous_41)
FNDA:0,(anonymous_42)
FNDA:0,(anonymous_43)
FNDA:0,(anonymous_44)
FNDA:0,(anonymous_45)
DA:9,0
DA:10,0
DA:11,0
DA:14,0
DA:21,0
DA:23,0
DA:25,0
DA:27,0
DA:28,0
DA:29,0
DA:32,0
DA:35,0
DA:38,0
DA:39,0
DA:40,0
DA:41,0
DA:42,0
DA:43,0
DA:46,0
DA:50,0
DA:51,0
DA:54,0
DA:57,0
DA:60,0
DA:61,0
DA:67,0
DA:68,0
DA:71,0
DA:72,0
DA:74,0
DA:83,0
DA:88,0
DA:90,0
DA:91,0
DA:93,0
DA:94,0
DA:96,0
DA:97,0
DA:99,0
DA:100,0
DA:102,0
DA:105,0
DA:120,0
DA:127,0
DA:128,0
DA:219,0
DA:226,0
DA:227,0
DA:284,0
DA:291,0
DA:292,0
DA:365,0
DA:372,0
DA:373,0
DA:430,0
DA:437,0
DA:438,0
DA:478,0
DA:480,0
DA:481,0
DA:482,0
DA:485,0
DA:488,0
DA:496,0
DA:497,0
DA:498,0
DA:499,0
DA:500,0
DA:504,0
DA:511,0
DA:529,0
DA:536,0
DA:537,0
DA:539,0
DA:540,0
DA:541,0
DA:542,0
DA:543,0
DA:550,0
DA:552,0
DA:555,0
DA:556,0
DA:557,0
DA:558,0
DA:565,0
DA:573,0
DA:574,0
DA:575,0
DA:578,0
DA:579,0
DA:581,0
DA:589,0
DA:591,0
DA:592,0
DA:593,0
DA:594,0
DA:601,0
DA:602,0
DA:604,0
DA:605,0
DA:606,0
DA:607,0
DA:608,0
DA:612,0
DA:619,0
DA:657,0
DA:659,0
DA:660,0
DA:662,0
DA:663,0
DA:666,0
DA:667,0
DA:670,0
DA:671,0
DA:674,0
DA:675,0
DA:678,0
DA:683,0
DA:684,0
DA:693,0
DA:694,0
DA:698,0
DA:699,0
DA:700,0
DA:705,0
DA:706,0
DA:710,0
DA:714,0
DA:718,0
DA:719,0
DA:721,0
DA:726,0
DA:727,0
DA:728,0
DA:729,0
DA:731,0
DA:735,0
DA:737,0
DA:738,0
DA:739,0
DA:741,0
DA:742,0
DA:744,0
DA:745,0
DA:749,0
DA:753,0
DA:755,0
DA:756,0
DA:759,0
DA:760,0
DA:763,0
DA:764,0
DA:767,0
DA:771,0
DA:773,0
DA:774,0
DA:777,0
DA:778,0
DA:781,0
DA:782,0
DA:785,0
DA:791,0
DA:793,0
DA:794,0
DA:795,0
DA:796,0
DA:798,0
DA:801,0
DA:802,0
DA:805,0
DA:806,0
DA:809,0
DA:813,0
DA:822,0
DA:824,0
DA:825,0
DA:828,0
DA:829,0
DA:832,0
DA:833,0
DA:836,0
DA:846,0
DA:856,0
DA:857,0
DA:858,0
LF:185
LH:0
BRDA:20,0,0,0
BRDA:28,1,0,0
BRDA:28,1,1,0
BRDA:61,2,0,0
BRDA:61,2,1,0
BRDA:88,3,0,0
BRDA:88,3,1,0
BRDA:88,3,2,0
BRDA:88,3,3,0
BRDA:88,3,4,0
BRDA:136,4,0,0
BRDA:136,4,1,0
BRDA:139,5,0,0
BRDA:139,5,1,0
BRDA:158,6,0,0
BRDA:158,6,1,0
BRDA:161,7,0,0
BRDA:161,7,1,0
BRDA:202,8,0,0
BRDA:202,8,1,0
BRDA:235,9,0,0
BRDA:235,9,1,0
BRDA:238,10,0,0
BRDA:238,10,1,0
BRDA:273,11,0,0
BRDA:273,11,1,0
BRDA:466,12,0,0
BRDA:466,12,1,0
BRDA:537,13,0,0
BRDA:537,13,1,0
BRDA:539,14,0,0
BRDA:539,14,1,0
BRDA:540,15,0,0
BRDA:540,15,1,0
BRDA:541,16,0,0
BRDA:541,16,1,0
BRDA:542,17,0,0
BRDA:542,17,1,0
BRDA:552,18,0,0
BRDA:552,18,1,0
BRDA:553,19,0,0
BRDA:553,19,1,0
BRDA:555,20,0,0
BRDA:555,20,1,0
BRDA:556,21,0,0
BRDA:556,21,1,0
BRDA:557,22,0,0
BRDA:557,22,1,0
BRDA:575,23,0,0
BRDA:575,23,1,0
BRDA:589,24,0,0
BRDA:589,24,1,0
BRDA:591,25,0,0
BRDA:591,25,1,0
BRDA:592,26,0,0
BRDA:592,26,1,0
BRDA:593,27,0,0
BRDA:593,27,1,0
BRDA:606,28,0,0
BRDA:606,28,1,0
BRDA:606,29,0,0
BRDA:606,29,1,0
BRDA:660,30,0,0
BRDA:660,30,1,0
BRDA:662,31,0,0
BRDA:662,31,1,0
BRDA:666,32,0,0
BRDA:666,32,1,0
BRDA:670,33,0,0
BRDA:670,33,1,0
BRDA:674,34,0,0
BRDA:674,34,1,0
BRDA:698,35,0,0
BRDA:698,35,1,0
BRDA:714,36,0,0
BRDA:714,36,1,0
BRDA:719,37,0,0
BRDA:719,37,1,0
BRDA:729,38,0,0
BRDA:729,38,1,0
BRDA:738,39,0,0
BRDA:738,39,1,0
BRDA:741,40,0,0
BRDA:741,40,1,0
BRDA:744,41,0,0
BRDA:744,41,1,0
BRDA:755,42,0,0
BRDA:755,42,1,0
BRDA:755,43,0,0
BRDA:755,43,1,0
BRDA:759,44,0,0
BRDA:759,44,1,0
BRDA:763,45,0,0
BRDA:763,45,1,0
BRDA:773,46,0,0
BRDA:773,46,1,0
BRDA:777,47,0,0
BRDA:777,47,1,0
BRDA:781,48,0,0
BRDA:781,48,1,0
BRDA:793,49,0,0
BRDA:793,49,1,0
BRDA:795,50,0,0
BRDA:795,50,1,0
BRDA:801,51,0,0
BRDA:801,51,1,0
BRDA:805,52,0,0
BRDA:805,52,1,0
BRDA:824,53,0,0
BRDA:824,53,1,0
BRDA:828,54,0,0
BRDA:828,54,1,0
BRDA:832,55,0,0
BRDA:832,55,1,0
BRF:114
BRH:0
end_of_record
TN:
SF:src\services\StrategyDataInitializer.ts
FN:41,(anonymous_0)
FN:49,(anonymous_1)
FN:53,(anonymous_2)
FN:66,(anonymous_3)
FN:87,(anonymous_4)
FN:104,(anonymous_5)
FN:137,(anonymous_6)
FN:141,(anonymous_7)
FN:187,(anonymous_8)
FN:207,(anonymous_9)
FN:215,(anonymous_10)
FN:216,(anonymous_11)
FN:223,(anonymous_12)
FN:255,(anonymous_13)
FNF:14
FNH:0
FNDA:0,(anonymous_0)
FNDA:0,(anonymous_1)
FNDA:0,(anonymous_2)
FNDA:0,(anonymous_3)
FNDA:0,(anonymous_4)
FNDA:0,(anonymous_5)
FNDA:0,(anonymous_6)
FNDA:0,(anonymous_7)
FNDA:0,(anonymous_8)
FNDA:0,(anonymous_9)
FNDA:0,(anonymous_10)
FNDA:0,(anonymous_11)
FNDA:0,(anonymous_12)
FNDA:0,(anonymous_13)
DA:38,0
DA:39,0
DA:42,0
DA:43,0
DA:50,0
DA:52,0
DA:53,0
DA:56,0
DA:58,0
DA:59,0
DA:67,0
DA:68,0
DA:69,0
DA:70,0
DA:73,0
DA:74,0
DA:76,0
DA:77,0
DA:79,0
DA:80,0
DA:88,0
DA:89,0
DA:91,0
DA:92,0
DA:93,0
DA:94,0
DA:97,0
DA:98,0
DA:100,0
DA:101,0
DA:103,0
DA:104,0
DA:105,0
DA:108,0
DA:109,0
DA:129,0
DA:130,0
DA:131,0
DA:132,0
DA:135,0
DA:137,0
DA:141,0
DA:166,0
DA:167,0
DA:169,0
DA:172,0
DA:173,0
DA:177,0
DA:179,0
DA:180,0
DA:188,0
DA:189,0
DA:192,0
DA:195,0
DA:197,0
DA:199,0
DA:200,0
DA:213,0
DA:214,0
DA:215,0
DA:216,0
DA:217,0
DA:218,0
DA:221,0
DA:222,0
DA:223,0
DA:224,0
DA:225,0
DA:230,0
DA:231,0
DA:235,0
DA:242,0
DA:243,0
DA:260,0
DA:261,0
DA:263,0
DA:264,0
DA:266,0
DA:267,0
DA:268,0
DA:271,0
DA:273,0
DA:274,0
DA:275,0
DA:278,0
DA:279,0
DA:283,0
DA:284,0
DA:285,0
DA:288,0
DA:289,0
DA:292,0
DA:293,0
DA:298,0
DA:304,0
DA:305,0
LF:96
LH:0
BRDA:68,0,0,0
BRDA:68,0,1,0
BRDA:92,1,0,0
BRDA:92,1,1,0
BRDA:108,2,0,0
BRDA:108,2,1,0
BRDA:135,3,0,0
BRDA:135,3,1,0
BRDA:135,4,0,0
BRDA:135,4,1,0
BRDA:146,5,0,0
BRDA:146,5,1,0
BRDA:149,6,0,0
BRDA:149,6,1,0
BRDA:149,7,0,0
BRDA:149,7,1,0
BRDA:151,8,0,0
BRDA:151,8,1,0
BRDA:151,9,0,0
BRDA:151,9,1,0
BRDA:152,10,0,0
BRDA:152,10,1,0
BRDA:152,11,0,0
BRDA:152,11,1,0
BRDA:153,12,0,0
BRDA:153,12,1,0
BRDA:153,13,0,0
BRDA:153,13,1,0
BRDA:224,14,0,0
BRDA:224,14,1,0
BRDA:225,15,0,0
BRDA:225,15,1,0
BRDA:232,16,0,0
BRDA:232,16,1,0
BRDA:266,17,0,0
BRDA:266,17,1,0
BRDA:273,18,0,0
BRDA:273,18,1,0
BRDA:273,19,0,0
BRDA:273,19,1,0
BRDA:278,20,0,0
BRDA:278,20,1,0
BRDA:284,21,0,0
BRDA:284,21,1,0
BRDA:284,22,0,0
BRDA:284,22,1,0
BRDA:284,22,2,0
BRDA:284,22,3,0
BRDA:288,23,0,0
BRDA:288,23,1,0
BRDA:288,24,0,0
BRDA:288,24,1,0
BRDA:292,25,0,0
BRDA:292,25,1,0
BRF:54
BRH:0
end_of_record
TN:
SF:src\services\TaskInfoCollector.ts
FN:35,(anonymous_0)
FN:42,(anonymous_1)
FN:76,(anonymous_2)
FN:89,(anonymous_3)
FN:102,(anonymous_4)
FN:115,(anonymous_5)
FN:128,(anonymous_6)
FN:151,(anonymous_7)
FN:176,(anonymous_8)
FN:228,(anonymous_9)
FN:280,(anonymous_10)
FN:331,(anonymous_11)
FN:362,(anonymous_12)
FN:375,(anonymous_13)
FN:384,(anonymous_14)
FN:399,(anonymous_15)
FNF:16
FNH:0
FNDA:0,(anonymous_0)
FNDA:0,(anonymous_1)
FNDA:0,(anonymous_2)
FNDA:0,(anonymous_3)
FNDA:0,(anonymous_4)
FNDA:0,(anonymous_5)
FNDA:0,(anonymous_6)
FNDA:0,(anonymous_7)
FNDA:0,(anonymous_8)
FNDA:0,(anonymous_9)
FNDA:0,(anonymous_10)
FNDA:0,(anonymous_11)
FNDA:0,(anonymous_12)
FNDA:0,(anonymous_13)
FNDA:0,(anonymous_14)
FNDA:0,(anonymous_15)
DA:31,0
DA:32,0
DA:33,0
DA:36,0
DA:43,0
DA:44,0
DA:45,0
DA:48,0
DA:49,0
DA:51,0
DA:53,0
DA:56,0
DA:59,0
DA:62,0
DA:64,0
DA:66,0
DA:67,0
DA:69,0
DA:77,0
DA:79,0
DA:81,0
DA:82,0
DA:90,0
DA:92,0
DA:94,0
DA:95,0
DA:103,0
DA:105,0
DA:107,0
DA:108,0
DA:116,0
DA:118,0
DA:120,0
DA:121,0
DA:129,0
DA:130,0
DA:149,0
DA:151,0
DA:152,0
DA:156,0
DA:158,0
DA:162,0
DA:165,0
DA:166,0
DA:169,0
DA:178,0
DA:229,0
DA:281,0
DA:332,0
DA:366,0
DA:376,0
DA:377,0
DA:378,0
DA:390,0
DA:392,0
DA:399,0
DA:401,0
DA:404,0
DA:407,0
DA:408,0
DA:411,0
LF:61
LH:0
BRDA:43,0,0,0
BRDA:43,0,1,0
BRDA:136,1,0,0
BRDA:136,1,1,0
BRDA:137,2,0,0
BRDA:137,2,1,0
BRDA:138,3,0,0
BRDA:138,3,1,0
BRDA:139,4,0,0
BRDA:139,4,1,0
BRDA:140,5,0,0
BRDA:140,5,1,0
BRDA:144,6,0,0
BRDA:144,6,1,0
BRDA:152,7,0,0
BRDA:152,7,1,0
BRDA:156,8,0,0
BRDA:156,8,1,0
BRDA:401,9,0,0
BRDA:401,9,1,0
BRDA:404,10,0,0
BRDA:404,10,1,0
BRDA:407,11,0,0
BRDA:407,11,1,0
BRDA:408,12,0,0
BRDA:408,12,1,0
BRF:26
BRH:0
end_of_record
TN:
SF:src\test\integration-test.ts
FN:14,testModuleIntegration
FN:120,testModuleConfiguration
FN:162,runTests
FNF:3
FNH:0
FNDA:0,testModuleIntegration
FNDA:0,testModuleConfiguration
FNDA:0,runTests
DA:15,0
DA:17,0
DA:19,0
DA:22,0
DA:23,0
DA:24,0
DA:25,0
DA:27,0
DA:28,0
DA:29,0
DA:32,0
DA:33,0
DA:34,0
DA:36,0
DA:38,0
DA:39,0
DA:40,0
DA:42,0
DA:43,0
DA:44,0
DA:47,0
DA:48,0
DA:49,0
DA:50,0
DA:52,0
DA:53,0
DA:54,0
DA:57,0
DA:61,0
DA:62,0
DA:63,0
DA:65,0
DA:66,0
DA:67,0
DA:73,0
DA:74,0
DA:93,0
DA:94,0
DA:95,0
DA:97,0
DA:101,0
DA:102,0
DA:103,0
DA:106,0
DA:107,0
DA:108,0
DA:110,0
DA:113,0
DA:121,0
DA:123,0
DA:124,0
DA:125,0
DA:126,0
DA:127,0
DA:130,0
DA:131,0
DA:132,0
DA:135,0
DA:136,0
DA:137,0
DA:140,0
DA:141,0
DA:144,0
DA:145,0
DA:146,0
DA:149,0
DA:150,0
DA:152,0
DA:155,0
DA:163,0
DA:164,0
DA:165,0
DA:167,0
DA:168,0
DA:170,0
DA:174,0
DA:175,0
LF:77
LH:0
BRDA:36,0,0,0
BRDA:36,0,1,0
BRDA:42,1,0,0
BRDA:42,1,1,0
BRDA:52,2,0,0
BRDA:52,2,1,0
BRDA:65,3,0,0
BRDA:65,3,1,0
BRDA:174,4,0,0
BRDA:174,4,1,0
BRF:10
BRH:0
end_of_record
TN:
SF:src\types\index.ts
FN:28,(anonymous_0)
FNF:1
FNH:1
FNDA:1,(anonymous_0)
DA:28,1
DA:29,1
DA:30,1
DA:31,1
DA:32,1
DA:33,1
DA:34,1
LF:7
LH:7
BRDA:28,0,0,1
BRDA:28,0,1,1
BRF:2
BRH:2
end_of_record
TN:
SF:src\utils\active-win-compat.ts
FN:4,(anonymous_0)
FNF:1
FNH:0
FNDA:0,(anonymous_0)
DA:4,0
LF:1
LH:0
BRF:0
BRH:0
end_of_record
TN:
SF:src\utils\browserCompat.ts
FN:7,(anonymous_0)
FN:12,(anonymous_1)
FN:16,(anonymous_2)
FN:17,(anonymous_3)
FN:18,(anonymous_4)
FN:19,(anonymous_5)
FN:20,(anonymous_6)
FN:21,(anonymous_7)
FN:25,(anonymous_8)
FN:30,(anonymous_9)
FN:36,(anonymous_10)
FN:41,(anonymous_11)
FN:56,safeRequire
FNF:13
FNH:0
FNDA:0,(anonymous_0)
FNDA:0,(anonymous_1)
FNDA:0,(anonymous_2)
FNDA:0,(anonymous_3)
FNDA:0,(anonymous_4)
FNDA:0,(anonymous_5)
FNDA:0,(anonymous_6)
FNDA:0,(anonymous_7)
FNDA:0,(anonymous_8)
FNDA:0,(anonymous_9)
FNDA:0,(anonymous_10)
FNDA:0,(anonymous_11)
FNDA:0,safeRequire
DA:3,0
DA:4,0
DA:7,0
DA:12,0
DA:15,0
DA:16,0
DA:17,0
DA:18,0
DA:19,0
DA:20,0
DA:21,0
DA:25,0
DA:28,0
DA:30,0
DA:35,0
DA:36,0
DA:40,0
DA:41,0
DA:45,0
DA:57,0
DA:58,0
DA:61,0
DA:62,0
DA:64,0
DA:65,0
LF:25
LH:0
BRDA:57,0,0,0
BRDA:57,0,1,0
BRDA:58,1,0,0
BRDA:58,1,1,0
BRDA:65,2,0,0
BRDA:65,2,1,0
BRF:6
BRH:0
end_of_record
TN:
SF:src\utils\child-process-compat.ts
FN:4,(anonymous_0)
FNF:1
FNH:0
FNDA:0,(anonymous_0)
DA:4,0
DA:7,0
LF:2
LH:0
BRF:0
BRH:0
end_of_record
TN:
SF:src\utils\cn.ts
FN:4,cn
FNF:1
FNH:0
FNDA:0,cn
DA:5,0
LF:1
LH:0
BRF:0
BRH:0
end_of_record
TN:
SF:src\utils\crypto-compat.ts
FN:4,(anonymous_0)
FN:7,(anonymous_1)
FN:8,(anonymous_2)
FNF:3
FNH:0
FNDA:0,(anonymous_0)
FNDA:0,(anonymous_1)
FNDA:0,(anonymous_2)
DA:4,0
DA:5,0
DA:6,0
DA:7,0
DA:9,0
DA:11,0
DA:12,0
DA:13,0
DA:14,0
DA:15,0
DA:16,0
DA:18,0
DA:20,0
DA:27,0
LF:14
LH:0
BRDA:11,0,0,0
BRDA:11,0,1,0
BRF:2
BRH:0
end_of_record
TN:
SF:src\utils\fs-compat.ts
FN:4,(anonymous_0)
FN:10,(anonymous_1)
FN:15,(anonymous_2)
FN:20,(anonymous_3)
FNF:4
FNH:0
FNDA:0,(anonymous_0)
FNDA:0,(anonymous_1)
FNDA:0,(anonymous_2)
FNDA:0,(anonymous_3)
DA:4,0
DA:5,0
DA:7,0
DA:10,0
DA:11,0
DA:12,0
DA:15,0
DA:16,0
DA:17,0
DA:20,0
DA:21,0
DA:22,0
DA:26,0
LF:13
LH:0
BRF:0
BRH:0
end_of_record
TN:
SF:src\utils\node-window-manager-compat.ts
FN:5,(anonymous_0)
FNF:1
FNH:0
FNDA:0,(anonymous_0)
DA:4,0
DA:5,0
DA:9,0
LF:3
LH:0
BRF:0
BRH:0
end_of_record
TN:
SF:src\utils\path-compat.ts
FN:4,(anonymous_0)
FN:5,(anonymous_1)
FN:8,(anonymous_2)
FN:9,(anonymous_3)
FN:12,(anonymous_4)
FN:17,(anonymous_5)
FN:26,(anonymous_6)
FN:31,(anonymous_7)
FN:35,(anonymous_8)
FNF:9
FNH:0
FNDA:0,(anonymous_0)
FNDA:0,(anonymous_1)
FNDA:0,(anonymous_2)
FNDA:0,(anonymous_3)
FNDA:0,(anonymous_4)
FNDA:0,(anonymous_5)
FNDA:0,(anonymous_6)
FNDA:0,(anonymous_7)
FNDA:0,(anonymous_8)
DA:4,0
DA:5,0
DA:8,0
DA:9,0
DA:12,0
DA:13,0
DA:14,0
DA:17,0
DA:18,0
DA:19,0
DA:20,0
DA:21,0
DA:23,0
DA:26,0
DA:27,0
DA:28,0
DA:31,0
DA:32,0
DA:35,0
DA:36,0
DA:40,0
LF:21
LH:0
BRDA:14,0,0,0
BRDA:14,0,1,0
BRDA:19,1,0,0
BRDA:19,1,1,0
BRDA:20,2,0,0
BRDA:20,2,1,0
BRDA:20,3,0,0
BRDA:20,3,1,0
BRDA:28,4,0,0
BRDA:28,4,1,0
BRDA:36,5,0,0
BRDA:36,5,1,0
BRF:12
BRH:0
end_of_record
TN:
SF:src\utils\ps-list-compat.ts
FN:4,(anonymous_0)
FNF:1
FNH:0
FNDA:0,(anonymous_0)
DA:4,0
LF:1
LH:0
BRF:0
BRH:0
end_of_record
TN:
SF:src\utils\robotjs-compat.ts
FN:5,(anonymous_0)
FN:8,(anonymous_1)
FN:11,(anonymous_2)
FN:14,(anonymous_3)
FN:17,(anonymous_4)
FN:20,(anonymous_5)
FNF:6
FNH:0
FNDA:0,(anonymous_0)
FNDA:0,(anonymous_1)
FNDA:0,(anonymous_2)
FNDA:0,(anonymous_3)
FNDA:0,(anonymous_4)
FNDA:0,(anonymous_5)
DA:4,0
LF:1
LH:0
BRF:0
BRH:0
end_of_record
TN:
SF:src\utils\screenshot-desktop-compat.ts
FN:4,(anonymous_0)
FNF:1
FNH:0
FNDA:0,(anonymous_0)
DA:4,0
LF:1
LH:0
BRF:0
BRH:0
end_of_record
TN:
SF:src\utils\util-compat.ts
FN:4,(anonymous_0)
FNF:1
FNH:0
FNDA:0,(anonymous_0)
DA:4,0
DA:7,0
LF:2
LH:0
BRF:0
BRH:0
end_of_record
